#
# A fatal error has been detected by the Java Runtime Environment:
#
#  EXCEPTION_ACCESS_VIOLATION (0xc0000005) at pc=0x0000000051473982, pid=860, tid=9792
#
# JRE version: Java(TM) SE Runtime Environment (8.0_77-b03) (build 1.8.0_77-b03)
# Java VM: Java HotSpot(TM) 64-Bit Server VM (25.77-b03 mixed mode windows-amd64 compressed oops)
# Problematic frame:
# V  [jvm.dll+0x143982]
#
# Failed to write core dump. Minidumps are not enabled by default on client versions of Windows
#
# If you would like to submit a bug report, please visit:
#   http://bugreport.java.com/bugreport/crash.jsp
#

---------------  T H R E A D  ---------------

Current thread (0x0000000028268000):  JavaThread "JavaFX Application Thread" [_thread_in_vm, id=9792, stack(0x00000000291a0000,0x00000000292a0000)]

siginfo: ExceptionCode=0xc0000005, reading address 0x0000000000000000

Registers:
RAX=0x0000000000000000, RBX=0x0000000028268000, RCX=0x0000000000000800, RDX=0x0000000000000000
RSP=0x000000002929c570, RBP=0x0000000000000000, RSI=0x0000000000000000, RDI=0x0000000000000000
R8 =0x0000000000000000, R9 =0x0000000716ec4ff8, R10=0x0000000000000024, R11=0x0000000051b322a8
R12=0x0000000000000000, R13=0x0000000025112218, R14=0x000000002929c710, R15=0x0000000028268000
RIP=0x0000000051473982, EFLAGS=0x0000000000010202

Top of Stack: (sp=0x000000002929c570)
0x000000002929c570:   000000002929c630 0000000051509c47
0x000000002929c580:   000000002929c630 000000006d5820c0
0x000000002929c590:   0000000028268000 0000000000000000
0x000000002929c5a0:   0000000025112218 0000000028268000
0x000000002929c5b0:   0000000028268000 0000000028279ac0
0x000000002929c5c0:   0000000025112220 000000002929c710
0x000000002929c5d0:   000000002825c7c0 00000000282681f8
0x000000002929c5e0:   0000000000adcd08 000000006d5820f0
0x000000002929c5f0:   000000002929c710 0000000000000000
0x000000002929c600:   0000000025112220 00000000282681f8
0x000000002929c610:   0000000025112220 0000000028268000
0x000000002929c620:   0000000002447730 00000000024567c9
0x000000002929c630:   0000000000000000 0000000025112220
0x000000002929c640:   0000000050200021 0000000002447730
0x000000002929c650:   000000002929c6e8 0000000002456937
0x000000002929c660:   0000000050200021 0000000002447730 

Instructions: (pc=0x0000000051473982)
0x0000000051473962:   89 5c 24 20 48 89 74 24 28 48 39 73 08 74 0a 48
0x0000000051473972:   8d 4c 24 20 e8 c5 5b 13 00 40 38 35 3e d9 6b 00
0x0000000051473982:   48 8b 3f 48 63 05 40 53 6a 00 74 1b 8b 0c 38 85
0x0000000051473992:   c9 74 7c 8b c1 8b 0d e3 2d 65 00 48 d3 e0 48 03 


Register to memory mapping:

RAX=0x0000000000000000 is an unknown value
RBX=0x0000000028268000 is a thread
RCX=0x0000000000000800 is an unknown value
RDX=0x0000000000000000 is an unknown value
RSP=0x000000002929c570 is pointing into the stack for thread: 0x0000000028268000
RBP=0x0000000000000000 is an unknown value
RSI=0x0000000000000000 is an unknown value
RDI=0x0000000000000000 is an unknown value
R8 =0x0000000000000000 is an unknown value
R9 =0x0000000716ec4ff8 is an oop
org.sqlite.core.NativeDB 
 - klass: 'org/sqlite/core/NativeDB'
R10=0x0000000000000024 is an unknown value
R11=0x0000000051b322a8 is an unknown value
R12=0x0000000000000000 is an unknown value
R13=0x0000000025112218 is pointing into metadata
R14=0x000000002929c710 is pointing into the stack for thread: 0x0000000028268000
R15=0x0000000028268000 is a thread


Stack: [0x00000000291a0000,0x00000000292a0000],  sp=0x000000002929c570,  free space=1009k
Native frames: (J=compiled Java code, j=interpreted, Vv=VM code, C=native code)

Java frames: (J=compiled Java code, j=interpreted, Vv=VM code)
j  org.sqlite.core.NativeDB._exec(Ljava/lang/String;)I+0
j  org.sqlite.jdbc3.JDBC3Statement.executeUpdate(Ljava/lang/String;)I+46
j  delta.projekt.DBUtils.executeUpdate(Ljava/lang/String;)I+20
j  delta.projekt.Database.addShip(Ldelta/projekt/Ship;)V+179
j  delta.projekt.DeltaProjekt$5$3.handle(Ljavafx/event/ActionEvent;)V+59
j  delta.projekt.DeltaProjekt$5$3.handle(Ljavafx/event/Event;)V+5
J 1852 C1 com.sun.javafx.event.CompositeEventHandler.dispatchBubblingEvent(Ljavafx/event/Event;)V (57 bytes) @ 0x00000000029f5864 [0x00000000029f5480+0x3e4]
J 1124 C1 com.sun.javafx.event.EventHandlerManager.dispatchBubblingEvent(Ljavafx/event/Event;)Ljavafx/event/Event; (23 bytes) @ 0x0000000002802ccc [0x0000000002802620+0x6ac]
J 1110 C1 com.sun.javafx.event.CompositeEventDispatcher.dispatchBubblingEvent(Ljavafx/event/Event;)Ljavafx/event/Event; (35 bytes) @ 0x00000000027fe7dc [0x00000000027fe620+0x1bc]
J 1087 C1 com.sun.javafx.event.BasicEventDispatcher.dispatchEvent(Ljavafx/event/Event;Ljavafx/event/EventDispatchChain;)Ljavafx/event/Event; (44 bytes) @ 0x00000000027f0cbc [0x00000000027f0980+0x33c]
J 1055 C1 com.sun.javafx.event.EventDispatchChainImpl.dispatchEvent(Ljavafx/event/Event;)Ljavafx/event/Event; (101 bytes) @ 0x00000000027e8afc [0x00000000027e8940+0x1bc]
J 1087 C1 com.sun.javafx.event.BasicEventDispatcher.dispatchEvent(Ljavafx/event/Event;Ljavafx/event/EventDispatchChain;)Ljavafx/event/Event; (44 bytes) @ 0x00000000027f0bd4 [0x00000000027f0980+0x254]
J 1055 C1 com.sun.javafx.event.EventDispatchChainImpl.dispatchEvent(Ljavafx/event/Event;)Ljavafx/event/Event; (101 bytes) @ 0x00000000027e8afc [0x00000000027e8940+0x1bc]
J 1087 C1 com.sun.javafx.event.BasicEventDispatcher.dispatchEvent(Ljavafx/event/Event;Ljavafx/event/EventDispatchChain;)Ljavafx/event/Event; (44 bytes) @ 0x00000000027f0bd4 [0x00000000027f0980+0x254]
J 1055 C1 com.sun.javafx.event.EventDispatchChainImpl.dispatchEvent(Ljavafx/event/Event;)Ljavafx/event/Event; (101 bytes) @ 0x00000000027e8afc [0x00000000027e8940+0x1bc]
J 1180 C1 com.sun.javafx.event.EventUtil.fireEvent(Ljavafx/event/EventTarget;Ljavafx/event/Event;)Ljavafx/event/Event; (81 bytes) @ 0x0000000002825f6c [0x0000000002825380+0xbec]
J 1179 C1 javafx.event.Event.fireEvent(Ljavafx/event/EventTarget;Ljavafx/event/Event;)V (35 bytes) @ 0x0000000002824d2c [0x0000000002824c60+0xcc]
j  javafx.scene.Node.fireEvent(Ljavafx/event/Event;)V+86
j  javafx.scene.control.Button.fire()V+15
j  com.sun.javafx.scene.control.behavior.ButtonBehavior.mouseReleased(Ljavafx/scene/input/MouseEvent;)V+23
j  com.sun.javafx.scene.control.skin.BehaviorSkinBase$1.handle(Ljavafx/scene/input/MouseEvent;)V+83
j  com.sun.javafx.scene.control.skin.BehaviorSkinBase$1.handle(Ljavafx/event/Event;)V+5
J 1868 C1 com.sun.javafx.event.CompositeEventHandler$NormalEventHandlerRecord.handleBubblingEvent(Ljavafx/event/Event;)V (11 bytes) @ 0x00000000029ef84c [0x00000000029ef740+0x10c]
J 1852 C1 com.sun.javafx.event.CompositeEventHandler.dispatchBubblingEvent(Ljavafx/event/Event;)V (57 bytes) @ 0x00000000029f56cc [0x00000000029f5480+0x24c]
J 1124 C1 com.sun.javafx.event.EventHandlerManager.dispatchBubblingEvent(Ljavafx/event/Event;)Ljavafx/event/Event; (23 bytes) @ 0x0000000002802ccc [0x0000000002802620+0x6ac]
J 1110 C1 com.sun.javafx.event.CompositeEventDispatcher.dispatchBubblingEvent(Ljavafx/event/Event;)Ljavafx/event/Event; (35 bytes) @ 0x00000000027fe7dc [0x00000000027fe620+0x1bc]
J 1087 C1 com.sun.javafx.event.BasicEventDispatcher.dispatchEvent(Ljavafx/event/Event;Ljavafx/event/EventDispatchChain;)Ljavafx/event/Event; (44 bytes) @ 0x00000000027f0cbc [0x00000000027f0980+0x33c]
J 1055 C1 com.sun.javafx.event.EventDispatchChainImpl.dispatchEvent(Ljavafx/event/Event;)Ljavafx/event/Event; (101 bytes) @ 0x00000000027e8afc [0x00000000027e8940+0x1bc]
J 1087 C1 com.sun.javafx.event.BasicEventDispatcher.dispatchEvent(Ljavafx/event/Event;Ljavafx/event/EventDispatchChain;)Ljavafx/event/Event; (44 bytes) @ 0x00000000027f0bd4 [0x00000000027f0980+0x254]
J 1055 C1 com.sun.javafx.event.EventDispatchChainImpl.dispatchEvent(Ljavafx/event/Event;)Ljavafx/event/Event; (101 bytes) @ 0x00000000027e8afc [0x00000000027e8940+0x1bc]
J 1087 C1 com.sun.javafx.event.BasicEventDispatcher.dispatchEvent(Ljavafx/event/Event;Ljavafx/event/EventDispatchChain;)Ljavafx/event/Event; (44 bytes) @ 0x00000000027f0bd4 [0x00000000027f0980+0x254]
J 1055 C1 com.sun.javafx.event.EventDispatchChainImpl.dispatchEvent(Ljavafx/event/Event;)Ljavafx/event/Event; (101 bytes) @ 0x00000000027e8afc [0x00000000027e8940+0x1bc]
J 1180 C1 com.sun.javafx.event.EventUtil.fireEvent(Ljavafx/event/EventTarget;Ljavafx/event/Event;)Ljavafx/event/Event; (81 bytes) @ 0x0000000002825abc [0x0000000002825380+0x73c]
J 1551 C1 javafx.scene.Scene$MouseHandler.process(Ljavafx/scene/input/MouseEvent;Z)V (735 bytes) @ 0x0000000002915a3c [0x0000000002912fc0+0x2a7c]
J 1607 C1 javafx.scene.Scene$ScenePeerListener.mouseEvent(Ljavafx/event/EventType;DDDDLjavafx/scene/input/MouseButton;ZZZZZZZZZ)V (50 bytes) @ 0x000000000293d16c [0x000000000293cea0+0x2cc]
J 1563 C1 com.sun.javafx.tk.quantum.GlassViewEventHandler$MouseEventNotification.run()Ljava/lang/Void; (529 bytes) @ 0x000000000291c7ac [0x000000000291ba60+0xd4c]
J 1597 C1 com.sun.javafx.tk.quantum.GlassViewEventHandler$MouseEventNotification.run()Ljava/lang/Object; (5 bytes) @ 0x0000000002938f0c [0x0000000002938e80+0x8c]
v  ~StubRoutines::call_stub
J 1133  java.security.AccessController.doPrivileged(Ljava/security/PrivilegedAction;Ljava/security/AccessControlContext;)Ljava/lang/Object; (0 bytes) @ 0x00000000028058e6 [0x0000000002805880+0x66]
J 1595 C1 com.sun.javafx.tk.quantum.GlassViewEventHandler$$Lambda$136.get()Ljava/lang/Object; (8 bytes) @ 0x000000000293808c [0x0000000002937ea0+0x1ec]
J 1169 C1 com.sun.javafx.tk.quantum.QuantumToolkit.runWithoutRenderLock(Ljava/util/function/Supplier;)Ljava/lang/Object; (49 bytes) @ 0x000000000282201c [0x0000000002821ae0+0x53c]
J 1560 C1 com.sun.javafx.tk.quantum.GlassViewEventHandler.handleMouseEvent(Lcom/sun/glass/ui/View;JIIIIIIIZZ)V (108 bytes) @ 0x0000000002919f1c [0x0000000002919b00+0x41c]
J 1190 C1 com.sun.glass.ui.View.notifyMouse(IIIIIIIZZ)V (221 bytes) @ 0x000000000282ca1c [0x000000000282b920+0x10fc]
v  ~StubRoutines::call_stub
j  com.sun.glass.ui.win.WinApplication._runLoop(Ljava/lang/Runnable;)V+0
j  com.sun.glass.ui.win.WinApplication.lambda$null$148(ILjava/lang/Runnable;)V+8
j  com.sun.glass.ui.win.WinApplication$$Lambda$38.run()V+12
j  java.lang.Thread.run()V+11
v  ~StubRoutines::call_stub

---------------  P R O C E S S  ---------------

Java Threads: ( => current thread )
  0x000000002892c800 JavaThread "Prism Font Disposer" daemon [_thread_blocked, id=7880, stack(0x00000000306f0000,0x00000000307f0000)]
  0x00000000282ef000 JavaThread "Thread-3" daemon [_thread_in_native, id=5404, stack(0x000000002d4b0000,0x000000002d5b0000)]
  0x00000000282f7800 JavaThread "JavaFX-Launcher" [_thread_blocked, id=8160, stack(0x000000002d5b0000,0x000000002d6b0000)]
=>0x0000000028268000 JavaThread "JavaFX Application Thread" [_thread_in_vm, id=9792, stack(0x00000000291a0000,0x00000000292a0000)]
  0x000000002825d000 JavaThread "Thread-1" daemon [_thread_blocked, id=7396, stack(0x00000000290a0000,0x00000000291a0000)]
  0x000000002822e800 JavaThread "QuantumRenderer-0" daemon [_thread_blocked, id=5040, stack(0x00000000289d0000,0x0000000028ad0000)]
  0x00000000274ae800 JavaThread "Service Thread" daemon [_thread_blocked, id=9872, stack(0x0000000027fd0000,0x00000000280d0000)]
  0x0000000027412800 JavaThread "C1 CompilerThread3" daemon [_thread_blocked, id=3736, stack(0x0000000027ed0000,0x0000000027fd0000)]
  0x000000002740e800 JavaThread "C2 CompilerThread2" daemon [_thread_blocked, id=7276, stack(0x0000000027dd0000,0x0000000027ed0000)]
  0x000000002740b000 JavaThread "C2 CompilerThread1" daemon [_thread_blocked, id=5684, stack(0x0000000027cd0000,0x0000000027dd0000)]
  0x0000000027409000 JavaThread "C2 CompilerThread0" daemon [_thread_blocked, id=9020, stack(0x0000000027bd0000,0x0000000027cd0000)]
  0x0000000027408000 JavaThread "Attach Listener" daemon [_thread_blocked, id=3228, stack(0x0000000027ad0000,0x0000000027bd0000)]
  0x0000000027407000 JavaThread "Signal Dispatcher" daemon [_thread_blocked, id=5484, stack(0x00000000279d0000,0x0000000027ad0000)]
  0x00000000254f3000 JavaThread "Finalizer" daemon [_thread_blocked, id=348, stack(0x00000000277e0000,0x00000000278e0000)]
  0x0000000002437000 JavaThread "Reference Handler" daemon [_thread_blocked, id=9892, stack(0x00000000272e0000,0x00000000273e0000)]
  0x0000000002340800 JavaThread "main" [_thread_blocked, id=1732, stack(0x0000000002200000,0x0000000002300000)]

Other Threads:
  0x00000000254e8800 VMThread [stack: 0x00000000271e0000,0x00000000272e0000] [id=724]
  0x00000000274e1800 WatcherThread [stack: 0x00000000280d0000,0x00000000281d0000] [id=7124]

VM state:not at safepoint (normal execution)

VM Mutex/Monitor currently owned by a thread: None

Heap:
 PSYoungGen      total 153088K, used 58347K [0x0000000715900000, 0x0000000720380000, 0x00000007c0000000)
  eden space 131584K, 44% used [0x0000000715900000,0x00000007191fac30,0x000000071d980000)
  from space 21504K, 0% used [0x000000071ee80000,0x000000071ee80000,0x0000000720380000)
  to   space 21504K, 0% used [0x000000071d980000,0x000000071d980000,0x000000071ee80000)
 ParOldGen       total 349696K, used 0K [0x00000005c0a00000, 0x00000005d5f80000, 0x0000000715900000)
  object space 349696K, 0% used [0x00000005c0a00000,0x00000005c0a00000,0x00000005d5f80000)
 Metaspace       used 18087K, capacity 19096K, committed 19200K, reserved 1064960K
  class space    used 2599K, capacity 2812K, committed 2816K, reserved 1048576K

Card table byte_map: [0x0000000011800000,0x0000000012800000] byte_map_base: 0x000000000e9fb000

Marking Bits: (ParMarkBitMap*) 0x0000000051b40600
 Begin Bits: [0x0000000013ab0000, 0x000000001ba88000)
 End Bits:   [0x000000001ba88000, 0x0000000023a60000)

Polling page: 0x0000000000470000

CodeCache: size=245760Kb used=7700Kb max_used=7705Kb free=238059Kb
 bounds [0x0000000002440000, 0x0000000002bd0000, 0x0000000011440000]
 total_blobs=3183 nmethods=2514 adapters=580
 compilation: enabled

Compilation events (10 events):
Event: 7.113 Thread 0x0000000027412800 2510       3       java.lang.Math::min (12 bytes)
Event: 7.113 Thread 0x0000000027412800 nmethod 2510 0x0000000002bc9590 code [0x0000000002bc96e0, 0x0000000002bc9870]
Event: 7.124 Thread 0x0000000027412800 2511       1       java.util.logging.LogManager$LoggerContext::getOwner (5 bytes)
Event: 7.124 Thread 0x0000000027412800 nmethod 2511 0x0000000002bc90d0 code [0x0000000002bc9220, 0x0000000002bc9330]
Event: 7.125 Thread 0x0000000027412800 2512       3       java.util.regex.Pattern$Curly::match (86 bytes)
Event: 7.125 Thread 0x0000000027412800 nmethod 2512 0x0000000002bc8790 code [0x0000000002bc8940, 0x0000000002bc8f38]
Event: 7.125 Thread 0x0000000027412800 2513       3       java.util.regex.Pattern$Single::isSatisfiedBy (14 bytes)
Event: 7.126 Thread 0x0000000027412800 nmethod 2513 0x0000000002bc8410 code [0x0000000002bc8560, 0x0000000002bc8710]
Event: 7.126 Thread 0x0000000027412800 2514       1       java.util.Formatter$Flags::valueOf (5 bytes)
Event: 7.126 Thread 0x0000000027412800 nmethod 2514 0x0000000002bc8150 code [0x0000000002bc82a0, 0x0000000002bc83b0]

GC Heap History (0 events):
No events

Deoptimization events (10 events):
Event: 2.892 Thread 0x0000000028268000 Uncommon trap: reason=class_check action=maybe_recompile pc=0x00000000029242f0 method=javafx.scene.Node.updateLocalToParentTransform()V @ 11
Event: 2.898 Thread 0x0000000028268000 Uncommon trap: reason=array_check action=maybe_recompile pc=0x00000000029a717c method=com.sun.javafx.css.SimpleSelector.applies(Ljavafx/css/Styleable;[Ljava/util/Set;I)Z @ 37
Event: 2.909 Thread 0x000000002822e800 Uncommon trap: reason=unstable_if action=reinterpret pc=0x00000000029a2384 method=com.sun.javafx.geom.RectBounds.isEmpty()Z @ 21
Event: 3.876 Thread 0x0000000028268000 Uncommon trap: reason=unstable_if action=reinterpret pc=0x00000000029890c4 method=com.sun.javafx.css.SimpleSelector.applies(Ljavafx/css/Styleable;)Z @ 7
Event: 3.948 Thread 0x0000000028268000 Uncommon trap: reason=unstable_if action=reinterpret pc=0x00000000025f019c method=java.lang.String.startsWith(Ljava/lang/String;I)Z @ 25
Event: 5.499 Thread 0x0000000028268000 Uncommon trap: reason=null_check action=make_not_entrant pc=0x0000000002a8fb7c method=javafx.scene.Node$MiscProperties.getClip()Ljavafx/scene/Node; @ 20
Event: 6.043 Thread 0x0000000028268000 Uncommon trap: reason=array_check action=maybe_recompile pc=0x0000000002b392d0 method=com.sun.javafx.css.CompoundSelector.applies(Ljavafx/css/Styleable;[Ljava/util/Set;I)Z @ 128
Event: 6.043 Thread 0x0000000028268000 Uncommon trap: reason=array_check action=maybe_recompile pc=0x0000000002b392d0 method=com.sun.javafx.css.CompoundSelector.applies(Ljavafx/css/Styleable;[Ljava/util/Set;I)Z @ 128
Event: 6.043 Thread 0x0000000028268000 Uncommon trap: reason=array_check action=maybe_recompile pc=0x0000000002b392d0 method=com.sun.javafx.css.CompoundSelector.applies(Ljavafx/css/Styleable;[Ljava/util/Set;I)Z @ 128
Event: 6.043 Thread 0x0000000028268000 Uncommon trap: reason=array_check action=maybe_recompile pc=0x0000000002b392d0 method=com.sun.javafx.css.CompoundSelector.applies(Ljavafx/css/Styleable;[Ljava/util/Set;I)Z @ 128

Internal exceptions (10 events):
Event: 0.071 Thread 0x0000000002340800 Exception <a 'java/lang/NoSuchFieldError': method resolution failed> (0x0000000715a9c458) thrown at [D:\re\workspace\8-2-build-windows-amd64-cygwin\jdk8u77\6540\hotspot\src\share\vm\prims\methodHandles.cpp, line 1146]
Event: 0.082 Thread 0x0000000002340800 Exception <a 'java/security/PrivilegedActionException'> (0x0000000715b27368) thrown at [D:\re\workspace\8-2-build-windows-amd64-cygwin\jdk8u77\6540\hotspot\src\share\vm\prims\jvm.cpp, line 1386]
Event: 0.083 Thread 0x0000000002340800 Exception <a 'java/security/PrivilegedActionException'> (0x0000000715b27578) thrown at [D:\re\workspace\8-2-build-windows-amd64-cygwin\jdk8u77\6540\hotspot\src\share\vm\prims\jvm.cpp, line 1386]
Event: 0.083 Thread 0x0000000002340800 Exception <a 'java/security/PrivilegedActionException'> (0x0000000715b2b3c0) thrown at [D:\re\workspace\8-2-build-windows-amd64-cygwin\jdk8u77\6540\hotspot\src\share\vm\prims\jvm.cpp, line 1386]
Event: 0.083 Thread 0x0000000002340800 Exception <a 'java/security/PrivilegedActionException'> (0x0000000715b2b5d0) thrown at [D:\re\workspace\8-2-build-windows-amd64-cygwin\jdk8u77\6540\hotspot\src\share\vm\prims\jvm.cpp, line 1386]
Event: 0.083 Thread 0x0000000002340800 Exception <a 'java/lang/NullPointerException'> (0x0000000715b2bba8) thrown at [D:\re\workspace\8-2-build-windows-amd64-cygwin\jdk8u77\6540\hotspot\src\share\vm\interpreter\linkResolver.cpp, line 1178]
Event: 0.309 Thread 0x0000000028268000 Exception <a 'java/lang/NullPointerException'> (0x00000007171436e8) thrown at [D:\re\workspace\8-2-build-windows-amd64-cygwin\jdk8u77\6540\hotspot\src\share\vm\interpreter\linkResolver.cpp, line 1178]
Event: 0.309 Thread 0x0000000028268000 Exception <a 'java/lang/NullPointerException'> (0x00000007171436e8) thrown at [D:\re\workspace\8-2-build-windows-amd64-cygwin\jdk8u77\6540\hotspot\src\share\vm\prims\jvm.cpp, line 1390]
Event: 2.887 Thread 0x0000000028268000 Implicit null exception at 0x00000000029819f1 to 0x0000000002981f35
Event: 5.499 Thread 0x0000000028268000 Implicit null exception at 0x0000000002a8f46d to 0x0000000002a8fb65

Events (10 events):
Event: 7.125 loading class java/util/IdentityHashMap$KeySet
Event: 7.125 loading class java/util/IdentityHashMap$KeySet done
Event: 7.125 loading class sun/util/logging/resources/logging_sv_SE
Event: 7.125 loading class sun/util/logging/resources/logging_sv_SE done
Event: 7.125 loading class java/util/Formatter$DateTime
Event: 7.125 loading class java/util/Formatter$DateTime done
Event: 7.134 loading class org/sqlite/ExtendedCommand
Event: 7.134 loading class org/sqlite/ExtendedCommand done
Event: 7.134 loading class org/sqlite/ExtendedCommand$SQLExtension
Event: 7.134 loading class org/sqlite/ExtendedCommand$SQLExtension done


Dynamic libraries:
0x00007ff62a240000 - 0x00007ff62a277000 	C:\Program Files\Java\jdk1.8.0_77\jre\bin\java.exe
0x00007ffbf9710000 - 0x00007ffbf98d1000 	C:\WINDOWS\SYSTEM32\ntdll.dll
0x00007ffbf95e0000 - 0x00007ffbf968d000 	C:\WINDOWS\system32\KERNEL32.DLL
0x00007ffbf68c0000 - 0x00007ffbf6aa8000 	C:\WINDOWS\system32\KERNELBASE.dll
0x00007ffbf8b40000 - 0x00007ffbf8be7000 	C:\WINDOWS\system32\ADVAPI32.dll
0x00007ffbf8e20000 - 0x00007ffbf8ebd000 	C:\WINDOWS\system32\msvcrt.dll
0x00007ffbf8c60000 - 0x00007ffbf8cbb000 	C:\WINDOWS\system32\sechost.dll
0x00007ffbf8ec0000 - 0x00007ffbf8fdc000 	C:\WINDOWS\system32\RPCRT4.dll
0x00007ffbf7050000 - 0x00007ffbf71a6000 	C:\WINDOWS\system32\USER32.dll
0x00007ffbf8fe0000 - 0x00007ffbf9166000 	C:\WINDOWS\system32\GDI32.dll
0x00007ffbf0160000 - 0x00007ffbf03d4000 	C:\WINDOWS\WinSxS\amd64_microsoft.windows.common-controls_6595b64144ccf1df_6.0.10586.0_none_8c15ae12515e1c22\COMCTL32.dll
0x00007ffbf9170000 - 0x00007ffbf93ed000 	C:\WINDOWS\system32\combase.dll
0x00007ffbf5dc0000 - 0x00007ffbf5e2a000 	C:\WINDOWS\system32\bcryptPrimitives.dll
0x00007ffbf8930000 - 0x00007ffbf896b000 	C:\WINDOWS\system32\IMM32.DLL
0x0000000051250000 - 0x0000000051322000 	C:\Program Files\Java\jdk1.8.0_77\jre\bin\msvcr100.dll
0x0000000051330000 - 0x0000000051bc0000 	C:\Program Files\Java\jdk1.8.0_77\jre\bin\server\jvm.dll
0x00007ffbf9700000 - 0x00007ffbf9708000 	C:\WINDOWS\system32\PSAPI.DLL
0x00007ffbef4b0000 - 0x00007ffbef4b9000 	C:\WINDOWS\SYSTEM32\WSOCK32.dll
0x00007ffbf2bc0000 - 0x00007ffbf2bca000 	C:\WINDOWS\SYSTEM32\VERSION.dll
0x00007ffbf3fb0000 - 0x00007ffbf3fd3000 	C:\WINDOWS\SYSTEM32\WINMM.dll
0x00007ffbf9690000 - 0x00007ffbf96fb000 	C:\WINDOWS\system32\WS2_32.dll
0x00007ffbf3f50000 - 0x00007ffbf3f7c000 	C:\WINDOWS\SYSTEM32\WINMMBASE.dll
0x00007ffbf6850000 - 0x00007ffbf6893000 	C:\WINDOWS\system32\cfgmgr32.dll
0x0000000051200000 - 0x000000005120f000 	C:\Program Files\Java\jdk1.8.0_77\jre\bin\verify.dll
0x00000000511d0000 - 0x00000000511f9000 	C:\Program Files\Java\jdk1.8.0_77\jre\bin\java.dll
0x00000000511b0000 - 0x00000000511c6000 	C:\Program Files\Java\jdk1.8.0_77\jre\bin\zip.dll
0x00007ffbf7210000 - 0x00007ffbf876c000 	C:\WINDOWS\system32\SHELL32.dll
0x00007ffbf6200000 - 0x00007ffbf6845000 	C:\WINDOWS\system32\windows.storage.dll
0x00007ffbf9580000 - 0x00007ffbf95d2000 	C:\WINDOWS\system32\shlwapi.dll
0x00007ffbf5d90000 - 0x00007ffbf5d9f000 	C:\WINDOWS\system32\kernel.appcore.dll
0x00007ffbf6140000 - 0x00007ffbf61f5000 	C:\WINDOWS\system32\shcore.dll
0x00007ffbf5d40000 - 0x00007ffbf5d8b000 	C:\WINDOWS\system32\powrprof.dll
0x00007ffbf5da0000 - 0x00007ffbf5db4000 	C:\WINDOWS\system32\profapi.dll
0x00007ffbd60f0000 - 0x00007ffbd61df000 	C:\Program Files\Java\jdk1.8.0_77\jre\bin\msvcr120.dll
0x00007ffbec820000 - 0x00007ffbec8c6000 	C:\Program Files\Java\jdk1.8.0_77\jre\bin\msvcp120.dll
0x0000000050e80000 - 0x0000000050ea3000 	C:\Program Files\Java\jdk1.8.0_77\jre\bin\prism_d3d.dll
0x00007ffbdd3f0000 - 0x00007ffbdd600000 	C:\WINDOWS\system32\d3d9.dll
0x00007ffbf3c90000 - 0x00007ffbf3cb2000 	C:\WINDOWS\SYSTEM32\dwmapi.dll
0x00007ffbf46b0000 - 0x00007ffbf4746000 	C:\WINDOWS\system32\uxtheme.dll
0x00007ffbd2030000 - 0x00007ffbd2f6f000 	C:\WINDOWS\SYSTEM32\nvd3dumx.dll
0x00007ffbeb7c0000 - 0x00007ffbeb98c000 	C:\WINDOWS\system32\nvspcap64.dll
0x00007ffbf8cd0000 - 0x00007ffbf8e13000 	C:\WINDOWS\system32\ole32.dll
0x00007ffbf93f0000 - 0x00007ffbf94b1000 	C:\WINDOWS\system32\OLEAUT32.dll
0x00007ffbf6b10000 - 0x00007ffbf6f39000 	C:\WINDOWS\system32\SETUPAPI.dll
0x00007ffbedc60000 - 0x00007ffbedd28000 	C:\WINDOWS\SYSTEM32\WINHTTP.dll
0x00007ffbef4f0000 - 0x00007ffbef84b000 	C:\WINDOWS\system32\nvapi64.dll
0x00007ffbf5a40000 - 0x00007ffbf5a6d000 	C:\WINDOWS\SYSTEM32\SspiCli.dll
0x0000000050e30000 - 0x0000000050e73000 	C:\Program Files\Java\jdk1.8.0_77\jre\bin\glass.dll
0x00007ffbf6f40000 - 0x00007ffbf704b000 	C:\WINDOWS\system32\COMDLG32.dll
0x00007ffbf5e30000 - 0x00007ffbf5eb6000 	C:\WINDOWS\system32\FirewallAPI.dll
0x00007ffbf68a0000 - 0x00007ffbf68b7000 	C:\WINDOWS\system32\NETAPI32.dll
0x00007ffbf4040000 - 0x00007ffbf404c000 	C:\WINDOWS\SYSTEM32\DAVHLPR.DLL
0x00007ffbf4ab0000 - 0x00007ffbf4ae2000 	C:\WINDOWS\SYSTEM32\fwbase.dll
0x00007ffbf8770000 - 0x00007ffbf88ca000 	C:\WINDOWS\system32\MSCTF.dll
0x00007ffbf5710000 - 0x00007ffbf5727000 	C:\WINDOWS\SYSTEM32\CRYPTSP.dll
0x00007ffbf53a0000 - 0x00007ffbf53d4000 	C:\WINDOWS\system32\rsaenh.dll
0x00007ffbf5930000 - 0x00007ffbf5959000 	C:\WINDOWS\SYSTEM32\bcrypt.dll
0x00007ffbf54f0000 - 0x00007ffbf550f000 	C:\WINDOWS\SYSTEM32\USERENV.dll
0x00007ffbf5830000 - 0x00007ffbf583b000 	C:\WINDOWS\SYSTEM32\CRYPTBASE.dll
0x0000000051190000 - 0x00000000511aa000 	C:\Program Files\Java\jdk1.8.0_77\jre\bin\net.dll
0x00007ffbf5660000 - 0x00007ffbf56bc000 	C:\WINDOWS\system32\mswsock.dll
0x00007ffbf2b80000 - 0x00007ffbf2bb8000 	C:\WINDOWS\SYSTEM32\IPHLPAPI.DLL
0x00007ffbf8cc0000 - 0x00007ffbf8cc8000 	C:\WINDOWS\system32\NSI.dll
0x00007ffbf0940000 - 0x00007ffbf0956000 	C:\WINDOWS\SYSTEM32\dhcpcsvc6.DLL
0x00007ffbf2680000 - 0x00007ffbf269a000 	C:\WINDOWS\SYSTEM32\dhcpcsvc.DLL
0x0000000051170000 - 0x0000000051181000 	C:\Program Files\Java\jdk1.8.0_77\jre\bin\nio.dll
0x000000006d580000 - 0x000000006d63d000 	C:\Users\Jesper\AppData\Local\Temp\sqlite-3.8.11.2-a9ba7378-5438-4ec3-b494-d9e606ed7ef7-sqlitejdbc.dll
0x0000000050e10000 - 0x0000000050e24000 	C:\Program Files\Java\jdk1.8.0_77\jre\bin\javafx_font.dll
0x00007ffbecc70000 - 0x00007ffbeced0000 	C:\WINDOWS\SYSTEM32\dwrite.dll
0x00007ffbf94c0000 - 0x00007ffbf9567000 	C:\WINDOWS\system32\clbcatq.dll
0x00007ffbf3310000 - 0x00007ffbf34c1000 	C:\WINDOWS\SYSTEM32\WindowsCodecs.dll
0x00007ffbeb220000 - 0x00007ffbeb26a000 	C:\WINDOWS\system32\dataexchange.dll
0x00007ffbf4130000 - 0x00007ffbf4213000 	C:\WINDOWS\system32\dcomp.dll
0x00007ffbf3800000 - 0x00007ffbf3aa8000 	C:\WINDOWS\system32\d3d11.dll
0x00007ffbf3750000 - 0x00007ffbf37f3000 	C:\WINDOWS\system32\dxgi.dll
0x00007ffbf4850000 - 0x00007ffbf4950000 	C:\WINDOWS\system32\twinapi.appcore.dll
0x00007ffbec730000 - 0x00007ffbec764000 	C:\Program Files\Common Files\Microsoft Shared\Ink\rtscom.dll
0x0000000050df0000 - 0x0000000050e01000 	C:\Program Files\Java\jdk1.8.0_77\jre\bin\prism_common.dll
0x00007ffbe7070000 - 0x00007ffbe71fc000 	C:\WINDOWS\SYSTEM32\dbghelp.dll

VM Arguments:
jvm_args: -Dfile.encoding=UTF-8 
java_command: C:\Users\Jesper\Documents\NetBeansProjects\Delta-projekt\dist\run515002757\Delta-projekt.jar
java_class_path (initial): C:\Users\Jesper\Documents\NetBeansProjects\Delta-projekt\dist\run515002757\Delta-projekt.jar
Launcher Type: SUN_STANDARD

Environment Variables:
PATH=C:\Program Files (x86)\NZXT\CAM\FPS\;C:\ProgramData\Oracle\Java\javapath;C:\Program Files (x86)\Intel\iCLS Client\;C:\Program Files\Intel\iCLS Client\;C:\WINDOWS\system32;C:\WINDOWS;C:\WINDOWS\System32\Wbem;C:\WINDOWS\System32\WindowsPowerShell\v1.0\;C:\Program Files (x86)\Intel\Intel(R) Management Engine Components\DAL;C:\Program Files\Intel\Intel(R) Management Engine Components\DAL;C:\Program Files (x86)\Intel\Intel(R) Management Engine Components\IPT;C:\Program Files\Intel\Intel(R) Management Engine Components\IPT;D:\Program\Skype\Phone\;C:\Program Files (x86)\NVIDIA Corporation\PhysX\Common;C:\WINDOWS\system32;C:\WINDOWS;C:\WINDOWS\System32\Wbem;C:\WINDOWS\System32\WindowsPowerShell\v1.0\;C:\Program Files\Java\jdk1.8.0_73\bin
USERNAME=Jesper
OS=Windows_NT
PROCESSOR_IDENTIFIER=Intel64 Family 6 Model 94 Stepping 3, GenuineIntel



---------------  S Y S T E M  ---------------

OS: Windows 10.0 , 64 bit Build 10586 (10.0.10586.0)

CPU:total 8 (4 cores per cpu, 2 threads per core) family 6 model 94 stepping 3, cmov, cx8, fxsr, mmx, sse, sse2, sse3, ssse3, sse4.1, sse4.2, popcnt, avx, avx2, aes, clmul, erms, rtm, 3dnowpref, lzcnt, ht, tsc, tscinvbit, bmi1, bmi2, adx

Memory: 4k page, physical 33512816k(29284976k free), swap 38493552k(33119828k free)

vm_info: Java HotSpot(TM) 64-Bit Server VM (25.77-b03) for windows-amd64 JRE (1.8.0_77-b03), built on Mar 20 2016 22:01:33 by "java_re" with MS VC++ 10.0 (VS2010)

time: Thu Apr 14 18:54:43 2016
elapsed time: 7 seconds (0d 0h 0m 7s)

