#
# A fatal error has been detected by the Java Runtime Environment:
#
#  EXCEPTION_ACCESS_VIOLATION (0xc0000005) at pc=0x0000000051473982, pid=3740, tid=6644
#
# JRE version: Java(TM) SE Runtime Environment (8.0_77-b03) (build 1.8.0_77-b03)
# Java VM: Java HotSpot(TM) 64-Bit Server VM (25.77-b03 mixed mode windows-amd64 compressed oops)
# Problematic frame:
# V  [jvm.dll+0x143982]
#
# Failed to write core dump. Minidumps are not enabled by default on client versions of Windows
#
# If you would like to submit a bug report, please visit:
#   http://bugreport.java.com/bugreport/crash.jsp
#

---------------  T H R E A D  ---------------

Current thread (0x00000000282d1000):  JavaThread "JavaFX Application Thread" [_thread_in_vm, id=6644, stack(0x0000000029220000,0x0000000029320000)]

siginfo: ExceptionCode=0xc0000005, reading address 0x0000000000000000

Registers:
RAX=0x0000000000000000, RBX=0x00000000282d1000, RCX=0x0000000000000100, RDX=0x0000000000000000
RSP=0x000000002931c690, RBP=0x0000000000000000, RSI=0x0000000000000000, RDI=0x0000000000000000
R8 =0x0000000000000000, R9 =0x0000000716ec95f0, R10=0x0000000000000022, R11=0x0000000051b322a8
R12=0x0000000000000000, R13=0x00000000251c2290, R14=0x000000002931c830, R15=0x00000000282d1000
RIP=0x0000000051473982, EFLAGS=0x0000000000010202

Top of Stack: (sp=0x000000002931c690)
0x000000002931c690:   000000002931c750 0000000051509c47
0x000000002931c6a0:   000000002931c750 000000006d5820c0
0x000000002931c6b0:   00000000282d1000 0000000000000000
0x000000002931c6c0:   00000000251c2290 00000000282d1000
0x000000002931c6d0:   00000000282d1000 00000000282d4a10
0x000000002931c6e0:   00000000251c2298 000000002931c830
0x000000002931c6f0:   00000000282c30e0 00000000282d11f8
0x000000002931c700:   00000000009fcd08 000000006d5820f0
0x000000002931c710:   000000002931c830 0000000000000000
0x000000002931c720:   00000000251c2298 00000000282d11f8
0x000000002931c730:   00000000251c2298 00000000282d1000
0x000000002931c740:   00000000024f7730 00000000025067c9
0x000000002931c750:   0000000000000000 00000000251c2298
0x000000002931c760:   0000000050200021 00000000024f7730
0x000000002931c770:   000000002931c808 0000000002506937
0x000000002931c780:   0000000050200021 00000000024f7730 

Instructions: (pc=0x0000000051473982)
0x0000000051473962:   89 5c 24 20 48 89 74 24 28 48 39 73 08 74 0a 48
0x0000000051473972:   8d 4c 24 20 e8 c5 5b 13 00 40 38 35 3e d9 6b 00
0x0000000051473982:   48 8b 3f 48 63 05 40 53 6a 00 74 1b 8b 0c 38 85
0x0000000051473992:   c9 74 7c 8b c1 8b 0d e3 2d 65 00 48 d3 e0 48 03 


Register to memory mapping:

RAX=0x0000000000000000 is an unknown value
RBX=0x00000000282d1000 is a thread
RCX=0x0000000000000100 is an unknown value
RDX=0x0000000000000000 is an unknown value
RSP=0x000000002931c690 is pointing into the stack for thread: 0x00000000282d1000
RBP=0x0000000000000000 is an unknown value
RSI=0x0000000000000000 is an unknown value
RDI=0x0000000000000000 is an unknown value
R8 =0x0000000000000000 is an unknown value
R9 =0x0000000716ec95f0 is an oop
org.sqlite.core.NativeDB 
 - klass: 'org/sqlite/core/NativeDB'
R10=0x0000000000000022 is an unknown value
R11=0x0000000051b322a8 is an unknown value
R12=0x0000000000000000 is an unknown value
R13=0x00000000251c2290 is pointing into metadata
R14=0x000000002931c830 is pointing into the stack for thread: 0x00000000282d1000
R15=0x00000000282d1000 is a thread


Stack: [0x0000000029220000,0x0000000029320000],  sp=0x000000002931c690,  free space=1009k
Native frames: (J=compiled Java code, j=interpreted, Vv=VM code, C=native code)

Java frames: (J=compiled Java code, j=interpreted, Vv=VM code)
j  org.sqlite.core.NativeDB._exec(Ljava/lang/String;)I+0
j  org.sqlite.jdbc3.JDBC3Statement.executeUpdate(Ljava/lang/String;)I+46
j  delta.projekt.DBUtils.executeUpdate(Ljava/lang/String;)I+20
j  delta.projekt.Database.updateShip(Ldelta/projekt/Ship;)V+191
j  delta.projekt.DeltaProjekt$12.handle(Ljavafx/event/ActionEvent;)V+77
j  delta.projekt.DeltaProjekt$12.handle(Ljavafx/event/Event;)V+5
J 1868 C1 com.sun.javafx.event.CompositeEventHandler.dispatchBubblingEvent(Ljavafx/event/Event;)V (57 bytes) @ 0x0000000002aa67a4 [0x0000000002aa63c0+0x3e4]
J 1101 C1 com.sun.javafx.event.EventHandlerManager.dispatchBubblingEvent(Ljavafx/event/Event;)Ljavafx/event/Event; (23 bytes) @ 0x00000000028ae24c [0x00000000028adba0+0x6ac]
J 1100 C1 com.sun.javafx.event.CompositeEventDispatcher.dispatchBubblingEvent(Ljavafx/event/Event;)Ljavafx/event/Event; (35 bytes) @ 0x00000000028ac61c [0x00000000028ac460+0x1bc]
J 1079 C1 com.sun.javafx.event.BasicEventDispatcher.dispatchEvent(Ljavafx/event/Event;Ljavafx/event/EventDispatchChain;)Ljavafx/event/Event; (44 bytes) @ 0x000000000289fd3c [0x000000000289fa00+0x33c]
J 2161 C2 com.sun.javafx.event.EventDispatchChainImpl.dispatchEvent(Ljavafx/event/Event;)Ljavafx/event/Event; (101 bytes) @ 0x0000000002b86418 [0x0000000002b86360+0xb8]
J 1079 C1 com.sun.javafx.event.BasicEventDispatcher.dispatchEvent(Ljavafx/event/Event;Ljavafx/event/EventDispatchChain;)Ljavafx/event/Event; (44 bytes) @ 0x000000000289fc54 [0x000000000289fa00+0x254]
J 2161 C2 com.sun.javafx.event.EventDispatchChainImpl.dispatchEvent(Ljavafx/event/Event;)Ljavafx/event/Event; (101 bytes) @ 0x0000000002b86418 [0x0000000002b86360+0xb8]
J 1079 C1 com.sun.javafx.event.BasicEventDispatcher.dispatchEvent(Ljavafx/event/Event;Ljavafx/event/EventDispatchChain;)Ljavafx/event/Event; (44 bytes) @ 0x000000000289fc54 [0x000000000289fa00+0x254]
J 2161 C2 com.sun.javafx.event.EventDispatchChainImpl.dispatchEvent(Ljavafx/event/Event;)Ljavafx/event/Event; (101 bytes) @ 0x0000000002b86418 [0x0000000002b86360+0xb8]
J 1213 C1 com.sun.javafx.event.EventUtil.fireEvent(Ljavafx/event/EventTarget;Ljavafx/event/Event;)Ljavafx/event/Event; (81 bytes) @ 0x00000000029108dc [0x000000000290fd00+0xbdc]
J 1139 C1 javafx.event.Event.fireEvent(Ljavafx/event/EventTarget;Ljavafx/event/Event;)V (35 bytes) @ 0x00000000028b816c [0x00000000028b80a0+0xcc]
j  javafx.scene.Node.fireEvent(Ljavafx/event/Event;)V+86
j  javafx.scene.control.Button.fire()V+15
j  com.sun.javafx.scene.control.behavior.ButtonBehavior.mouseReleased(Ljavafx/scene/input/MouseEvent;)V+23
j  com.sun.javafx.scene.control.skin.BehaviorSkinBase$1.handle(Ljavafx/scene/input/MouseEvent;)V+83
j  com.sun.javafx.scene.control.skin.BehaviorSkinBase$1.handle(Ljavafx/event/Event;)V+5
J 1915 C1 com.sun.javafx.event.CompositeEventHandler$NormalEventHandlerRecord.handleBubblingEvent(Ljavafx/event/Event;)V (11 bytes) @ 0x0000000002ac70cc [0x0000000002ac6fc0+0x10c]
J 1868 C1 com.sun.javafx.event.CompositeEventHandler.dispatchBubblingEvent(Ljavafx/event/Event;)V (57 bytes) @ 0x0000000002aa660c [0x0000000002aa63c0+0x24c]
J 1101 C1 com.sun.javafx.event.EventHandlerManager.dispatchBubblingEvent(Ljavafx/event/Event;)Ljavafx/event/Event; (23 bytes) @ 0x00000000028ae24c [0x00000000028adba0+0x6ac]
J 1100 C1 com.sun.javafx.event.CompositeEventDispatcher.dispatchBubblingEvent(Ljavafx/event/Event;)Ljavafx/event/Event; (35 bytes) @ 0x00000000028ac61c [0x00000000028ac460+0x1bc]
J 1079 C1 com.sun.javafx.event.BasicEventDispatcher.dispatchEvent(Ljavafx/event/Event;Ljavafx/event/EventDispatchChain;)Ljavafx/event/Event; (44 bytes) @ 0x000000000289fd3c [0x000000000289fa00+0x33c]
J 2161 C2 com.sun.javafx.event.EventDispatchChainImpl.dispatchEvent(Ljavafx/event/Event;)Ljavafx/event/Event; (101 bytes) @ 0x0000000002b86418 [0x0000000002b86360+0xb8]
J 1079 C1 com.sun.javafx.event.BasicEventDispatcher.dispatchEvent(Ljavafx/event/Event;Ljavafx/event/EventDispatchChain;)Ljavafx/event/Event; (44 bytes) @ 0x000000000289fc54 [0x000000000289fa00+0x254]
J 2161 C2 com.sun.javafx.event.EventDispatchChainImpl.dispatchEvent(Ljavafx/event/Event;)Ljavafx/event/Event; (101 bytes) @ 0x0000000002b86418 [0x0000000002b86360+0xb8]
J 1079 C1 com.sun.javafx.event.BasicEventDispatcher.dispatchEvent(Ljavafx/event/Event;Ljavafx/event/EventDispatchChain;)Ljavafx/event/Event; (44 bytes) @ 0x000000000289fc54 [0x000000000289fa00+0x254]
J 2161 C2 com.sun.javafx.event.EventDispatchChainImpl.dispatchEvent(Ljavafx/event/Event;)Ljavafx/event/Event; (101 bytes) @ 0x0000000002b86418 [0x0000000002b86360+0xb8]
J 1213 C1 com.sun.javafx.event.EventUtil.fireEvent(Ljavafx/event/EventTarget;Ljavafx/event/Event;)Ljavafx/event/Event; (81 bytes) @ 0x000000000291043c [0x000000000290fd00+0x73c]
J 1147 C1 javafx.scene.Scene$MouseHandler.process(Ljavafx/scene/input/MouseEvent;Z)V (735 bytes) @ 0x00000000028cc524 [0x00000000028c9ac0+0x2a64]
J 1532 C1 javafx.scene.Scene$ScenePeerListener.mouseEvent(Ljavafx/event/EventType;DDDDLjavafx/scene/input/MouseButton;ZZZZZZZZZ)V (50 bytes) @ 0x00000000029c36ac [0x00000000029c33e0+0x2cc]
J 1512 C1 com.sun.javafx.tk.quantum.GlassViewEventHandler$MouseEventNotification.run()Ljava/lang/Void; (529 bytes) @ 0x00000000029ba9b4 [0x00000000029b9ca0+0xd14]
J 1511 C1 com.sun.javafx.tk.quantum.GlassViewEventHandler$MouseEventNotification.run()Ljava/lang/Object; (5 bytes) @ 0x00000000029b987c [0x00000000029b9800+0x7c]
v  ~StubRoutines::call_stub
J 1119  java.security.AccessController.doPrivileged(Ljava/security/PrivilegedAction;Ljava/security/AccessControlContext;)Ljava/lang/Object; (0 bytes) @ 0x00000000028b3866 [0x00000000028b3800+0x66]
J 1509 C1 com.sun.javafx.tk.quantum.GlassViewEventHandler$$Lambda$136.get()Ljava/lang/Object; (8 bytes) @ 0x00000000029b8a0c [0x00000000029b8820+0x1ec]
J 1130 C1 com.sun.javafx.tk.quantum.QuantumToolkit.runWithoutRenderLock(Ljava/util/function/Supplier;)Ljava/lang/Object; (49 bytes) @ 0x00000000028b9d1c [0x00000000028b97e0+0x53c]
J 1506 C1 com.sun.javafx.tk.quantum.GlassViewEventHandler.handleMouseEvent(Lcom/sun/glass/ui/View;JIIIIIIIZZ)V (108 bytes) @ 0x00000000029b789c [0x00000000029b7480+0x41c]
J 1149 C1 com.sun.glass.ui.View.notifyMouse(IIIIIIIZZ)V (221 bytes) @ 0x00000000028d095c [0x00000000028cf860+0x10fc]
v  ~StubRoutines::call_stub
j  com.sun.glass.ui.win.WinApplication._runLoop(Ljava/lang/Runnable;)V+0
j  com.sun.glass.ui.win.WinApplication.lambda$null$148(ILjava/lang/Runnable;)V+8
j  com.sun.glass.ui.win.WinApplication$$Lambda$38.run()V+12
j  java.lang.Thread.run()V+11
v  ~StubRoutines::call_stub

---------------  P R O C E S S  ---------------

Java Threads: ( => current thread )
  0x0000000028725000 JavaThread "Prism Font Disposer" daemon [_thread_blocked, id=900, stack(0x000000002f640000,0x000000002f740000)]
  0x0000000028365000 JavaThread "Thread-3" daemon [_thread_in_native, id=2092, stack(0x000000002d520000,0x000000002d620000)]
  0x000000002834f000 JavaThread "JavaFX-Launcher" [_thread_blocked, id=5348, stack(0x000000002d620000,0x000000002d720000)]
=>0x00000000282d1000 JavaThread "JavaFX Application Thread" [_thread_in_vm, id=6644, stack(0x0000000029220000,0x0000000029320000)]
  0x00000000282c4000 JavaThread "Thread-1" daemon [_thread_blocked, id=3120, stack(0x0000000029120000,0x0000000029220000)]
  0x00000000282aa000 JavaThread "QuantumRenderer-0" daemon [_thread_blocked, id=9164, stack(0x0000000028a50000,0x0000000028b50000)]
  0x000000002751e000 JavaThread "Service Thread" daemon [_thread_blocked, id=6116, stack(0x0000000028050000,0x0000000028150000)]
  0x0000000027498800 JavaThread "C1 CompilerThread3" daemon [_thread_blocked, id=7496, stack(0x0000000027f50000,0x0000000028050000)]
  0x000000002748f800 JavaThread "C2 CompilerThread2" daemon [_thread_blocked, id=5508, stack(0x0000000027e50000,0x0000000027f50000)]
  0x000000002748b800 JavaThread "C2 CompilerThread1" daemon [_thread_blocked, id=6624, stack(0x0000000027d50000,0x0000000027e50000)]
  0x000000002748a000 JavaThread "C2 CompilerThread0" daemon [_thread_blocked, id=5528, stack(0x0000000027c50000,0x0000000027d50000)]
  0x0000000027488800 JavaThread "Attach Listener" daemon [_thread_blocked, id=724, stack(0x0000000027b50000,0x0000000027c50000)]
  0x0000000027487800 JavaThread "Signal Dispatcher" daemon [_thread_blocked, id=8984, stack(0x0000000027a50000,0x0000000027b50000)]
  0x0000000027480800 JavaThread "Finalizer" daemon [_thread_blocked, id=1540, stack(0x0000000027860000,0x0000000027960000)]
  0x00000000024e7000 JavaThread "Reference Handler" daemon [_thread_blocked, id=1756, stack(0x0000000027360000,0x0000000027460000)]
  0x00000000023f0800 JavaThread "main" [_thread_blocked, id=9872, stack(0x0000000002260000,0x0000000002360000)]

Other Threads:
  0x0000000025599800 VMThread [stack: 0x0000000027260000,0x0000000027360000] [id=5248]
  0x000000002755a000 WatcherThread [stack: 0x0000000028150000,0x0000000028250000] [id=8452]

VM state:not at safepoint (normal execution)

VM Mutex/Monitor currently owned by a thread: None

Heap:
 PSYoungGen      total 153088K, used 55873K [0x0000000715900000, 0x0000000720380000, 0x00000007c0000000)
  eden space 131584K, 42% used [0x0000000715900000,0x0000000718f90630,0x000000071d980000)
  from space 21504K, 0% used [0x000000071ee80000,0x000000071ee80000,0x0000000720380000)
  to   space 21504K, 0% used [0x000000071d980000,0x000000071d980000,0x000000071ee80000)
 ParOldGen       total 349696K, used 0K [0x00000005c0a00000, 0x00000005d5f80000, 0x0000000715900000)
  object space 349696K, 0% used [0x00000005c0a00000,0x00000005c0a00000,0x00000005d5f80000)
 Metaspace       used 18184K, capacity 19326K, committed 19584K, reserved 1067008K
  class space    used 2647K, capacity 2875K, committed 2944K, reserved 1048576K

Card table byte_map: [0x00000000118b0000,0x00000000128b0000] byte_map_base: 0x000000000eaab000

Marking Bits: (ParMarkBitMap*) 0x0000000051b40600
 Begin Bits: [0x0000000013b60000, 0x000000001bb38000)
 End Bits:   [0x000000001bb38000, 0x0000000023b10000)

Polling page: 0x00000000004f0000

CodeCache: size=245760Kb used=7000Kb max_used=7000Kb free=238759Kb
 bounds [0x00000000024f0000, 0x0000000002bd0000, 0x00000000114f0000]
 total_blobs=2911 nmethods=2245 adapters=577
 compilation: enabled

Compilation events (10 events):
Event: 7.967 Thread 0x0000000027498800 2240       3       com.sun.javafx.geom.Path2D::needRoom (137 bytes)
Event: 7.969 Thread 0x0000000027498800 nmethod 2240 0x0000000002bc8410 code [0x0000000002bc85e0, 0x0000000002bc9008]
Event: 8.034 Thread 0x0000000027498800 2242       1       java.util.logging.LogManager$LoggerContext::getOwner (5 bytes)
Event: 8.034 Thread 0x0000000027498800 nmethod 2242 0x0000000002bc9390 code [0x0000000002bc94e0, 0x0000000002bc95f0]
Event: 8.035 Thread 0x0000000027498800 2243       3       java.util.regex.Pattern$Curly::match (86 bytes)
Event: 8.036 Thread 0x0000000027498800 nmethod 2243 0x0000000002bc9650 code [0x0000000002bc9800, 0x0000000002bc9df8]
Event: 8.036 Thread 0x0000000027498800 2244       3       java.util.regex.Pattern$Single::isSatisfiedBy (14 bytes)
Event: 8.036 Thread 0x0000000027498800 nmethod 2244 0x0000000002bc9f90 code [0x0000000002bca0e0, 0x0000000002bca290]
Event: 8.036 Thread 0x0000000027498800 2245       1       java.util.Formatter$Flags::valueOf (5 bytes)
Event: 8.036 Thread 0x0000000027498800 nmethod 2245 0x0000000002bca310 code [0x0000000002bca460, 0x0000000002bca570]

GC Heap History (0 events):
No events

Deoptimization events (10 events):
Event: 4.865 Thread 0x00000000282d1000 Uncommon trap: reason=array_check action=maybe_recompile pc=0x0000000002a74430 method=com.sun.javafx.css.SimpleSelector.applies(Ljavafx/css/Styleable;[Ljava/util/Set;I)Z @ 37
Event: 4.865 Thread 0x00000000282d1000 Uncommon trap: reason=array_check action=maybe_recompile pc=0x0000000002a74430 method=com.sun.javafx.css.SimpleSelector.applies(Ljavafx/css/Styleable;[Ljava/util/Set;I)Z @ 37
Event: 4.871 Thread 0x00000000282d1000 Uncommon trap: reason=null_check action=make_not_entrant pc=0x00000000029e294c method=javafx.scene.Node$MiscProperties.getClip()Ljavafx/scene/Node; @ 20
Event: 4.871 Thread 0x00000000282d1000 Uncommon trap: reason=null_check action=make_not_entrant pc=0x0000000002a38f5c method=javafx.scene.Node$MiscProperties.getClip()Ljavafx/scene/Node; @ 20
Event: 4.874 Thread 0x00000000282aa000 Uncommon trap: reason=unstable_if action=reinterpret pc=0x000000000297b484 method=com.sun.javafx.geom.RectBounds.isEmpty()Z @ 21
Event: 5.471 Thread 0x00000000282d1000 Uncommon trap: reason=unstable_if action=reinterpret pc=0x000000000298ab18 method=com.sun.javafx.css.BitSet.add(Ljava/lang/Object;)Z @ 91
Event: 5.705 Thread 0x00000000282d1000 Uncommon trap: reason=unstable_if action=reinterpret pc=0x0000000002ab7188 method=javafx.scene.Node.impl_intersectsBounds(Lcom/sun/javafx/geom/PickRay;)D @ 902
Event: 6.025 Thread 0x00000000282d1000 Uncommon trap: reason=array_check action=maybe_recompile pc=0x0000000002a9e3a4 method=com.sun.javafx.css.SimpleSelector.applies(Ljavafx/css/Styleable;[Ljava/util/Set;I)Z @ 37
Event: 6.025 Thread 0x00000000282d1000 Uncommon trap: reason=unstable_if action=reinterpret pc=0x0000000002a6c370 method=com.sun.javafx.css.SimpleSelector.applies(Ljavafx/css/Styleable;)Z @ 7
Event: 6.036 Thread 0x00000000282d1000 Uncommon trap: reason=unstable_if action=reinterpret pc=0x0000000002a41ce0 method=com.sun.javafx.css.BitSet.addAll(Ljava/util/Collection;)Z @ 1

Internal exceptions (10 events):
Event: 0.096 Thread 0x00000000023f0800 Exception <a 'java/security/PrivilegedActionException'> (0x0000000715b27478) thrown at [D:\re\workspace\8-2-build-windows-amd64-cygwin\jdk8u77\6540\hotspot\src\share\vm\prims\jvm.cpp, line 1386]
Event: 0.096 Thread 0x00000000023f0800 Exception <a 'java/security/PrivilegedActionException'> (0x0000000715b27688) thrown at [D:\re\workspace\8-2-build-windows-amd64-cygwin\jdk8u77\6540\hotspot\src\share\vm\prims\jvm.cpp, line 1386]
Event: 0.096 Thread 0x00000000023f0800 Exception <a 'java/security/PrivilegedActionException'> (0x0000000715b2b4d0) thrown at [D:\re\workspace\8-2-build-windows-amd64-cygwin\jdk8u77\6540\hotspot\src\share\vm\prims\jvm.cpp, line 1386]
Event: 0.096 Thread 0x00000000023f0800 Exception <a 'java/security/PrivilegedActionException'> (0x0000000715b2b6e0) thrown at [D:\re\workspace\8-2-build-windows-amd64-cygwin\jdk8u77\6540\hotspot\src\share\vm\prims\jvm.cpp, line 1386]
Event: 0.096 Thread 0x00000000023f0800 Exception <a 'java/lang/NullPointerException'> (0x0000000715b2bcb8) thrown at [D:\re\workspace\8-2-build-windows-amd64-cygwin\jdk8u77\6540\hotspot\src\share\vm\interpreter\linkResolver.cpp, line 1178]
Event: 0.322 Thread 0x00000000282d1000 Exception <a 'java/lang/NullPointerException'> (0x0000000717147d58) thrown at [D:\re\workspace\8-2-build-windows-amd64-cygwin\jdk8u77\6540\hotspot\src\share\vm\interpreter\linkResolver.cpp, line 1178]
Event: 0.322 Thread 0x00000000282d1000 Exception <a 'java/lang/NullPointerException'> (0x0000000717147d58) thrown at [D:\re\workspace\8-2-build-windows-amd64-cygwin\jdk8u77\6540\hotspot\src\share\vm\prims\jvm.cpp, line 1390]
Event: 4.871 Thread 0x00000000282d1000 Implicit null exception at 0x00000000029e2908 to 0x00000000029e2942
Event: 4.871 Thread 0x00000000282d1000 Implicit null exception at 0x0000000002a38928 to 0x0000000002a38f51
Event: 6.036 Thread 0x00000000282d1000 Implicit null exception at 0x0000000002a417b1 to 0x0000000002a41cc9

Events (10 events):
Event: 8.035 loading class java/util/IdentityHashMap$KeySet
Event: 8.035 loading class java/util/IdentityHashMap$KeySet done
Event: 8.035 loading class sun/util/logging/resources/logging_sv_SE
Event: 8.035 loading class sun/util/logging/resources/logging_sv_SE done
Event: 8.035 loading class java/util/Formatter$DateTime
Event: 8.035 loading class java/util/Formatter$DateTime done
Event: 8.044 loading class org/sqlite/ExtendedCommand
Event: 8.044 loading class org/sqlite/ExtendedCommand done
Event: 8.044 loading class org/sqlite/ExtendedCommand$SQLExtension
Event: 8.044 loading class org/sqlite/ExtendedCommand$SQLExtension done


Dynamic libraries:
0x00007ff62a240000 - 0x00007ff62a277000 	C:\Program Files\Java\jdk1.8.0_77\jre\bin\java.exe
0x00007ffbf9710000 - 0x00007ffbf98d1000 	C:\WINDOWS\SYSTEM32\ntdll.dll
0x00007ffbf95e0000 - 0x00007ffbf968d000 	C:\WINDOWS\system32\KERNEL32.DLL
0x00007ffbf68c0000 - 0x00007ffbf6aa8000 	C:\WINDOWS\system32\KERNELBASE.dll
0x00007ffbf8b40000 - 0x00007ffbf8be7000 	C:\WINDOWS\system32\ADVAPI32.dll
0x00007ffbf8e20000 - 0x00007ffbf8ebd000 	C:\WINDOWS\system32\msvcrt.dll
0x00007ffbf8c60000 - 0x00007ffbf8cbb000 	C:\WINDOWS\system32\sechost.dll
0x00007ffbf8ec0000 - 0x00007ffbf8fdc000 	C:\WINDOWS\system32\RPCRT4.dll
0x00007ffbf7050000 - 0x00007ffbf71a6000 	C:\WINDOWS\system32\USER32.dll
0x00007ffbf8fe0000 - 0x00007ffbf9166000 	C:\WINDOWS\system32\GDI32.dll
0x00007ffbf0160000 - 0x00007ffbf03d4000 	C:\WINDOWS\WinSxS\amd64_microsoft.windows.common-controls_6595b64144ccf1df_6.0.10586.0_none_8c15ae12515e1c22\COMCTL32.dll
0x00007ffbf9170000 - 0x00007ffbf93ed000 	C:\WINDOWS\system32\combase.dll
0x00007ffbf5dc0000 - 0x00007ffbf5e2a000 	C:\WINDOWS\system32\bcryptPrimitives.dll
0x00007ffbf8930000 - 0x00007ffbf896b000 	C:\WINDOWS\system32\IMM32.DLL
0x0000000051250000 - 0x0000000051322000 	C:\Program Files\Java\jdk1.8.0_77\jre\bin\msvcr100.dll
0x0000000051330000 - 0x0000000051bc0000 	C:\Program Files\Java\jdk1.8.0_77\jre\bin\server\jvm.dll
0x00007ffbf9700000 - 0x00007ffbf9708000 	C:\WINDOWS\system32\PSAPI.DLL
0x00007ffbf3fb0000 - 0x00007ffbf3fd3000 	C:\WINDOWS\SYSTEM32\WINMM.dll
0x00007ffbef4b0000 - 0x00007ffbef4b9000 	C:\WINDOWS\SYSTEM32\WSOCK32.dll
0x00007ffbf2bc0000 - 0x00007ffbf2bca000 	C:\WINDOWS\SYSTEM32\VERSION.dll
0x00007ffbf9690000 - 0x00007ffbf96fb000 	C:\WINDOWS\system32\WS2_32.dll
0x00007ffbf3f50000 - 0x00007ffbf3f7c000 	C:\WINDOWS\SYSTEM32\WINMMBASE.dll
0x00007ffbf6850000 - 0x00007ffbf6893000 	C:\WINDOWS\system32\cfgmgr32.dll
0x0000000051200000 - 0x000000005120f000 	C:\Program Files\Java\jdk1.8.0_77\jre\bin\verify.dll
0x00000000511d0000 - 0x00000000511f9000 	C:\Program Files\Java\jdk1.8.0_77\jre\bin\java.dll
0x00000000511b0000 - 0x00000000511c6000 	C:\Program Files\Java\jdk1.8.0_77\jre\bin\zip.dll
0x00007ffbf7210000 - 0x00007ffbf876c000 	C:\WINDOWS\system32\SHELL32.dll
0x00007ffbf6200000 - 0x00007ffbf6845000 	C:\WINDOWS\system32\windows.storage.dll
0x00007ffbf9580000 - 0x00007ffbf95d2000 	C:\WINDOWS\system32\shlwapi.dll
0x00007ffbf5d90000 - 0x00007ffbf5d9f000 	C:\WINDOWS\system32\kernel.appcore.dll
0x00007ffbf6140000 - 0x00007ffbf61f5000 	C:\WINDOWS\system32\shcore.dll
0x00007ffbf5d40000 - 0x00007ffbf5d8b000 	C:\WINDOWS\system32\powrprof.dll
0x00007ffbf5da0000 - 0x00007ffbf5db4000 	C:\WINDOWS\system32\profapi.dll
0x00007ffbd72d0000 - 0x00007ffbd73bf000 	C:\Program Files\Java\jdk1.8.0_77\jre\bin\msvcr120.dll
0x00007ffbec820000 - 0x00007ffbec8c6000 	C:\Program Files\Java\jdk1.8.0_77\jre\bin\msvcp120.dll
0x0000000050e80000 - 0x0000000050ea3000 	C:\Program Files\Java\jdk1.8.0_77\jre\bin\prism_d3d.dll
0x00007ffbdd3f0000 - 0x00007ffbdd600000 	C:\WINDOWS\system32\d3d9.dll
0x00007ffbf3c90000 - 0x00007ffbf3cb2000 	C:\WINDOWS\SYSTEM32\dwmapi.dll
0x00007ffbf46b0000 - 0x00007ffbf4746000 	C:\WINDOWS\system32\uxtheme.dll
0x00007ffbd2030000 - 0x00007ffbd2f6f000 	C:\WINDOWS\SYSTEM32\nvd3dumx.dll
0x00007ffbeb7c0000 - 0x00007ffbeb98c000 	C:\WINDOWS\system32\nvspcap64.dll
0x00007ffbf8cd0000 - 0x00007ffbf8e13000 	C:\WINDOWS\system32\ole32.dll
0x00007ffbf93f0000 - 0x00007ffbf94b1000 	C:\WINDOWS\system32\OLEAUT32.dll
0x00007ffbf6b10000 - 0x00007ffbf6f39000 	C:\WINDOWS\system32\SETUPAPI.dll
0x00007ffbedc60000 - 0x00007ffbedd28000 	C:\WINDOWS\SYSTEM32\WINHTTP.dll
0x00007ffbef4f0000 - 0x00007ffbef84b000 	C:\WINDOWS\system32\nvapi64.dll
0x00007ffbf5a40000 - 0x00007ffbf5a6d000 	C:\WINDOWS\SYSTEM32\SspiCli.dll
0x0000000050e30000 - 0x0000000050e73000 	C:\Program Files\Java\jdk1.8.0_77\jre\bin\glass.dll
0x00007ffbf6f40000 - 0x00007ffbf704b000 	C:\WINDOWS\system32\COMDLG32.dll
0x00007ffbf5e30000 - 0x00007ffbf5eb6000 	C:\WINDOWS\system32\FirewallAPI.dll
0x00007ffbf68a0000 - 0x00007ffbf68b7000 	C:\WINDOWS\system32\NETAPI32.dll
0x00007ffbf4040000 - 0x00007ffbf404c000 	C:\WINDOWS\SYSTEM32\DAVHLPR.DLL
0x00007ffbf4ab0000 - 0x00007ffbf4ae2000 	C:\WINDOWS\SYSTEM32\fwbase.dll
0x00007ffbf8770000 - 0x00007ffbf88ca000 	C:\WINDOWS\system32\MSCTF.dll
0x00007ffbf5710000 - 0x00007ffbf5727000 	C:\WINDOWS\SYSTEM32\CRYPTSP.dll
0x00007ffbf53a0000 - 0x00007ffbf53d4000 	C:\WINDOWS\system32\rsaenh.dll
0x00007ffbf5930000 - 0x00007ffbf5959000 	C:\WINDOWS\SYSTEM32\bcrypt.dll
0x00007ffbf54f0000 - 0x00007ffbf550f000 	C:\WINDOWS\SYSTEM32\USERENV.dll
0x00007ffbf5830000 - 0x00007ffbf583b000 	C:\WINDOWS\SYSTEM32\CRYPTBASE.dll
0x0000000051190000 - 0x00000000511aa000 	C:\Program Files\Java\jdk1.8.0_77\jre\bin\net.dll
0x00007ffbf5660000 - 0x00007ffbf56bc000 	C:\WINDOWS\system32\mswsock.dll
0x00007ffbf2b80000 - 0x00007ffbf2bb8000 	C:\WINDOWS\SYSTEM32\IPHLPAPI.DLL
0x00007ffbf8cc0000 - 0x00007ffbf8cc8000 	C:\WINDOWS\system32\NSI.dll
0x00007ffbf0940000 - 0x00007ffbf0956000 	C:\WINDOWS\SYSTEM32\dhcpcsvc6.DLL
0x00007ffbf2680000 - 0x00007ffbf269a000 	C:\WINDOWS\SYSTEM32\dhcpcsvc.DLL
0x0000000051170000 - 0x0000000051181000 	C:\Program Files\Java\jdk1.8.0_77\jre\bin\nio.dll
0x000000006d580000 - 0x000000006d63d000 	C:\Users\Jesper\AppData\Local\Temp\sqlite-3.8.11.2-3b2ae640-0791-4c21-aae6-62cc8f174b72-sqlitejdbc.dll
0x0000000050e10000 - 0x0000000050e24000 	C:\Program Files\Java\jdk1.8.0_77\jre\bin\javafx_font.dll
0x00007ffbecc70000 - 0x00007ffbeced0000 	C:\WINDOWS\SYSTEM32\dwrite.dll
0x00007ffbf94c0000 - 0x00007ffbf9567000 	C:\WINDOWS\system32\clbcatq.dll
0x00007ffbf3310000 - 0x00007ffbf34c1000 	C:\WINDOWS\SYSTEM32\WindowsCodecs.dll
0x00007ffbeb220000 - 0x00007ffbeb26a000 	C:\WINDOWS\system32\dataexchange.dll
0x00007ffbf3800000 - 0x00007ffbf3aa8000 	C:\WINDOWS\system32\d3d11.dll
0x00007ffbf4130000 - 0x00007ffbf4213000 	C:\WINDOWS\system32\dcomp.dll
0x00007ffbf3750000 - 0x00007ffbf37f3000 	C:\WINDOWS\system32\dxgi.dll
0x00007ffbf4850000 - 0x00007ffbf4950000 	C:\WINDOWS\system32\twinapi.appcore.dll
0x00007ffbed4c0000 - 0x00007ffbed4f4000 	C:\Program Files\Common Files\Microsoft Shared\Ink\rtscom.dll
0x0000000050df0000 - 0x0000000050e01000 	C:\Program Files\Java\jdk1.8.0_77\jre\bin\prism_common.dll
0x00007ffbe7070000 - 0x00007ffbe71fc000 	C:\WINDOWS\SYSTEM32\dbghelp.dll

VM Arguments:
jvm_args: -Dfile.encoding=UTF-8 
java_command: C:\Users\Jesper\Documents\NetBeansProjects\Delta-projekt\dist\run686391116\Delta-projekt.jar
java_class_path (initial): C:\Users\Jesper\Documents\NetBeansProjects\Delta-projekt\dist\run686391116\Delta-projekt.jar
Launcher Type: SUN_STANDARD

Environment Variables:
PATH=C:\Program Files (x86)\NZXT\CAM\FPS\;C:\ProgramData\Oracle\Java\javapath;C:\Program Files (x86)\Intel\iCLS Client\;C:\Program Files\Intel\iCLS Client\;C:\WINDOWS\system32;C:\WINDOWS;C:\WINDOWS\System32\Wbem;C:\WINDOWS\System32\WindowsPowerShell\v1.0\;C:\Program Files (x86)\Intel\Intel(R) Management Engine Components\DAL;C:\Program Files\Intel\Intel(R) Management Engine Components\DAL;C:\Program Files (x86)\Intel\Intel(R) Management Engine Components\IPT;C:\Program Files\Intel\Intel(R) Management Engine Components\IPT;D:\Program\Skype\Phone\;C:\Program Files (x86)\NVIDIA Corporation\PhysX\Common;C:\WINDOWS\system32;C:\WINDOWS;C:\WINDOWS\System32\Wbem;C:\WINDOWS\System32\WindowsPowerShell\v1.0\;C:\Program Files\Java\jdk1.8.0_73\bin
USERNAME=Jesper
OS=Windows_NT
PROCESSOR_IDENTIFIER=Intel64 Family 6 Model 94 Stepping 3, GenuineIntel



---------------  S Y S T E M  ---------------

OS: Windows 10.0 , 64 bit Build 10586 (10.0.10586.0)

CPU:total 8 (4 cores per cpu, 2 threads per core) family 6 model 94 stepping 3, cmov, cx8, fxsr, mmx, sse, sse2, sse3, ssse3, sse4.1, sse4.2, popcnt, avx, avx2, aes, clmul, erms, rtm, 3dnowpref, lzcnt, ht, tsc, tscinvbit, bmi1, bmi2, adx

Memory: 4k page, physical 33512816k(29200920k free), swap 38493552k(33043580k free)

vm_info: Java HotSpot(TM) 64-Bit Server VM (25.77-b03) for windows-amd64 JRE (1.8.0_77-b03), built on Mar 20 2016 22:01:33 by "java_re" with MS VC++ 10.0 (VS2010)

time: Thu Apr 14 19:27:49 2016
elapsed time: 8 seconds (0d 0h 0m 8s)

