#
# A fatal error has been detected by the Java Runtime Environment:
#
#  EXCEPTION_ACCESS_VIOLATION (0xc0000005) at pc=0x0000000051473982, pid=8412, tid=2876
#
# JRE version: Java(TM) SE Runtime Environment (8.0_77-b03) (build 1.8.0_77-b03)
# Java VM: Java HotSpot(TM) 64-Bit Server VM (25.77-b03 mixed mode windows-amd64 compressed oops)
# Problematic frame:
# V  [jvm.dll+0x143982]
#
# Failed to write core dump. Minidumps are not enabled by default on client versions of Windows
#
# If you would like to submit a bug report, please visit:
#   http://bugreport.java.com/bugreport/crash.jsp
#

---------------  T H R E A D  ---------------

Current thread (0x00000000282f5000):  JavaThread "JavaFX Application Thread" [_thread_in_vm, id=2876, stack(0x0000000029200000,0x0000000029300000)]

siginfo: ExceptionCode=0xc0000005, reading address 0x0000000000000000

Registers:
RAX=0x0000000000000000, RBX=0x00000000282f5000, RCX=0x0000000000000500, RDX=0x0000000000000000
RSP=0x00000000292fc930, RBP=0x0000000000000000, RSI=0x0000000000000000, RDI=0x0000000000000000
R8 =0x0000000000000000, R9 =0x0000000716eccaf8, R10=0x0000000000000018, R11=0x0000000051b322a8
R12=0x0000000000000000, R13=0x0000000025162290, R14=0x00000000292fcac8, R15=0x00000000282f5000
RIP=0x0000000051473982, EFLAGS=0x0000000000010202

Top of Stack: (sp=0x00000000292fc930)
0x00000000292fc930:   00000000292fc9f0 0000000051509c47
0x00000000292fc940:   00000000292fc9f0 000000006d5820c0
0x00000000292fc950:   00000000282f5000 0000000000000000
0x00000000292fc960:   0000000025162290 00000000282f5000
0x00000000292fc970:   00000000282f5000 0000000028293af0
0x00000000292fc980:   0000000025162298 00000000292fcac8
0x00000000292fc990:   00000000282e1cb0 00000000282f51f8
0x00000000292fc9a0:   000000000048cd08 000000006d5820f0
0x00000000292fc9b0:   00000000292fcac8 0000000000000000
0x00000000292fc9c0:   0000000025162298 00000000282f51f8
0x00000000292fc9d0:   0000000025162298 00000000282f5000
0x00000000292fc9e0:   0000000002497730 00000000024a67c9
0x00000000292fc9f0:   00000000282e1c00 0000000025162298
0x00000000292fca00:   0000000050200021 0000000002497730
0x00000000292fca10:   00000000292fcaa0 00000000024a6937
0x00000000292fca20:   0000000002497730 00000000024a651d 

Instructions: (pc=0x0000000051473982)
0x0000000051473962:   89 5c 24 20 48 89 74 24 28 48 39 73 08 74 0a 48
0x0000000051473972:   8d 4c 24 20 e8 c5 5b 13 00 40 38 35 3e d9 6b 00
0x0000000051473982:   48 8b 3f 48 63 05 40 53 6a 00 74 1b 8b 0c 38 85
0x0000000051473992:   c9 74 7c 8b c1 8b 0d e3 2d 65 00 48 d3 e0 48 03 


Register to memory mapping:

RAX=0x0000000000000000 is an unknown value
RBX=0x00000000282f5000 is a thread
RCX=0x0000000000000500 is an unknown value
RDX=0x0000000000000000 is an unknown value
RSP=0x00000000292fc930 is pointing into the stack for thread: 0x00000000282f5000
RBP=0x0000000000000000 is an unknown value
RSI=0x0000000000000000 is an unknown value
RDI=0x0000000000000000 is an unknown value
R8 =0x0000000000000000 is an unknown value
R9 =0x0000000716eccaf8 is an oop
org.sqlite.core.NativeDB 
 - klass: 'org/sqlite/core/NativeDB'
R10=0x0000000000000018 is an unknown value
R11=0x0000000051b322a8 is an unknown value
R12=0x0000000000000000 is an unknown value
R13=0x0000000025162290 is pointing into metadata
R14=0x00000000292fcac8 is pointing into the stack for thread: 0x00000000282f5000
R15=0x00000000282f5000 is a thread


Stack: [0x0000000029200000,0x0000000029300000],  sp=0x00000000292fc930,  free space=1010k
Native frames: (J=compiled Java code, j=interpreted, Vv=VM code, C=native code)

Java frames: (J=compiled Java code, j=interpreted, Vv=VM code)
j  org.sqlite.core.NativeDB._exec(Ljava/lang/String;)I+0
j  org.sqlite.jdbc3.JDBC3Statement.executeUpdate(Ljava/lang/String;)I+46
j  delta.projekt.DBUtils.executeUpdate(Ljava/lang/String;)I+20
j  delta.projekt.Database.updateShip(Ldelta/projekt/Ship;)V+166
j  delta.projekt.DeltaProjekt$12.handle(Ljavafx/event/ActionEvent;)V+77
j  delta.projekt.DeltaProjekt$12.handle(Ljavafx/event/Event;)V+5
J 1848 C1 com.sun.javafx.event.CompositeEventHandler.dispatchBubblingEvent(Ljavafx/event/Event;)V (57 bytes) @ 0x0000000002a48064 [0x0000000002a47c80+0x3e4]
J 1220 C1 com.sun.javafx.event.EventHandlerManager.dispatchBubblingEvent(Ljavafx/event/Event;)Ljavafx/event/Event; (23 bytes) @ 0x000000000289c1cc [0x000000000289bb20+0x6ac]
J 1269 C1 com.sun.javafx.event.CompositeEventDispatcher.dispatchBubblingEvent(Ljavafx/event/Event;)Ljavafx/event/Event; (35 bytes) @ 0x00000000028ada1c [0x00000000028ad860+0x1bc]
J 1081 C1 com.sun.javafx.event.BasicEventDispatcher.dispatchEvent(Ljavafx/event/Event;Ljavafx/event/EventDispatchChain;)Ljavafx/event/Event; (44 bytes) @ 0x000000000283bc7c [0x000000000283b940+0x33c]
J 1044 C1 com.sun.javafx.event.EventDispatchChainImpl.dispatchEvent(Ljavafx/event/Event;)Ljavafx/event/Event; (101 bytes) @ 0x000000000282eb7c [0x000000000282e9c0+0x1bc]
J 1081 C1 com.sun.javafx.event.BasicEventDispatcher.dispatchEvent(Ljavafx/event/Event;Ljavafx/event/EventDispatchChain;)Ljavafx/event/Event; (44 bytes) @ 0x000000000283bb94 [0x000000000283b940+0x254]
J 1044 C1 com.sun.javafx.event.EventDispatchChainImpl.dispatchEvent(Ljavafx/event/Event;)Ljavafx/event/Event; (101 bytes) @ 0x000000000282eb7c [0x000000000282e9c0+0x1bc]
J 1081 C1 com.sun.javafx.event.BasicEventDispatcher.dispatchEvent(Ljavafx/event/Event;Ljavafx/event/EventDispatchChain;)Ljavafx/event/Event; (44 bytes) @ 0x000000000283bb94 [0x000000000283b940+0x254]
J 1044 C1 com.sun.javafx.event.EventDispatchChainImpl.dispatchEvent(Ljavafx/event/Event;)Ljavafx/event/Event; (101 bytes) @ 0x000000000282eb7c [0x000000000282e9c0+0x1bc]
J 1603 C1 com.sun.javafx.event.EventUtil.fireEvent(Ljavafx/event/EventTarget;Ljavafx/event/Event;)Ljavafx/event/Event; (81 bytes) @ 0x000000000297a86c [0x0000000002979c80+0xbec]
J 1602 C1 javafx.event.Event.fireEvent(Ljavafx/event/EventTarget;Ljavafx/event/Event;)V (35 bytes) @ 0x000000000297962c [0x0000000002979560+0xcc]
j  javafx.scene.Node.fireEvent(Ljavafx/event/Event;)V+86
j  javafx.scene.control.Button.fire()V+15
j  com.sun.javafx.scene.control.behavior.ButtonBehavior.mouseReleased(Ljavafx/scene/input/MouseEvent;)V+23
j  com.sun.javafx.scene.control.skin.BehaviorSkinBase$1.handle(Ljavafx/scene/input/MouseEvent;)V+83
j  com.sun.javafx.scene.control.skin.BehaviorSkinBase$1.handle(Ljavafx/event/Event;)V+5
J 1890 C1 com.sun.javafx.event.CompositeEventHandler$NormalEventHandlerRecord.handleBubblingEvent(Ljavafx/event/Event;)V (11 bytes) @ 0x0000000002a694cc [0x0000000002a693c0+0x10c]
J 1848 C1 com.sun.javafx.event.CompositeEventHandler.dispatchBubblingEvent(Ljavafx/event/Event;)V (57 bytes) @ 0x0000000002a47ecc [0x0000000002a47c80+0x24c]
J 1220 C1 com.sun.javafx.event.EventHandlerManager.dispatchBubblingEvent(Ljavafx/event/Event;)Ljavafx/event/Event; (23 bytes) @ 0x000000000289c1cc [0x000000000289bb20+0x6ac]
J 1269 C1 com.sun.javafx.event.CompositeEventDispatcher.dispatchBubblingEvent(Ljavafx/event/Event;)Ljavafx/event/Event; (35 bytes) @ 0x00000000028ada1c [0x00000000028ad860+0x1bc]
J 1081 C1 com.sun.javafx.event.BasicEventDispatcher.dispatchEvent(Ljavafx/event/Event;Ljavafx/event/EventDispatchChain;)Ljavafx/event/Event; (44 bytes) @ 0x000000000283bc7c [0x000000000283b940+0x33c]
J 1044 C1 com.sun.javafx.event.EventDispatchChainImpl.dispatchEvent(Ljavafx/event/Event;)Ljavafx/event/Event; (101 bytes) @ 0x000000000282eb7c [0x000000000282e9c0+0x1bc]
J 1081 C1 com.sun.javafx.event.BasicEventDispatcher.dispatchEvent(Ljavafx/event/Event;Ljavafx/event/EventDispatchChain;)Ljavafx/event/Event; (44 bytes) @ 0x000000000283bb94 [0x000000000283b940+0x254]
J 1044 C1 com.sun.javafx.event.EventDispatchChainImpl.dispatchEvent(Ljavafx/event/Event;)Ljavafx/event/Event; (101 bytes) @ 0x000000000282eb7c [0x000000000282e9c0+0x1bc]
J 1081 C1 com.sun.javafx.event.BasicEventDispatcher.dispatchEvent(Ljavafx/event/Event;Ljavafx/event/EventDispatchChain;)Ljavafx/event/Event; (44 bytes) @ 0x000000000283bb94 [0x000000000283b940+0x254]
J 1044 C1 com.sun.javafx.event.EventDispatchChainImpl.dispatchEvent(Ljavafx/event/Event;)Ljavafx/event/Event; (101 bytes) @ 0x000000000282eb7c [0x000000000282e9c0+0x1bc]
J 1603 C1 com.sun.javafx.event.EventUtil.fireEvent(Ljavafx/event/EventTarget;Ljavafx/event/Event;)Ljavafx/event/Event; (81 bytes) @ 0x000000000297a3bc [0x0000000002979c80+0x73c]
J 1647 C1 javafx.scene.Scene$MouseHandler.process(Ljavafx/scene/input/MouseEvent;Z)V (735 bytes) @ 0x000000000299d4fc [0x000000000299aa80+0x2a7c]
J 1884 C1 javafx.scene.Scene$ScenePeerListener.mouseEvent(Ljavafx/event/EventType;DDDDLjavafx/scene/input/MouseButton;ZZZZZZZZZ)V (50 bytes) @ 0x0000000002a5ed6c [0x0000000002a5eaa0+0x2cc]
J 1878 C1 com.sun.javafx.tk.quantum.GlassViewEventHandler$MouseEventNotification.run()Ljava/lang/Void; (529 bytes) @ 0x0000000002a6366c [0x0000000002a62920+0xd4c]
J 1877 C1 com.sun.javafx.tk.quantum.GlassViewEventHandler$MouseEventNotification.run()Ljava/lang/Object; (5 bytes) @ 0x0000000002a4a38c [0x0000000002a4a300+0x8c]
v  ~StubRoutines::call_stub
J 1212  java.security.AccessController.doPrivileged(Ljava/security/PrivilegedAction;Ljava/security/AccessControlContext;)Ljava/lang/Object; (0 bytes) @ 0x0000000002899866 [0x0000000002899800+0x66]
J 1659 C1 com.sun.javafx.tk.quantum.GlassViewEventHandler$$Lambda$138.get()Ljava/lang/Object; (8 bytes) @ 0x00000000029a550c [0x00000000029a5320+0x1ec]
J 1630 C1 com.sun.javafx.tk.quantum.QuantumToolkit.runWithoutRenderLock(Ljava/util/function/Supplier;)Ljava/lang/Object; (49 bytes) @ 0x000000000298afdc [0x000000000298aaa0+0x53c]
J 1656 C1 com.sun.javafx.tk.quantum.GlassViewEventHandler.handleMouseEvent(Lcom/sun/glass/ui/View;JIIIIIIIZZ)V (108 bytes) @ 0x00000000029a439c [0x00000000029a3f80+0x41c]
J 1443 C1 com.sun.glass.ui.View.notifyMouse(IIIIIIIZZ)V (221 bytes) @ 0x0000000002924dd4 [0x0000000002923ce0+0x10f4]
v  ~StubRoutines::call_stub
j  com.sun.glass.ui.win.WinApplication._runLoop(Ljava/lang/Runnable;)V+0
j  com.sun.glass.ui.win.WinApplication.lambda$null$148(ILjava/lang/Runnable;)V+8
j  com.sun.glass.ui.win.WinApplication$$Lambda$38.run()V+12
j  java.lang.Thread.run()V+11
v  ~StubRoutines::call_stub

---------------  P R O C E S S  ---------------

Java Threads: ( => current thread )
  0x0000000028825000 JavaThread "Prism Font Disposer" daemon [_thread_blocked, id=4584, stack(0x000000002e660000,0x000000002e760000)]
  0x000000002836f800 JavaThread "Thread-3" daemon [_thread_in_native, id=8100, stack(0x000000002d500000,0x000000002d600000)]
  0x000000002838d000 JavaThread "JavaFX-Launcher" [_thread_blocked, id=5492, stack(0x000000002d600000,0x000000002d700000)]
=>0x00000000282f5000 JavaThread "JavaFX Application Thread" [_thread_in_vm, id=2876, stack(0x0000000029200000,0x0000000029300000)]
  0x00000000282e4000 JavaThread "Thread-1" daemon [_thread_blocked, id=7544, stack(0x0000000029100000,0x0000000029200000)]
  0x000000002828d000 JavaThread "QuantumRenderer-0" daemon [_thread_blocked, id=9628, stack(0x0000000028a40000,0x0000000028b40000)]
  0x0000000027516000 JavaThread "Service Thread" daemon [_thread_blocked, id=3888, stack(0x0000000028040000,0x0000000028140000)]
  0x0000000027483800 JavaThread "C1 CompilerThread3" daemon [_thread_blocked, id=340, stack(0x0000000027f40000,0x0000000028040000)]
  0x000000002747f800 JavaThread "C2 CompilerThread2" daemon [_thread_blocked, id=5040, stack(0x0000000027e40000,0x0000000027f40000)]
  0x000000002747a000 JavaThread "C2 CompilerThread1" daemon [_thread_blocked, id=4352, stack(0x0000000027d40000,0x0000000027e40000)]
  0x0000000027478000 JavaThread "C2 CompilerThread0" daemon [_thread_blocked, id=6228, stack(0x0000000027c40000,0x0000000027d40000)]
  0x0000000027476800 JavaThread "Attach Listener" daemon [_thread_blocked, id=2728, stack(0x0000000027b40000,0x0000000027c40000)]
  0x0000000027475000 JavaThread "Signal Dispatcher" daemon [_thread_blocked, id=7944, stack(0x0000000027a40000,0x0000000027b40000)]
  0x000000000248d800 JavaThread "Finalizer" daemon [_thread_blocked, id=4104, stack(0x0000000027850000,0x0000000027950000)]
  0x0000000002484800 JavaThread "Reference Handler" daemon [_thread_blocked, id=7948, stack(0x0000000027350000,0x0000000027450000)]
  0x0000000002390800 JavaThread "main" [_thread_blocked, id=6172, stack(0x0000000002290000,0x0000000002390000)]

Other Threads:
  0x0000000025539800 VMThread [stack: 0x0000000027250000,0x0000000027350000] [id=6824]
  0x0000000027542000 WatcherThread [stack: 0x0000000028140000,0x0000000028240000] [id=7776]

VM state:not at safepoint (normal execution)

VM Mutex/Monitor currently owned by a thread: None

Heap:
 PSYoungGen      total 153088K, used 55881K [0x0000000715900000, 0x0000000720380000, 0x00000007c0000000)
  eden space 131584K, 42% used [0x0000000715900000,0x0000000718f926f0,0x000000071d980000)
  from space 21504K, 0% used [0x000000071ee80000,0x000000071ee80000,0x0000000720380000)
  to   space 21504K, 0% used [0x000000071d980000,0x000000071d980000,0x000000071ee80000)
 ParOldGen       total 349696K, used 0K [0x00000005c0a00000, 0x00000005d5f80000, 0x0000000715900000)
  object space 349696K, 0% used [0x00000005c0a00000,0x00000005c0a00000,0x00000005d5f80000)
 Metaspace       used 18184K, capacity 19290K, committed 19584K, reserved 1067008K
  class space    used 2652K, capacity 2885K, committed 2944K, reserved 1048576K

Card table byte_map: [0x0000000011850000,0x0000000012850000] byte_map_base: 0x000000000ea4b000

Marking Bits: (ParMarkBitMap*) 0x0000000051b40600
 Begin Bits: [0x0000000013b00000, 0x000000001bad8000)
 End Bits:   [0x000000001bad8000, 0x0000000023ab0000)

Polling page: 0x0000000000470000

CodeCache: size=245760Kb used=6864Kb max_used=6864Kb free=238895Kb
 bounds [0x0000000002490000, 0x0000000002b50000, 0x0000000011490000]
 total_blobs=2877 nmethods=2208 adapters=580
 compilation: enabled

Compilation events (10 events):
Event: 7.413 Thread 0x0000000027483800 2204       1       java.util.logging.LogManager$LoggerContext::getOwner (5 bytes)
Event: 7.413 Thread 0x0000000027483800 nmethod 2204 0x0000000002b45dd0 code [0x0000000002b45f20, 0x0000000002b46030]
Event: 7.413 Thread 0x0000000027483800 2205       1       java.lang.CharacterDataLatin1::getProperties (11 bytes)
Event: 7.413 Thread 0x0000000027483800 nmethod 2205 0x0000000002b46090 code [0x0000000002b461e0, 0x0000000002b46330]
Event: 7.414 Thread 0x0000000027483800 2206       3       java.util.regex.Pattern$Curly::match (86 bytes)
Event: 7.414 Thread 0x0000000027483800 nmethod 2206 0x0000000002b46410 code [0x0000000002b465c0, 0x0000000002b46bb8]
Event: 7.414 Thread 0x0000000027483800 2207       3       java.util.regex.Pattern$Single::isSatisfiedBy (14 bytes)
Event: 7.415 Thread 0x0000000027483800 nmethod 2207 0x0000000002b46d50 code [0x0000000002b46ea0, 0x0000000002b47050]
Event: 7.415 Thread 0x0000000027483800 2208       1       java.util.Formatter$Flags::valueOf (5 bytes)
Event: 7.415 Thread 0x0000000027483800 nmethod 2208 0x0000000002b470d0 code [0x0000000002b47220, 0x0000000002b47330]

GC Heap History (0 events):
No events

Deoptimization events (10 events):
Event: 2.316 Thread 0x00000000282f5000 Uncommon trap: reason=unstable_if action=reinterpret pc=0x00000000026469dc method=java.lang.String.startsWith(Ljava/lang/String;I)Z @ 25
Event: 4.513 Thread 0x00000000282f5000 Uncommon trap: reason=unstable_if action=reinterpret pc=0x00000000028c676c method=java.lang.ClassLoader.checkName(Ljava/lang/String;)Z @ 20
Event: 4.541 Thread 0x00000000282f5000 Uncommon trap: reason=array_check action=maybe_recompile pc=0x00000000029fb624 method=com.sun.javafx.css.SimpleSelector.applies(Ljavafx/css/Styleable;[Ljava/util/Set;I)Z @ 37
Event: 4.541 Thread 0x00000000282f5000 Uncommon trap: reason=array_check action=maybe_recompile pc=0x00000000029fb624 method=com.sun.javafx.css.SimpleSelector.applies(Ljavafx/css/Styleable;[Ljava/util/Set;I)Z @ 37
Event: 4.541 Thread 0x00000000282f5000 Uncommon trap: reason=array_check action=maybe_recompile pc=0x00000000029fb624 method=com.sun.javafx.css.SimpleSelector.applies(Ljavafx/css/Styleable;[Ljava/util/Set;I)Z @ 37
Event: 4.541 Thread 0x00000000282f5000 Uncommon trap: reason=array_check action=maybe_recompile pc=0x00000000029fb624 method=com.sun.javafx.css.SimpleSelector.applies(Ljavafx/css/Styleable;[Ljava/util/Set;I)Z @ 37
Event: 4.557 Thread 0x000000002828d000 Uncommon trap: reason=unstable_if action=reinterpret pc=0x0000000002954f44 method=com.sun.javafx.geom.RectBounds.isEmpty()Z @ 21
Event: 5.181 Thread 0x00000000282f5000 Uncommon trap: reason=unstable_if action=reinterpret pc=0x00000000028ea2b0 method=com.sun.javafx.css.BitSet.add(Ljava/lang/Object;)Z @ 91
Event: 5.711 Thread 0x00000000282f5000 Uncommon trap: reason=unstable_if action=reinterpret pc=0x00000000029f15b0 method=com.sun.javafx.css.SimpleSelector.applies(Ljavafx/css/Styleable;)Z @ 7
Event: 5.723 Thread 0x00000000282f5000 Uncommon trap: reason=unstable_if action=reinterpret pc=0x00000000029af324 method=com.sun.javafx.css.BitSet.addAll(Ljava/util/Collection;)Z @ 1

Internal exceptions (10 events):
Event: 0.069 Thread 0x0000000002390800 Exception <a 'java/lang/NoSuchFieldError': method resolution failed> (0x0000000715a8f2f8) thrown at [D:\re\workspace\8-2-build-windows-amd64-cygwin\jdk8u77\6540\hotspot\src\share\vm\prims\methodHandles.cpp, line 1146]
Event: 0.070 Thread 0x0000000002390800 Exception <a 'java/lang/NoSuchFieldError': method resolution failed> (0x0000000715a9c678) thrown at [D:\re\workspace\8-2-build-windows-amd64-cygwin\jdk8u77\6540\hotspot\src\share\vm\prims\methodHandles.cpp, line 1146]
Event: 0.081 Thread 0x0000000002390800 Exception <a 'java/security/PrivilegedActionException'> (0x0000000715b27588) thrown at [D:\re\workspace\8-2-build-windows-amd64-cygwin\jdk8u77\6540\hotspot\src\share\vm\prims\jvm.cpp, line 1386]
Event: 0.081 Thread 0x0000000002390800 Exception <a 'java/security/PrivilegedActionException'> (0x0000000715b27798) thrown at [D:\re\workspace\8-2-build-windows-amd64-cygwin\jdk8u77\6540\hotspot\src\share\vm\prims\jvm.cpp, line 1386]
Event: 0.082 Thread 0x0000000002390800 Exception <a 'java/security/PrivilegedActionException'> (0x0000000715b2b5e0) thrown at [D:\re\workspace\8-2-build-windows-amd64-cygwin\jdk8u77\6540\hotspot\src\share\vm\prims\jvm.cpp, line 1386]
Event: 0.082 Thread 0x0000000002390800 Exception <a 'java/security/PrivilegedActionException'> (0x0000000715b2b7f0) thrown at [D:\re\workspace\8-2-build-windows-amd64-cygwin\jdk8u77\6540\hotspot\src\share\vm\prims\jvm.cpp, line 1386]
Event: 0.082 Thread 0x0000000002390800 Exception <a 'java/lang/NullPointerException'> (0x0000000715b2bdc8) thrown at [D:\re\workspace\8-2-build-windows-amd64-cygwin\jdk8u77\6540\hotspot\src\share\vm\interpreter\linkResolver.cpp, line 1178]
Event: 0.313 Thread 0x00000000282f5000 Exception <a 'java/lang/NullPointerException'> (0x000000071714b220) thrown at [D:\re\workspace\8-2-build-windows-amd64-cygwin\jdk8u77\6540\hotspot\src\share\vm\interpreter\linkResolver.cpp, line 1178]
Event: 0.313 Thread 0x00000000282f5000 Exception <a 'java/lang/NullPointerException'> (0x000000071714b220) thrown at [D:\re\workspace\8-2-build-windows-amd64-cygwin\jdk8u77\6540\hotspot\src\share\vm\prims\jvm.cpp, line 1390]
Event: 5.723 Thread 0x00000000282f5000 Implicit null exception at 0x00000000029aedf1 to 0x00000000029af30d

Events (10 events):
Event: 7.414 loading class java/util/IdentityHashMap$KeySet
Event: 7.414 loading class java/util/IdentityHashMap$KeySet done
Event: 7.414 loading class sun/util/logging/resources/logging_sv_SE
Event: 7.414 loading class sun/util/logging/resources/logging_sv_SE done
Event: 7.414 loading class java/util/Formatter$DateTime
Event: 7.414 loading class java/util/Formatter$DateTime done
Event: 7.421 loading class org/sqlite/ExtendedCommand
Event: 7.421 loading class org/sqlite/ExtendedCommand done
Event: 7.421 loading class org/sqlite/ExtendedCommand$SQLExtension
Event: 7.421 loading class org/sqlite/ExtendedCommand$SQLExtension done


Dynamic libraries:
0x00007ff62a240000 - 0x00007ff62a277000 	C:\Program Files\Java\jdk1.8.0_77\jre\bin\java.exe
0x00007ffbf9710000 - 0x00007ffbf98d1000 	C:\WINDOWS\SYSTEM32\ntdll.dll
0x00007ffbf95e0000 - 0x00007ffbf968d000 	C:\WINDOWS\system32\KERNEL32.DLL
0x00007ffbf68c0000 - 0x00007ffbf6aa8000 	C:\WINDOWS\system32\KERNELBASE.dll
0x00007ffbf8b40000 - 0x00007ffbf8be7000 	C:\WINDOWS\system32\ADVAPI32.dll
0x00007ffbf8e20000 - 0x00007ffbf8ebd000 	C:\WINDOWS\system32\msvcrt.dll
0x00007ffbf8c60000 - 0x00007ffbf8cbb000 	C:\WINDOWS\system32\sechost.dll
0x00007ffbf8ec0000 - 0x00007ffbf8fdc000 	C:\WINDOWS\system32\RPCRT4.dll
0x00007ffbf7050000 - 0x00007ffbf71a6000 	C:\WINDOWS\system32\USER32.dll
0x00007ffbf8fe0000 - 0x00007ffbf9166000 	C:\WINDOWS\system32\GDI32.dll
0x00007ffbf0160000 - 0x00007ffbf03d4000 	C:\WINDOWS\WinSxS\amd64_microsoft.windows.common-controls_6595b64144ccf1df_6.0.10586.0_none_8c15ae12515e1c22\COMCTL32.dll
0x00007ffbf9170000 - 0x00007ffbf93ed000 	C:\WINDOWS\system32\combase.dll
0x00007ffbf5dc0000 - 0x00007ffbf5e2a000 	C:\WINDOWS\system32\bcryptPrimitives.dll
0x00007ffbf8930000 - 0x00007ffbf896b000 	C:\WINDOWS\system32\IMM32.DLL
0x0000000051250000 - 0x0000000051322000 	C:\Program Files\Java\jdk1.8.0_77\jre\bin\msvcr100.dll
0x0000000051330000 - 0x0000000051bc0000 	C:\Program Files\Java\jdk1.8.0_77\jre\bin\server\jvm.dll
0x00007ffbf9700000 - 0x00007ffbf9708000 	C:\WINDOWS\system32\PSAPI.DLL
0x00007ffbef4b0000 - 0x00007ffbef4b9000 	C:\WINDOWS\SYSTEM32\WSOCK32.dll
0x00007ffbf3fb0000 - 0x00007ffbf3fd3000 	C:\WINDOWS\SYSTEM32\WINMM.dll
0x00007ffbf2bc0000 - 0x00007ffbf2bca000 	C:\WINDOWS\SYSTEM32\VERSION.dll
0x00007ffbf9690000 - 0x00007ffbf96fb000 	C:\WINDOWS\system32\WS2_32.dll
0x0000000002080000 - 0x00000000020ac000 	C:\WINDOWS\SYSTEM32\WINMMBASE.dll
0x00007ffbf6850000 - 0x00007ffbf6893000 	C:\WINDOWS\system32\cfgmgr32.dll
0x0000000051200000 - 0x000000005120f000 	C:\Program Files\Java\jdk1.8.0_77\jre\bin\verify.dll
0x00000000511d0000 - 0x00000000511f9000 	C:\Program Files\Java\jdk1.8.0_77\jre\bin\java.dll
0x00000000511b0000 - 0x00000000511c6000 	C:\Program Files\Java\jdk1.8.0_77\jre\bin\zip.dll
0x00007ffbf7210000 - 0x00007ffbf876c000 	C:\WINDOWS\system32\SHELL32.dll
0x00007ffbf6200000 - 0x00007ffbf6845000 	C:\WINDOWS\system32\windows.storage.dll
0x00007ffbf9580000 - 0x00007ffbf95d2000 	C:\WINDOWS\system32\shlwapi.dll
0x00007ffbf5d90000 - 0x00007ffbf5d9f000 	C:\WINDOWS\system32\kernel.appcore.dll
0x00007ffbf6140000 - 0x00007ffbf61f5000 	C:\WINDOWS\system32\shcore.dll
0x00007ffbf5d40000 - 0x00007ffbf5d8b000 	C:\WINDOWS\system32\powrprof.dll
0x00007ffbf5da0000 - 0x00007ffbf5db4000 	C:\WINDOWS\system32\profapi.dll
0x00007ffbd72d0000 - 0x00007ffbd73bf000 	C:\Program Files\Java\jdk1.8.0_77\jre\bin\msvcr120.dll
0x00007ffbec820000 - 0x00007ffbec8c6000 	C:\Program Files\Java\jdk1.8.0_77\jre\bin\msvcp120.dll
0x0000000050e80000 - 0x0000000050ea3000 	C:\Program Files\Java\jdk1.8.0_77\jre\bin\prism_d3d.dll
0x00007ffbdd3f0000 - 0x00007ffbdd600000 	C:\WINDOWS\system32\d3d9.dll
0x00007ffbf3c90000 - 0x00007ffbf3cb2000 	C:\WINDOWS\SYSTEM32\dwmapi.dll
0x00007ffbf46b0000 - 0x00007ffbf4746000 	C:\WINDOWS\system32\uxtheme.dll
0x00007ffbd2030000 - 0x00007ffbd2f6f000 	C:\WINDOWS\SYSTEM32\nvd3dumx.dll
0x00007ffbeb7c0000 - 0x00007ffbeb98c000 	C:\WINDOWS\system32\nvspcap64.dll
0x00007ffbf8cd0000 - 0x00007ffbf8e13000 	C:\WINDOWS\system32\ole32.dll
0x00007ffbf93f0000 - 0x00007ffbf94b1000 	C:\WINDOWS\system32\OLEAUT32.dll
0x00007ffbf6b10000 - 0x00007ffbf6f39000 	C:\WINDOWS\system32\SETUPAPI.dll
0x00007ffbedc60000 - 0x00007ffbedd28000 	C:\WINDOWS\SYSTEM32\WINHTTP.dll
0x00007ffbef4f0000 - 0x00007ffbef84b000 	C:\WINDOWS\system32\nvapi64.dll
0x00007ffbf5a40000 - 0x00007ffbf5a6d000 	C:\WINDOWS\SYSTEM32\SspiCli.dll
0x0000000050e30000 - 0x0000000050e73000 	C:\Program Files\Java\jdk1.8.0_77\jre\bin\glass.dll
0x00007ffbf6f40000 - 0x00007ffbf704b000 	C:\WINDOWS\system32\COMDLG32.dll
0x00007ffbf5e30000 - 0x00007ffbf5eb6000 	C:\WINDOWS\system32\FirewallAPI.dll
0x00007ffbf68a0000 - 0x00007ffbf68b7000 	C:\WINDOWS\system32\NETAPI32.dll
0x00007ffbf4040000 - 0x00007ffbf404c000 	C:\WINDOWS\SYSTEM32\DAVHLPR.DLL
0x00007ffbf4ab0000 - 0x00007ffbf4ae2000 	C:\WINDOWS\SYSTEM32\fwbase.dll
0x00007ffbf8770000 - 0x00007ffbf88ca000 	C:\WINDOWS\system32\MSCTF.dll
0x00007ffbf5710000 - 0x00007ffbf5727000 	C:\WINDOWS\SYSTEM32\CRYPTSP.dll
0x00007ffbf53a0000 - 0x00007ffbf53d4000 	C:\WINDOWS\system32\rsaenh.dll
0x00007ffbf5930000 - 0x00007ffbf5959000 	C:\WINDOWS\SYSTEM32\bcrypt.dll
0x00007ffbf54f0000 - 0x00007ffbf550f000 	C:\WINDOWS\SYSTEM32\USERENV.dll
0x00007ffbf5830000 - 0x00007ffbf583b000 	C:\WINDOWS\SYSTEM32\CRYPTBASE.dll
0x0000000051190000 - 0x00000000511aa000 	C:\Program Files\Java\jdk1.8.0_77\jre\bin\net.dll
0x00007ffbf5660000 - 0x00007ffbf56bc000 	C:\WINDOWS\system32\mswsock.dll
0x00007ffbf2b80000 - 0x00007ffbf2bb8000 	C:\WINDOWS\SYSTEM32\IPHLPAPI.DLL
0x00007ffbf8cc0000 - 0x00007ffbf8cc8000 	C:\WINDOWS\system32\NSI.dll
0x00007ffbf0940000 - 0x00007ffbf0956000 	C:\WINDOWS\SYSTEM32\dhcpcsvc6.DLL
0x00007ffbf2680000 - 0x00007ffbf269a000 	C:\WINDOWS\SYSTEM32\dhcpcsvc.DLL
0x0000000051170000 - 0x0000000051181000 	C:\Program Files\Java\jdk1.8.0_77\jre\bin\nio.dll
0x000000006d580000 - 0x000000006d63d000 	C:\Users\Jesper\AppData\Local\Temp\sqlite-3.8.11.2-2e179bb5-18fd-4ed6-90e7-4ea5e4307cbb-sqlitejdbc.dll
0x0000000050e10000 - 0x0000000050e24000 	C:\Program Files\Java\jdk1.8.0_77\jre\bin\javafx_font.dll
0x00007ffbecc70000 - 0x00007ffbeced0000 	C:\WINDOWS\SYSTEM32\dwrite.dll
0x00007ffbf94c0000 - 0x00007ffbf9567000 	C:\WINDOWS\system32\clbcatq.dll
0x00007ffbf3310000 - 0x00007ffbf34c1000 	C:\WINDOWS\SYSTEM32\WindowsCodecs.dll
0x00007ffbeb220000 - 0x00007ffbeb26a000 	C:\WINDOWS\system32\dataexchange.dll
0x00007ffbf3800000 - 0x00007ffbf3aa8000 	C:\WINDOWS\system32\d3d11.dll
0x00007ffbf4130000 - 0x00007ffbf4213000 	C:\WINDOWS\system32\dcomp.dll
0x00007ffbf3750000 - 0x00007ffbf37f3000 	C:\WINDOWS\system32\dxgi.dll
0x00007ffbf4850000 - 0x00007ffbf4950000 	C:\WINDOWS\system32\twinapi.appcore.dll
0x00007ffbec730000 - 0x00007ffbec764000 	C:\Program Files\Common Files\Microsoft Shared\Ink\rtscom.dll
0x0000000050df0000 - 0x0000000050e01000 	C:\Program Files\Java\jdk1.8.0_77\jre\bin\prism_common.dll
0x00007ffbe7070000 - 0x00007ffbe71fc000 	C:\WINDOWS\SYSTEM32\dbghelp.dll

VM Arguments:
jvm_args: -Dfile.encoding=UTF-8 
java_command: C:\Users\Jesper\Documents\NetBeansProjects\Delta-projekt\dist\run1929417481\Delta-projekt.jar
java_class_path (initial): C:\Users\Jesper\Documents\NetBeansProjects\Delta-projekt\dist\run1929417481\Delta-projekt.jar
Launcher Type: SUN_STANDARD

Environment Variables:
PATH=C:\Program Files (x86)\NZXT\CAM\FPS\;C:\ProgramData\Oracle\Java\javapath;C:\Program Files (x86)\Intel\iCLS Client\;C:\Program Files\Intel\iCLS Client\;C:\WINDOWS\system32;C:\WINDOWS;C:\WINDOWS\System32\Wbem;C:\WINDOWS\System32\WindowsPowerShell\v1.0\;C:\Program Files (x86)\Intel\Intel(R) Management Engine Components\DAL;C:\Program Files\Intel\Intel(R) Management Engine Components\DAL;C:\Program Files (x86)\Intel\Intel(R) Management Engine Components\IPT;C:\Program Files\Intel\Intel(R) Management Engine Components\IPT;D:\Program\Skype\Phone\;C:\Program Files (x86)\NVIDIA Corporation\PhysX\Common;C:\WINDOWS\system32;C:\WINDOWS;C:\WINDOWS\System32\Wbem;C:\WINDOWS\System32\WindowsPowerShell\v1.0\;C:\Program Files\Java\jdk1.8.0_73\bin
USERNAME=Jesper
OS=Windows_NT
PROCESSOR_IDENTIFIER=Intel64 Family 6 Model 94 Stepping 3, GenuineIntel



---------------  S Y S T E M  ---------------

OS: Windows 10.0 , 64 bit Build 10586 (10.0.10586.0)

CPU:total 8 (4 cores per cpu, 2 threads per core) family 6 model 94 stepping 3, cmov, cx8, fxsr, mmx, sse, sse2, sse3, ssse3, sse4.1, sse4.2, popcnt, avx, avx2, aes, clmul, erms, rtm, 3dnowpref, lzcnt, ht, tsc, tscinvbit, bmi1, bmi2, adx

Memory: 4k page, physical 33512816k(28852224k free), swap 38493552k(32615692k free)

vm_info: Java HotSpot(TM) 64-Bit Server VM (25.77-b03) for windows-amd64 JRE (1.8.0_77-b03), built on Mar 20 2016 22:01:33 by "java_re" with MS VC++ 10.0 (VS2010)

time: Thu Apr 14 19:42:18 2016
elapsed time: 7 seconds (0d 0h 0m 7s)

