#
# A fatal error has been detected by the Java Runtime Environment:
#
#  EXCEPTION_ACCESS_VIOLATION (0xc0000005) at pc=0x0000000051473982, pid=4972, tid=3180
#
# JRE version: Java(TM) SE Runtime Environment (8.0_77-b03) (build 1.8.0_77-b03)
# Java VM: Java HotSpot(TM) 64-Bit Server VM (25.77-b03 mixed mode windows-amd64 compressed oops)
# Problematic frame:
# V  [jvm.dll+0x143982]
#
# Failed to write core dump. Minidumps are not enabled by default on client versions of Windows
#
# If you would like to submit a bug report, please visit:
#   http://bugreport.java.com/bugreport/crash.jsp
#

---------------  T H R E A D  ---------------

Current thread (0x000000002822c000):  JavaThread "JavaFX Application Thread" [_thread_in_vm, id=3180, stack(0x00000000291d0000,0x00000000292d0000)]

siginfo: ExceptionCode=0xc0000005, reading address 0x0000000000000000

Registers:
RAX=0x0000000000000000, RBX=0x000000002822c000, RCX=0x0000000000000c00, RDX=0x0000000000000000
RSP=0x00000000292cc750, RBP=0x0000000000000000, RSI=0x0000000000000000, RDI=0x0000000000000000
R8 =0x0000000000000000, R9 =0x0000000716ec5e88, R10=0x0000000000000024, R11=0x0000000051b322a8
R12=0x0000000000000000, R13=0x0000000025112218, R14=0x00000000292cc8e8, R15=0x000000002822c000
RIP=0x0000000051473982, EFLAGS=0x0000000000010202

Top of Stack: (sp=0x00000000292cc750)
0x00000000292cc750:   00000000292cc810 0000000051509c47
0x00000000292cc760:   00000000292cc810 000000006d5820c0
0x00000000292cc770:   000000002822c000 0000000000000000
0x00000000292cc780:   0000000025112218 000000002822c000
0x00000000292cc790:   000000002822c000 0000000028226e40
0x00000000292cc7a0:   0000000025112220 00000000292cc8e8
0x00000000292cc7b0:   0000000028211e80 000000002822c1f8
0x00000000292cc7c0:   0000000000aacd08 000000006d5820f0
0x00000000292cc7d0:   00000000292cc8e8 0000000000000000
0x00000000292cc7e0:   0000000025112220 000000002822c1f8
0x00000000292cc7f0:   0000000025112220 000000002822c000
0x00000000292cc800:   0000000002447730 00000000024567c9
0x00000000292cc810:   0000000028211e00 0000000025112220
0x00000000292cc820:   0000000050200021 0000000002447730
0x00000000292cc830:   00000000292cc8c0 0000000002456937
0x00000000292cc840:   0000000002447730 000000000245651d 

Instructions: (pc=0x0000000051473982)
0x0000000051473962:   89 5c 24 20 48 89 74 24 28 48 39 73 08 74 0a 48
0x0000000051473972:   8d 4c 24 20 e8 c5 5b 13 00 40 38 35 3e d9 6b 00
0x0000000051473982:   48 8b 3f 48 63 05 40 53 6a 00 74 1b 8b 0c 38 85
0x0000000051473992:   c9 74 7c 8b c1 8b 0d e3 2d 65 00 48 d3 e0 48 03 


Register to memory mapping:

RAX=0x0000000000000000 is an unknown value
RBX=0x000000002822c000 is a thread
RCX=0x0000000000000c00 is an unknown value
RDX=0x0000000000000000 is an unknown value
RSP=0x00000000292cc750 is pointing into the stack for thread: 0x000000002822c000
RBP=0x0000000000000000 is an unknown value
RSI=0x0000000000000000 is an unknown value
RDI=0x0000000000000000 is an unknown value
R8 =0x0000000000000000 is an unknown value
R9 =0x0000000716ec5e88 is an oop
org.sqlite.core.NativeDB 
 - klass: 'org/sqlite/core/NativeDB'
R10=0x0000000000000024 is an unknown value
R11=0x0000000051b322a8 is an unknown value
R12=0x0000000000000000 is an unknown value
R13=0x0000000025112218 is pointing into metadata
R14=0x00000000292cc8e8 is pointing into the stack for thread: 0x000000002822c000
R15=0x000000002822c000 is a thread


Stack: [0x00000000291d0000,0x00000000292d0000],  sp=0x00000000292cc750,  free space=1009k
Native frames: (J=compiled Java code, j=interpreted, Vv=VM code, C=native code)

Java frames: (J=compiled Java code, j=interpreted, Vv=VM code)
j  org.sqlite.core.NativeDB._exec(Ljava/lang/String;)I+0
j  org.sqlite.jdbc3.JDBC3Statement.executeUpdate(Ljava/lang/String;)I+46
j  delta.projekt.DBUtils.executeUpdate(Ljava/lang/String;)I+20
j  delta.projekt.Database.addShip(Ldelta/projekt/Ship;)V+178
j  delta.projekt.DeltaProjekt$5$3.handle(Ljavafx/event/ActionEvent;)V+59
j  delta.projekt.DeltaProjekt$5$3.handle(Ljavafx/event/Event;)V+5
J 1758 C1 com.sun.javafx.event.CompositeEventHandler.dispatchBubblingEvent(Ljavafx/event/Event;)V (57 bytes) @ 0x00000000029ba164 [0x00000000029b9d80+0x3e4]
J 1190 C1 com.sun.javafx.event.EventHandlerManager.dispatchBubblingEvent(Ljavafx/event/Event;)Ljavafx/event/Event; (23 bytes) @ 0x000000000283c50c [0x000000000283be60+0x6ac]
J 1189 C1 com.sun.javafx.event.CompositeEventDispatcher.dispatchBubblingEvent(Ljavafx/event/Event;)Ljavafx/event/Event; (35 bytes) @ 0x000000000283cedc [0x000000000283cd20+0x1bc]
J 1083 C1 com.sun.javafx.event.BasicEventDispatcher.dispatchEvent(Ljavafx/event/Event;Ljavafx/event/EventDispatchChain;)Ljavafx/event/Event; (44 bytes) @ 0x00000000027f52fc [0x00000000027f4fc0+0x33c]
J 2643 C2 com.sun.javafx.event.EventDispatchChainImpl.dispatchEvent(Ljavafx/event/Event;)Ljavafx/event/Event; (101 bytes) @ 0x0000000002c4ba98 [0x0000000002c4b9e0+0xb8]
J 1083 C1 com.sun.javafx.event.BasicEventDispatcher.dispatchEvent(Ljavafx/event/Event;Ljavafx/event/EventDispatchChain;)Ljavafx/event/Event; (44 bytes) @ 0x00000000027f5214 [0x00000000027f4fc0+0x254]
J 2643 C2 com.sun.javafx.event.EventDispatchChainImpl.dispatchEvent(Ljavafx/event/Event;)Ljavafx/event/Event; (101 bytes) @ 0x0000000002c4ba98 [0x0000000002c4b9e0+0xb8]
J 1083 C1 com.sun.javafx.event.BasicEventDispatcher.dispatchEvent(Ljavafx/event/Event;Ljavafx/event/EventDispatchChain;)Ljavafx/event/Event; (44 bytes) @ 0x00000000027f5214 [0x00000000027f4fc0+0x254]
J 2643 C2 com.sun.javafx.event.EventDispatchChainImpl.dispatchEvent(Ljavafx/event/Event;)Ljavafx/event/Event; (101 bytes) @ 0x0000000002c4ba98 [0x0000000002c4b9e0+0xb8]
J 1490 C1 com.sun.javafx.event.EventUtil.fireEvent(Ljavafx/event/EventTarget;Ljavafx/event/Event;)Ljavafx/event/Event; (81 bytes) @ 0x00000000028e1d6c [0x00000000028e1180+0xbec]
J 1489 C1 javafx.event.Event.fireEvent(Ljavafx/event/EventTarget;Ljavafx/event/Event;)V (35 bytes) @ 0x00000000028e292c [0x00000000028e2860+0xcc]
j  javafx.scene.Node.fireEvent(Ljavafx/event/Event;)V+86
j  javafx.scene.control.Button.fire()V+15
j  com.sun.javafx.scene.control.behavior.ButtonBehavior.mouseReleased(Ljavafx/scene/input/MouseEvent;)V+23
j  com.sun.javafx.scene.control.skin.BehaviorSkinBase$1.handle(Ljavafx/scene/input/MouseEvent;)V+83
j  com.sun.javafx.scene.control.skin.BehaviorSkinBase$1.handle(Ljavafx/event/Event;)V+5
J 1794 C1 com.sun.javafx.event.CompositeEventHandler$NormalEventHandlerRecord.handleBubblingEvent(Ljavafx/event/Event;)V (11 bytes) @ 0x00000000029d6e4c [0x00000000029d6d40+0x10c]
J 1758 C1 com.sun.javafx.event.CompositeEventHandler.dispatchBubblingEvent(Ljavafx/event/Event;)V (57 bytes) @ 0x00000000029b9fcc [0x00000000029b9d80+0x24c]
J 1190 C1 com.sun.javafx.event.EventHandlerManager.dispatchBubblingEvent(Ljavafx/event/Event;)Ljavafx/event/Event; (23 bytes) @ 0x000000000283c50c [0x000000000283be60+0x6ac]
J 1189 C1 com.sun.javafx.event.CompositeEventDispatcher.dispatchBubblingEvent(Ljavafx/event/Event;)Ljavafx/event/Event; (35 bytes) @ 0x000000000283cedc [0x000000000283cd20+0x1bc]
J 1083 C1 com.sun.javafx.event.BasicEventDispatcher.dispatchEvent(Ljavafx/event/Event;Ljavafx/event/EventDispatchChain;)Ljavafx/event/Event; (44 bytes) @ 0x00000000027f52fc [0x00000000027f4fc0+0x33c]
J 2643 C2 com.sun.javafx.event.EventDispatchChainImpl.dispatchEvent(Ljavafx/event/Event;)Ljavafx/event/Event; (101 bytes) @ 0x0000000002c4ba98 [0x0000000002c4b9e0+0xb8]
J 1083 C1 com.sun.javafx.event.BasicEventDispatcher.dispatchEvent(Ljavafx/event/Event;Ljavafx/event/EventDispatchChain;)Ljavafx/event/Event; (44 bytes) @ 0x00000000027f5214 [0x00000000027f4fc0+0x254]
J 2643 C2 com.sun.javafx.event.EventDispatchChainImpl.dispatchEvent(Ljavafx/event/Event;)Ljavafx/event/Event; (101 bytes) @ 0x0000000002c4ba98 [0x0000000002c4b9e0+0xb8]
J 1083 C1 com.sun.javafx.event.BasicEventDispatcher.dispatchEvent(Ljavafx/event/Event;Ljavafx/event/EventDispatchChain;)Ljavafx/event/Event; (44 bytes) @ 0x00000000027f5214 [0x00000000027f4fc0+0x254]
J 2643 C2 com.sun.javafx.event.EventDispatchChainImpl.dispatchEvent(Ljavafx/event/Event;)Ljavafx/event/Event; (101 bytes) @ 0x0000000002c4ba98 [0x0000000002c4b9e0+0xb8]
J 1490 C1 com.sun.javafx.event.EventUtil.fireEvent(Ljavafx/event/EventTarget;Ljavafx/event/Event;)Ljavafx/event/Event; (81 bytes) @ 0x00000000028e18bc [0x00000000028e1180+0x73c]
J 1510 C1 javafx.scene.Scene$MouseHandler.process(Ljavafx/scene/input/MouseEvent;Z)V (735 bytes) @ 0x00000000028fbb44 [0x00000000028f9060+0x2ae4]
J 2108 C1 javafx.scene.Scene$ScenePeerListener.mouseEvent(Ljavafx/event/EventType;DDDDLjavafx/scene/input/MouseButton;ZZZZZZZZZ)V (50 bytes) @ 0x0000000002ac59ac [0x0000000002ac56e0+0x2cc]
J 2045 C1 com.sun.javafx.tk.quantum.GlassViewEventHandler$MouseEventNotification.run()Ljava/lang/Void; (529 bytes) @ 0x0000000002a8e12c [0x0000000002a8d3e0+0xd4c]
J 2044 C1 com.sun.javafx.tk.quantum.GlassViewEventHandler$MouseEventNotification.run()Ljava/lang/Object; (5 bytes) @ 0x0000000002a8cf8c [0x0000000002a8cf00+0x8c]
v  ~StubRoutines::call_stub
J 1211  java.security.AccessController.doPrivileged(Ljava/security/PrivilegedAction;Ljava/security/AccessControlContext;)Ljava/lang/Object; (0 bytes) @ 0x00000000028449e6 [0x0000000002844980+0x66]
J 1595 C1 com.sun.javafx.tk.quantum.GlassViewEventHandler$$Lambda$138.get()Ljava/lang/Object; (8 bytes) @ 0x000000000295374c [0x0000000002953560+0x1ec]
J 1497 C1 com.sun.javafx.tk.quantum.QuantumToolkit.runWithoutRenderLock(Ljava/util/function/Supplier;)Ljava/lang/Object; (49 bytes) @ 0x00000000028f085c [0x00000000028f0320+0x53c]
J 1592 C1 com.sun.javafx.tk.quantum.GlassViewEventHandler.handleMouseEvent(Lcom/sun/glass/ui/View;JIIIIIIIZZ)V (108 bytes) @ 0x00000000029423dc [0x0000000002941fc0+0x41c]
J 1512 C1 com.sun.glass.ui.View.notifyMouse(IIIIIIIZZ)V (221 bytes) @ 0x0000000002900714 [0x00000000028ff620+0x10f4]
v  ~StubRoutines::call_stub
j  com.sun.glass.ui.win.WinApplication._runLoop(Ljava/lang/Runnable;)V+0
j  com.sun.glass.ui.win.WinApplication.lambda$null$148(ILjava/lang/Runnable;)V+8
j  com.sun.glass.ui.win.WinApplication$$Lambda$38.run()V+12
j  java.lang.Thread.run()V+11
v  ~StubRoutines::call_stub

---------------  P R O C E S S  ---------------

Java Threads: ( => current thread )
  0x0000000028748000 JavaThread "Prism Font Disposer" daemon [_thread_blocked, id=6280, stack(0x000000002f680000,0x000000002f780000)]
  0x00000000282d3800 JavaThread "Thread-3" daemon [_thread_in_native, id=5524, stack(0x000000002d4d0000,0x000000002d5d0000)]
  0x00000000282b2000 JavaThread "JavaFX-Launcher" [_thread_blocked, id=4860, stack(0x000000002d5d0000,0x000000002d6d0000)]
=>0x000000002822c000 JavaThread "JavaFX Application Thread" [_thread_in_vm, id=3180, stack(0x00000000291d0000,0x00000000292d0000)]
  0x000000002821b800 JavaThread "Thread-1" daemon [_thread_blocked, id=6788, stack(0x00000000290d0000,0x00000000291d0000)]
  0x00000000281fe800 JavaThread "QuantumRenderer-0" daemon [_thread_blocked, id=9916, stack(0x00000000289b0000,0x0000000028ab0000)]
  0x0000000027483000 JavaThread "Service Thread" daemon [_thread_blocked, id=10108, stack(0x0000000027fb0000,0x00000000280b0000)]
  0x00000000273fa000 JavaThread "C1 CompilerThread3" daemon [_thread_blocked, id=5688, stack(0x0000000027eb0000,0x0000000027fb0000)]
  0x00000000273f3000 JavaThread "C2 CompilerThread2" daemon [_thread_blocked, id=3172, stack(0x0000000027db0000,0x0000000027eb0000)]
  0x00000000273eb000 JavaThread "C2 CompilerThread1" daemon [_thread_blocked, id=5988, stack(0x0000000027cb0000,0x0000000027db0000)]
  0x00000000273e9000 JavaThread "C2 CompilerThread0" daemon [_thread_blocked, id=5288, stack(0x0000000027bb0000,0x0000000027cb0000)]
  0x00000000273e7800 JavaThread "Attach Listener" daemon [_thread_blocked, id=8364, stack(0x0000000027ab0000,0x0000000027bb0000)]
  0x00000000273e6000 JavaThread "Signal Dispatcher" daemon [_thread_blocked, id=4720, stack(0x00000000279b0000,0x0000000027ab0000)]
  0x00000000273e0800 JavaThread "Finalizer" daemon [_thread_blocked, id=7320, stack(0x00000000277c0000,0x00000000278c0000)]
  0x0000000002434800 JavaThread "Reference Handler" daemon [_thread_blocked, id=2548, stack(0x00000000272c0000,0x00000000273c0000)]
  0x0000000002340800 JavaThread "main" [_thread_blocked, id=4304, stack(0x0000000002240000,0x0000000002340000)]

Other Threads:
  0x00000000254e9800 VMThread [stack: 0x00000000271c0000,0x00000000272c0000] [id=7776]
  0x00000000274af000 WatcherThread [stack: 0x00000000280b0000,0x00000000281b0000] [id=8336]

VM state:not at safepoint (normal execution)

VM Mutex/Monitor currently owned by a thread: None

Heap:
 PSYoungGen      total 153088K, used 60979K [0x0000000715900000, 0x0000000720380000, 0x00000007c0000000)
  eden space 131584K, 46% used [0x0000000715900000,0x000000071948cdb0,0x000000071d980000)
  from space 21504K, 0% used [0x000000071ee80000,0x000000071ee80000,0x0000000720380000)
  to   space 21504K, 0% used [0x000000071d980000,0x000000071d980000,0x000000071ee80000)
 ParOldGen       total 349696K, used 0K [0x00000005c0a00000, 0x00000005d5f80000, 0x0000000715900000)
  object space 349696K, 0% used [0x00000005c0a00000,0x00000005c0a00000,0x00000005d5f80000)
 Metaspace       used 18277K, capacity 19296K, committed 19456K, reserved 1067008K
  class space    used 2600K, capacity 2812K, committed 2816K, reserved 1048576K

Card table byte_map: [0x0000000011800000,0x0000000012800000] byte_map_base: 0x000000000e9fb000

Marking Bits: (ParMarkBitMap*) 0x0000000051b40600
 Begin Bits: [0x0000000013ab0000, 0x000000001ba88000)
 End Bits:   [0x000000001ba88000, 0x0000000023a60000)

Polling page: 0x00000000004f0000

CodeCache: size=245760Kb used=8509Kb max_used=8509Kb free=237250Kb
 bounds [0x0000000002440000, 0x0000000002ca0000, 0x0000000011440000]
 total_blobs=3394 nmethods=2725 adapters=580
 compilation: enabled

Compilation events (10 events):
Event: 8.476 Thread 0x00000000273fa000 2720       1       java.util.logging.LogManager$LoggerContext::getOwner (5 bytes)
Event: 8.476 Thread 0x00000000273fa000 nmethod 2720 0x0000000002c8f950 code [0x0000000002c8faa0, 0x0000000002c8fbb0]
Event: 8.477 Thread 0x00000000273fa000 2722       3       java.util.Locale::getDefault (4 bytes)
Event: 8.478 Thread 0x00000000273fa000 nmethod 2722 0x0000000002c8f650 code [0x0000000002c8f7a0, 0x0000000002c8f8f0]
Event: 8.478 Thread 0x00000000273fa000 2723       3       java.util.regex.Pattern$Curly::match (86 bytes)
Event: 8.478 Thread 0x00000000273fa000 nmethod 2723 0x0000000002c8ed10 code [0x0000000002c8eec0, 0x0000000002c8f4b8]
Event: 8.478 Thread 0x00000000273fa000 2725       1       java.util.Formatter$Flags::valueOf (5 bytes)
Event: 8.478 Thread 0x00000000273fa000 nmethod 2725 0x0000000002c8ea50 code [0x0000000002c8eba0, 0x0000000002c8ecb0]
Event: 8.478 Thread 0x00000000273fa000 2724       3       java.util.regex.Pattern$Single::isSatisfiedBy (14 bytes)
Event: 8.478 Thread 0x00000000273fa000 nmethod 2724 0x0000000002c8e6d0 code [0x0000000002c8e820, 0x0000000002c8e9d0]

GC Heap History (0 events):
No events

Deoptimization events (10 events):
Event: 3.053 Thread 0x000000002822c000 Uncommon trap: reason=unstable_if action=reinterpret pc=0x000000000296d9f4 method=com.sun.javafx.css.SimpleSelector.applies(Ljavafx/css/Styleable;)Z @ 7
Event: 3.130 Thread 0x000000002822c000 Uncommon trap: reason=unstable_if action=reinterpret pc=0x00000000027b074c method=java.lang.String.startsWith(Ljava/lang/String;I)Z @ 25
Event: 3.130 Thread 0x000000002822c000 Uncommon trap: reason=unstable_if action=reinterpret pc=0x00000000025f3d5c method=java.lang.String.startsWith(Ljava/lang/String;I)Z @ 25
Event: 4.584 Thread 0x000000002822c000 Uncommon trap: reason=null_check action=make_not_entrant pc=0x0000000002a94d10 method=javafx.scene.Node$MiscProperties.getEffect()Ljavafx/scene/effect/Effect; @ 20
Event: 5.154 Thread 0x000000002822c000 Uncommon trap: reason=array_check action=maybe_recompile pc=0x0000000002b16f50 method=com.sun.javafx.css.CompoundSelector.applies(Ljavafx/css/Styleable;[Ljava/util/Set;I)Z @ 128
Event: 5.155 Thread 0x000000002822c000 Uncommon trap: reason=array_check action=maybe_recompile pc=0x0000000002b16f50 method=com.sun.javafx.css.CompoundSelector.applies(Ljavafx/css/Styleable;[Ljava/util/Set;I)Z @ 128
Event: 5.155 Thread 0x000000002822c000 Uncommon trap: reason=array_check action=maybe_recompile pc=0x0000000002b16f50 method=com.sun.javafx.css.CompoundSelector.applies(Ljavafx/css/Styleable;[Ljava/util/Set;I)Z @ 128
Event: 5.155 Thread 0x000000002822c000 Uncommon trap: reason=array_check action=maybe_recompile pc=0x0000000002b16f50 method=com.sun.javafx.css.CompoundSelector.applies(Ljavafx/css/Styleable;[Ljava/util/Set;I)Z @ 128
Event: 5.985 Thread 0x000000002822c000 Uncommon trap: reason=unstable_if action=reinterpret pc=0x0000000002aad82c method=javafx.scene.Node.impl_intersectsBounds(Lcom/sun/javafx/geom/PickRay;)D @ 902
Event: 6.916 Thread 0x000000002822c000 Uncommon trap: reason=null_check action=make_not_entrant pc=0x0000000002ae5c5c method=javafx.scene.Node$MiscProperties.getClip()Ljavafx/scene/Node; @ 20

Internal exceptions (10 events):
Event: 0.084 Thread 0x0000000002340800 Exception <a 'java/security/PrivilegedActionException'> (0x0000000715b274d8) thrown at [D:\re\workspace\8-2-build-windows-amd64-cygwin\jdk8u77\6540\hotspot\src\share\vm\prims\jvm.cpp, line 1386]
Event: 0.084 Thread 0x0000000002340800 Exception <a 'java/security/PrivilegedActionException'> (0x0000000715b276e8) thrown at [D:\re\workspace\8-2-build-windows-amd64-cygwin\jdk8u77\6540\hotspot\src\share\vm\prims\jvm.cpp, line 1386]
Event: 0.084 Thread 0x0000000002340800 Exception <a 'java/security/PrivilegedActionException'> (0x0000000715b2b530) thrown at [D:\re\workspace\8-2-build-windows-amd64-cygwin\jdk8u77\6540\hotspot\src\share\vm\prims\jvm.cpp, line 1386]
Event: 0.084 Thread 0x0000000002340800 Exception <a 'java/security/PrivilegedActionException'> (0x0000000715b2b740) thrown at [D:\re\workspace\8-2-build-windows-amd64-cygwin\jdk8u77\6540\hotspot\src\share\vm\prims\jvm.cpp, line 1386]
Event: 0.085 Thread 0x0000000002340800 Exception <a 'java/lang/NullPointerException'> (0x0000000715b2bd18) thrown at [D:\re\workspace\8-2-build-windows-amd64-cygwin\jdk8u77\6540\hotspot\src\share\vm\interpreter\linkResolver.cpp, line 1178]
Event: 0.315 Thread 0x000000002822c000 Exception <a 'java/lang/NullPointerException'> (0x00000007171444f0) thrown at [D:\re\workspace\8-2-build-windows-amd64-cygwin\jdk8u77\6540\hotspot\src\share\vm\interpreter\linkResolver.cpp, line 1178]
Event: 0.315 Thread 0x000000002822c000 Exception <a 'java/lang/NullPointerException'> (0x00000007171444f0) thrown at [D:\re\workspace\8-2-build-windows-amd64-cygwin\jdk8u77\6540\hotspot\src\share\vm\prims\jvm.cpp, line 1390]
Event: 2.539 Thread 0x000000002822c000 Implicit null exception at 0x000000000295baf1 to 0x000000000295c04d
Event: 4.584 Thread 0x000000002822c000 Implicit null exception at 0x0000000002a9466c to 0x0000000002a94d01
Event: 6.915 Thread 0x000000002822c000 Implicit null exception at 0x0000000002ae552a to 0x0000000002ae5c45

Events (10 events):
Event: 8.477 loading class java/util/IdentityHashMap$KeySet
Event: 8.477 loading class java/util/IdentityHashMap$KeySet done
Event: 8.477 loading class sun/util/logging/resources/logging_sv_SE
Event: 8.477 loading class sun/util/logging/resources/logging_sv_SE done
Event: 8.478 loading class java/util/Formatter$DateTime
Event: 8.478 loading class java/util/Formatter$DateTime done
Event: 8.486 loading class org/sqlite/ExtendedCommand
Event: 8.486 loading class org/sqlite/ExtendedCommand done
Event: 8.487 loading class org/sqlite/ExtendedCommand$SQLExtension
Event: 8.487 loading class org/sqlite/ExtendedCommand$SQLExtension done


Dynamic libraries:
0x00007ff62a240000 - 0x00007ff62a277000 	C:\Program Files\Java\jdk1.8.0_77\jre\bin\java.exe
0x00007ffbf9710000 - 0x00007ffbf98d1000 	C:\WINDOWS\SYSTEM32\ntdll.dll
0x00007ffbf95e0000 - 0x00007ffbf968d000 	C:\WINDOWS\system32\KERNEL32.DLL
0x00007ffbf68c0000 - 0x00007ffbf6aa8000 	C:\WINDOWS\system32\KERNELBASE.dll
0x00007ffbf8b40000 - 0x00007ffbf8be7000 	C:\WINDOWS\system32\ADVAPI32.dll
0x00007ffbf8e20000 - 0x00007ffbf8ebd000 	C:\WINDOWS\system32\msvcrt.dll
0x00007ffbf8c60000 - 0x00007ffbf8cbb000 	C:\WINDOWS\system32\sechost.dll
0x00007ffbf8ec0000 - 0x00007ffbf8fdc000 	C:\WINDOWS\system32\RPCRT4.dll
0x00007ffbf7050000 - 0x00007ffbf71a6000 	C:\WINDOWS\system32\USER32.dll
0x00007ffbf8fe0000 - 0x00007ffbf9166000 	C:\WINDOWS\system32\GDI32.dll
0x00007ffbf0160000 - 0x00007ffbf03d4000 	C:\WINDOWS\WinSxS\amd64_microsoft.windows.common-controls_6595b64144ccf1df_6.0.10586.0_none_8c15ae12515e1c22\COMCTL32.dll
0x00007ffbf9170000 - 0x00007ffbf93ed000 	C:\WINDOWS\system32\combase.dll
0x00007ffbf5dc0000 - 0x00007ffbf5e2a000 	C:\WINDOWS\system32\bcryptPrimitives.dll
0x00007ffbf8930000 - 0x00007ffbf896b000 	C:\WINDOWS\system32\IMM32.DLL
0x0000000051250000 - 0x0000000051322000 	C:\Program Files\Java\jdk1.8.0_77\jre\bin\msvcr100.dll
0x0000000051330000 - 0x0000000051bc0000 	C:\Program Files\Java\jdk1.8.0_77\jre\bin\server\jvm.dll
0x00007ffbf9700000 - 0x00007ffbf9708000 	C:\WINDOWS\system32\PSAPI.DLL
0x00007ffbf3fb0000 - 0x00007ffbf3fd3000 	C:\WINDOWS\SYSTEM32\WINMM.dll
0x00007ffbf2bc0000 - 0x00007ffbf2bca000 	C:\WINDOWS\SYSTEM32\VERSION.dll
0x00007ffbef4b0000 - 0x00007ffbef4b9000 	C:\WINDOWS\SYSTEM32\WSOCK32.dll
0x00007ffbf9690000 - 0x00007ffbf96fb000 	C:\WINDOWS\system32\WS2_32.dll
0x00007ffbf3f50000 - 0x00007ffbf3f7c000 	C:\WINDOWS\SYSTEM32\WINMMBASE.dll
0x00007ffbf6850000 - 0x00007ffbf6893000 	C:\WINDOWS\system32\cfgmgr32.dll
0x0000000051200000 - 0x000000005120f000 	C:\Program Files\Java\jdk1.8.0_77\jre\bin\verify.dll
0x00000000511d0000 - 0x00000000511f9000 	C:\Program Files\Java\jdk1.8.0_77\jre\bin\java.dll
0x00000000511b0000 - 0x00000000511c6000 	C:\Program Files\Java\jdk1.8.0_77\jre\bin\zip.dll
0x00007ffbf7210000 - 0x00007ffbf876c000 	C:\WINDOWS\system32\SHELL32.dll
0x00007ffbf6200000 - 0x00007ffbf6845000 	C:\WINDOWS\system32\windows.storage.dll
0x00007ffbf9580000 - 0x00007ffbf95d2000 	C:\WINDOWS\system32\shlwapi.dll
0x00007ffbf5d90000 - 0x00007ffbf5d9f000 	C:\WINDOWS\system32\kernel.appcore.dll
0x00007ffbf6140000 - 0x00007ffbf61f5000 	C:\WINDOWS\system32\shcore.dll
0x00007ffbf5d40000 - 0x00007ffbf5d8b000 	C:\WINDOWS\system32\powrprof.dll
0x00007ffbf5da0000 - 0x00007ffbf5db4000 	C:\WINDOWS\system32\profapi.dll
0x00007ffbd72d0000 - 0x00007ffbd73bf000 	C:\Program Files\Java\jdk1.8.0_77\jre\bin\msvcr120.dll
0x00007ffbd6130000 - 0x00007ffbd61d6000 	C:\Program Files\Java\jdk1.8.0_77\jre\bin\msvcp120.dll
0x0000000050e80000 - 0x0000000050ea3000 	C:\Program Files\Java\jdk1.8.0_77\jre\bin\prism_d3d.dll
0x00007ffbdd3f0000 - 0x00007ffbdd600000 	C:\WINDOWS\system32\d3d9.dll
0x00007ffbf3c90000 - 0x00007ffbf3cb2000 	C:\WINDOWS\SYSTEM32\dwmapi.dll
0x00007ffbf46b0000 - 0x00007ffbf4746000 	C:\WINDOWS\system32\uxtheme.dll
0x00007ffbd2030000 - 0x00007ffbd2f6f000 	C:\WINDOWS\SYSTEM32\nvd3dumx.dll
0x00007ffbeb7c0000 - 0x00007ffbeb98c000 	C:\WINDOWS\system32\nvspcap64.dll
0x00007ffbf8cd0000 - 0x00007ffbf8e13000 	C:\WINDOWS\system32\ole32.dll
0x00007ffbf93f0000 - 0x00007ffbf94b1000 	C:\WINDOWS\system32\OLEAUT32.dll
0x00007ffbf6b10000 - 0x00007ffbf6f39000 	C:\WINDOWS\system32\SETUPAPI.dll
0x00007ffbedc60000 - 0x00007ffbedd28000 	C:\WINDOWS\SYSTEM32\WINHTTP.dll
0x00007ffbef4f0000 - 0x00007ffbef84b000 	C:\WINDOWS\system32\nvapi64.dll
0x00007ffbf5a40000 - 0x00007ffbf5a6d000 	C:\WINDOWS\SYSTEM32\SspiCli.dll
0x0000000050e30000 - 0x0000000050e73000 	C:\Program Files\Java\jdk1.8.0_77\jre\bin\glass.dll
0x00007ffbf6f40000 - 0x00007ffbf704b000 	C:\WINDOWS\system32\COMDLG32.dll
0x00007ffbf5e30000 - 0x00007ffbf5eb6000 	C:\WINDOWS\system32\FirewallAPI.dll
0x00007ffbf68a0000 - 0x00007ffbf68b7000 	C:\WINDOWS\system32\NETAPI32.dll
0x00007ffbf4040000 - 0x00007ffbf404c000 	C:\WINDOWS\SYSTEM32\DAVHLPR.DLL
0x00007ffbf4ab0000 - 0x00007ffbf4ae2000 	C:\WINDOWS\SYSTEM32\fwbase.dll
0x00007ffbf8770000 - 0x00007ffbf88ca000 	C:\WINDOWS\system32\MSCTF.dll
0x00007ffbf5710000 - 0x00007ffbf5727000 	C:\WINDOWS\SYSTEM32\CRYPTSP.dll
0x00007ffbf53a0000 - 0x00007ffbf53d4000 	C:\WINDOWS\system32\rsaenh.dll
0x00007ffbf5930000 - 0x00007ffbf5959000 	C:\WINDOWS\SYSTEM32\bcrypt.dll
0x00007ffbf54f0000 - 0x00007ffbf550f000 	C:\WINDOWS\SYSTEM32\USERENV.dll
0x00007ffbf5830000 - 0x00007ffbf583b000 	C:\WINDOWS\SYSTEM32\CRYPTBASE.dll
0x0000000051190000 - 0x00000000511aa000 	C:\Program Files\Java\jdk1.8.0_77\jre\bin\net.dll
0x00007ffbf5660000 - 0x00007ffbf56bc000 	C:\WINDOWS\system32\mswsock.dll
0x00007ffbf2b80000 - 0x00007ffbf2bb8000 	C:\WINDOWS\SYSTEM32\IPHLPAPI.DLL
0x00007ffbf8cc0000 - 0x00007ffbf8cc8000 	C:\WINDOWS\system32\NSI.dll
0x00007ffbf0940000 - 0x00007ffbf0956000 	C:\WINDOWS\SYSTEM32\dhcpcsvc6.DLL
0x00007ffbf2680000 - 0x00007ffbf269a000 	C:\WINDOWS\SYSTEM32\dhcpcsvc.DLL
0x0000000051170000 - 0x0000000051181000 	C:\Program Files\Java\jdk1.8.0_77\jre\bin\nio.dll
0x000000006d580000 - 0x000000006d63d000 	C:\Users\Jesper\AppData\Local\Temp\sqlite-3.8.11.2-75af88fe-47cc-421a-84e2-b285e0b08ef3-sqlitejdbc.dll
0x0000000050e10000 - 0x0000000050e24000 	C:\Program Files\Java\jdk1.8.0_77\jre\bin\javafx_font.dll
0x00007ffbecc70000 - 0x00007ffbeced0000 	C:\WINDOWS\SYSTEM32\dwrite.dll
0x00007ffbf94c0000 - 0x00007ffbf9567000 	C:\WINDOWS\system32\clbcatq.dll
0x00007ffbf3310000 - 0x00007ffbf34c1000 	C:\WINDOWS\SYSTEM32\WindowsCodecs.dll
0x00007ffbeb220000 - 0x00007ffbeb26a000 	C:\WINDOWS\system32\dataexchange.dll
0x00007ffbf3800000 - 0x00007ffbf3aa8000 	C:\WINDOWS\system32\d3d11.dll
0x00007ffbf4130000 - 0x00007ffbf4213000 	C:\WINDOWS\system32\dcomp.dll
0x00007ffbf3750000 - 0x00007ffbf37f3000 	C:\WINDOWS\system32\dxgi.dll
0x00007ffbf4850000 - 0x00007ffbf4950000 	C:\WINDOWS\system32\twinapi.appcore.dll
0x00007ffbec6f0000 - 0x00007ffbec724000 	C:\Program Files\Common Files\Microsoft Shared\Ink\rtscom.dll
0x0000000050df0000 - 0x0000000050e01000 	C:\Program Files\Java\jdk1.8.0_77\jre\bin\prism_common.dll
0x00007ffbe7070000 - 0x00007ffbe71fc000 	C:\WINDOWS\SYSTEM32\dbghelp.dll

VM Arguments:
jvm_args: -Dfile.encoding=UTF-8 
java_command: C:\Users\Jesper\Documents\NetBeansProjects\Delta-projekt\dist\run1449552069\Delta-projekt.jar
java_class_path (initial): C:\Users\Jesper\Documents\NetBeansProjects\Delta-projekt\dist\run1449552069\Delta-projekt.jar
Launcher Type: SUN_STANDARD

Environment Variables:
PATH=C:\Program Files (x86)\NZXT\CAM\FPS\;C:\ProgramData\Oracle\Java\javapath;C:\Program Files (x86)\Intel\iCLS Client\;C:\Program Files\Intel\iCLS Client\;C:\WINDOWS\system32;C:\WINDOWS;C:\WINDOWS\System32\Wbem;C:\WINDOWS\System32\WindowsPowerShell\v1.0\;C:\Program Files (x86)\Intel\Intel(R) Management Engine Components\DAL;C:\Program Files\Intel\Intel(R) Management Engine Components\DAL;C:\Program Files (x86)\Intel\Intel(R) Management Engine Components\IPT;C:\Program Files\Intel\Intel(R) Management Engine Components\IPT;D:\Program\Skype\Phone\;C:\Program Files (x86)\NVIDIA Corporation\PhysX\Common;C:\WINDOWS\system32;C:\WINDOWS;C:\WINDOWS\System32\Wbem;C:\WINDOWS\System32\WindowsPowerShell\v1.0\;C:\Program Files\Java\jdk1.8.0_73\bin
USERNAME=Jesper
OS=Windows_NT
PROCESSOR_IDENTIFIER=Intel64 Family 6 Model 94 Stepping 3, GenuineIntel



---------------  S Y S T E M  ---------------

OS: Windows 10.0 , 64 bit Build 10586 (10.0.10586.0)

CPU:total 8 (4 cores per cpu, 2 threads per core) family 6 model 94 stepping 3, cmov, cx8, fxsr, mmx, sse, sse2, sse3, ssse3, sse4.1, sse4.2, popcnt, avx, avx2, aes, clmul, erms, rtm, 3dnowpref, lzcnt, ht, tsc, tscinvbit, bmi1, bmi2, adx

Memory: 4k page, physical 33512816k(29296120k free), swap 38493552k(33125352k free)

vm_info: Java HotSpot(TM) 64-Bit Server VM (25.77-b03) for windows-amd64 JRE (1.8.0_77-b03), built on Mar 20 2016 22:01:33 by "java_re" with MS VC++ 10.0 (VS2010)

time: Thu Apr 14 19:04:11 2016
elapsed time: 8 seconds (0d 0h 0m 8s)

