#
# A fatal error has been detected by the Java Runtime Environment:
#
#  EXCEPTION_ACCESS_VIOLATION (0xc0000005) at pc=0x0000000051473982, pid=3208, tid=7772
#
# JRE version: Java(TM) SE Runtime Environment (8.0_77-b03) (build 1.8.0_77-b03)
# Java VM: Java HotSpot(TM) 64-Bit Server VM (25.77-b03 mixed mode windows-amd64 compressed oops)
# Problematic frame:
# V  [jvm.dll+0x143982]
#
# Failed to write core dump. Minidumps are not enabled by default on client versions of Windows
#
# If you would like to submit a bug report, please visit:
#   http://bugreport.java.com/bugreport/crash.jsp
#

---------------  T H R E A D  ---------------

Current thread (0x0000000028222000):  JavaThread "JavaFX Application Thread" [_thread_in_vm, id=7772, stack(0x0000000029160000,0x0000000029260000)]

siginfo: ExceptionCode=0xc0000005, reading address 0x0000000000000000

Registers:
RAX=0x0000000000000000, RBX=0x0000000028222000, RCX=0x0000000000000200, RDX=0x0000000000000000
RSP=0x000000002925c960, RBP=0x0000000000000000, RSI=0x0000000000000000, RDI=0x0000000000000000
R8 =0x0000000000000000, R9 =0x0000000716ec9fe0, R10=0x0000000000000020, R11=0x0000000051b322a8
R12=0x0000000000000000, R13=0x0000000025142290, R14=0x000000002925cb00, R15=0x0000000028222000
RIP=0x0000000051473982, EFLAGS=0x0000000000010202

Top of Stack: (sp=0x000000002925c960)
0x000000002925c960:   000000002925ca20 0000000051509c47
0x000000002925c970:   000000002925ca20 000000006d5820c0
0x000000002925c980:   0000000028222000 0000000000000000
0x000000002925c990:   0000000025142290 0000000028222000
0x000000002925c9a0:   0000000028222000 0000000028264650
0x000000002925c9b0:   0000000025142298 000000002925cb00
0x000000002925c9c0:   0000000028266170 00000000282221f8
0x000000002925c9d0:   000000000002cd08 000000006d5820f0
0x000000002925c9e0:   000000002925cb00 0000000000000000
0x000000002925c9f0:   0000000025142298 00000000282221f8
0x000000002925ca00:   0000000025142298 0000000028222000
0x000000002925ca10:   0000000002477730 00000000024867c9
0x000000002925ca20:   0000000000000000 0000000025142298
0x000000002925ca30:   0000000050200021 0000000002477730
0x000000002925ca40:   000000002925cad8 0000000002486937
0x000000002925ca50:   0000000050200021 0000000002477730 

Instructions: (pc=0x0000000051473982)
0x0000000051473962:   89 5c 24 20 48 89 74 24 28 48 39 73 08 74 0a 48
0x0000000051473972:   8d 4c 24 20 e8 c5 5b 13 00 40 38 35 3e d9 6b 00
0x0000000051473982:   48 8b 3f 48 63 05 40 53 6a 00 74 1b 8b 0c 38 85
0x0000000051473992:   c9 74 7c 8b c1 8b 0d e3 2d 65 00 48 d3 e0 48 03 


Register to memory mapping:

RAX=0x0000000000000000 is an unknown value
RBX=0x0000000028222000 is a thread
RCX=0x0000000000000200 is an unknown value
RDX=0x0000000000000000 is an unknown value
RSP=0x000000002925c960 is pointing into the stack for thread: 0x0000000028222000
RBP=0x0000000000000000 is an unknown value
RSI=0x0000000000000000 is an unknown value
RDI=0x0000000000000000 is an unknown value
R8 =0x0000000000000000 is an unknown value
R9 =0x0000000716ec9fe0 is an oop
org.sqlite.core.NativeDB 
 - klass: 'org/sqlite/core/NativeDB'
R10=0x0000000000000020 is an unknown value
R11=0x0000000051b322a8 is an unknown value
R12=0x0000000000000000 is an unknown value
R13=0x0000000025142290 is pointing into metadata
R14=0x000000002925cb00 is pointing into the stack for thread: 0x0000000028222000
R15=0x0000000028222000 is a thread


Stack: [0x0000000029160000,0x0000000029260000],  sp=0x000000002925c960,  free space=1010k
Native frames: (J=compiled Java code, j=interpreted, Vv=VM code, C=native code)

Java frames: (J=compiled Java code, j=interpreted, Vv=VM code)
j  org.sqlite.core.NativeDB._exec(Ljava/lang/String;)I+0
j  org.sqlite.jdbc3.JDBC3Statement.executeUpdate(Ljava/lang/String;)I+46
j  delta.projekt.DBUtils.executeUpdate(Ljava/lang/String;)I+20
j  delta.projekt.Database.updateShip(Ldelta/projekt/Ship;)V+191
j  delta.projekt.DeltaProjekt$12.handle(Ljavafx/event/ActionEvent;)V+77
j  delta.projekt.DeltaProjekt$12.handle(Ljavafx/event/Event;)V+5
J 1854 C1 com.sun.javafx.event.CompositeEventHandler.dispatchBubblingEvent(Ljavafx/event/Event;)V (57 bytes) @ 0x0000000002a11ea4 [0x0000000002a11ac0+0x3e4]
J 1147 C1 com.sun.javafx.event.EventHandlerManager.dispatchBubblingEvent(Ljavafx/event/Event;)Ljavafx/event/Event; (23 bytes) @ 0x000000000284a98c [0x000000000284a2e0+0x6ac]
J 1167 C1 com.sun.javafx.event.CompositeEventDispatcher.dispatchBubblingEvent(Ljavafx/event/Event;)Ljavafx/event/Event; (35 bytes) @ 0x000000000285759c [0x00000000028573e0+0x1bc]
J 1114 C1 com.sun.javafx.event.BasicEventDispatcher.dispatchEvent(Ljavafx/event/Event;Ljavafx/event/EventDispatchChain;)Ljavafx/event/Event; (44 bytes) @ 0x0000000002842e3c [0x0000000002842b00+0x33c]
J 2377 C2 com.sun.javafx.event.EventDispatchChainImpl.dispatchEvent(Ljavafx/event/Event;)Ljavafx/event/Event; (101 bytes) @ 0x0000000002b8bfd8 [0x0000000002b8bf20+0xb8]
J 1114 C1 com.sun.javafx.event.BasicEventDispatcher.dispatchEvent(Ljavafx/event/Event;Ljavafx/event/EventDispatchChain;)Ljavafx/event/Event; (44 bytes) @ 0x0000000002842d54 [0x0000000002842b00+0x254]
J 2377 C2 com.sun.javafx.event.EventDispatchChainImpl.dispatchEvent(Ljavafx/event/Event;)Ljavafx/event/Event; (101 bytes) @ 0x0000000002b8bfd8 [0x0000000002b8bf20+0xb8]
J 1114 C1 com.sun.javafx.event.BasicEventDispatcher.dispatchEvent(Ljavafx/event/Event;Ljavafx/event/EventDispatchChain;)Ljavafx/event/Event; (44 bytes) @ 0x0000000002842d54 [0x0000000002842b00+0x254]
J 2377 C2 com.sun.javafx.event.EventDispatchChainImpl.dispatchEvent(Ljavafx/event/Event;)Ljavafx/event/Event; (101 bytes) @ 0x0000000002b8bfd8 [0x0000000002b8bf20+0xb8]
J 1473 C1 com.sun.javafx.event.EventUtil.fireEvent(Ljavafx/event/EventTarget;Ljavafx/event/Event;)Ljavafx/event/Event; (81 bytes) @ 0x000000000291906c [0x0000000002918480+0xbec]
J 1472 C1 javafx.event.Event.fireEvent(Ljavafx/event/EventTarget;Ljavafx/event/Event;)V (35 bytes) @ 0x0000000002917e2c [0x0000000002917d60+0xcc]
j  javafx.scene.Node.fireEvent(Ljavafx/event/Event;)V+86
j  javafx.scene.control.Button.fire()V+15
j  com.sun.javafx.scene.control.behavior.ButtonBehavior.mouseReleased(Ljavafx/scene/input/MouseEvent;)V+23
j  com.sun.javafx.scene.control.skin.BehaviorSkinBase$1.handle(Ljavafx/scene/input/MouseEvent;)V+83
j  com.sun.javafx.scene.control.skin.BehaviorSkinBase$1.handle(Ljavafx/event/Event;)V+5
J 1859 C1 com.sun.javafx.event.CompositeEventHandler$NormalEventHandlerRecord.handleBubblingEvent(Ljavafx/event/Event;)V (11 bytes) @ 0x0000000002a1998c [0x0000000002a19880+0x10c]
J 1854 C1 com.sun.javafx.event.CompositeEventHandler.dispatchBubblingEvent(Ljavafx/event/Event;)V (57 bytes) @ 0x0000000002a11d0c [0x0000000002a11ac0+0x24c]
J 1147 C1 com.sun.javafx.event.EventHandlerManager.dispatchBubblingEvent(Ljavafx/event/Event;)Ljavafx/event/Event; (23 bytes) @ 0x000000000284a98c [0x000000000284a2e0+0x6ac]
J 1167 C1 com.sun.javafx.event.CompositeEventDispatcher.dispatchBubblingEvent(Ljavafx/event/Event;)Ljavafx/event/Event; (35 bytes) @ 0x000000000285759c [0x00000000028573e0+0x1bc]
J 1114 C1 com.sun.javafx.event.BasicEventDispatcher.dispatchEvent(Ljavafx/event/Event;Ljavafx/event/EventDispatchChain;)Ljavafx/event/Event; (44 bytes) @ 0x0000000002842e3c [0x0000000002842b00+0x33c]
J 2377 C2 com.sun.javafx.event.EventDispatchChainImpl.dispatchEvent(Ljavafx/event/Event;)Ljavafx/event/Event; (101 bytes) @ 0x0000000002b8bfd8 [0x0000000002b8bf20+0xb8]
J 1114 C1 com.sun.javafx.event.BasicEventDispatcher.dispatchEvent(Ljavafx/event/Event;Ljavafx/event/EventDispatchChain;)Ljavafx/event/Event; (44 bytes) @ 0x0000000002842d54 [0x0000000002842b00+0x254]
J 2377 C2 com.sun.javafx.event.EventDispatchChainImpl.dispatchEvent(Ljavafx/event/Event;)Ljavafx/event/Event; (101 bytes) @ 0x0000000002b8bfd8 [0x0000000002b8bf20+0xb8]
J 1114 C1 com.sun.javafx.event.BasicEventDispatcher.dispatchEvent(Ljavafx/event/Event;Ljavafx/event/EventDispatchChain;)Ljavafx/event/Event; (44 bytes) @ 0x0000000002842d54 [0x0000000002842b00+0x254]
J 2377 C2 com.sun.javafx.event.EventDispatchChainImpl.dispatchEvent(Ljavafx/event/Event;)Ljavafx/event/Event; (101 bytes) @ 0x0000000002b8bfd8 [0x0000000002b8bf20+0xb8]
J 1473 C1 com.sun.javafx.event.EventUtil.fireEvent(Ljavafx/event/EventTarget;Ljavafx/event/Event;)Ljavafx/event/Event; (81 bytes) @ 0x0000000002918bbc [0x0000000002918480+0x73c]
J 1489 C1 javafx.scene.Scene$MouseHandler.process(Ljavafx/scene/input/MouseEvent;Z)V (735 bytes) @ 0x000000000292aa44 [0x0000000002927f60+0x2ae4]
J 1677 C1 javafx.scene.Scene$ScenePeerListener.mouseEvent(Ljavafx/event/EventType;DDDDLjavafx/scene/input/MouseButton;ZZZZZZZZZ)V (50 bytes) @ 0x00000000029a7fac [0x00000000029a7ce0+0x2cc]
J 1671 C1 com.sun.javafx.tk.quantum.GlassViewEventHandler$MouseEventNotification.run()Ljava/lang/Void; (529 bytes) @ 0x00000000029a582c [0x00000000029a4ae0+0xd4c]
J 1670 C1 com.sun.javafx.tk.quantum.GlassViewEventHandler$MouseEventNotification.run()Ljava/lang/Object; (5 bytes) @ 0x00000000029a468c [0x00000000029a4600+0x8c]
v  ~StubRoutines::call_stub
J 1155  java.security.AccessController.doPrivileged(Ljava/security/PrivilegedAction;Ljava/security/AccessControlContext;)Ljava/lang/Object; (0 bytes) @ 0x00000000028530a6 [0x0000000002853040+0x66]
J 1497 C1 com.sun.javafx.tk.quantum.GlassViewEventHandler$$Lambda$136.get()Ljava/lang/Object; (8 bytes) @ 0x000000000293074c [0x0000000002930560+0x1ec]
J 1269 C1 com.sun.javafx.tk.quantum.QuantumToolkit.runWithoutRenderLock(Ljava/util/function/Supplier;)Ljava/lang/Object; (49 bytes) @ 0x0000000002899c9c [0x0000000002899760+0x53c]
J 1494 C1 com.sun.javafx.tk.quantum.GlassViewEventHandler.handleMouseEvent(Lcom/sun/glass/ui/View;JIIIIIIIZZ)V (108 bytes) @ 0x000000000292f5dc [0x000000000292f1c0+0x41c]
J 1290 C1 com.sun.glass.ui.View.notifyMouse(IIIIIIIZZ)V (221 bytes) @ 0x00000000028ac594 [0x00000000028ab4a0+0x10f4]
v  ~StubRoutines::call_stub
j  com.sun.glass.ui.win.WinApplication._runLoop(Ljava/lang/Runnable;)V+0
j  com.sun.glass.ui.win.WinApplication.lambda$null$148(ILjava/lang/Runnable;)V+8
j  com.sun.glass.ui.win.WinApplication$$Lambda$38.run()V+12
j  java.lang.Thread.run()V+11
v  ~StubRoutines::call_stub

---------------  P R O C E S S  ---------------

Java Threads: ( => current thread )
  0x000000002835d800 JavaThread "Prism Font Disposer" daemon [_thread_blocked, id=6200, stack(0x0000000030630000,0x0000000030730000)]
  0x0000000028309000 JavaThread "Thread-3" daemon [_thread_in_native, id=8872, stack(0x000000002d4a0000,0x000000002d5a0000)]
  0x0000000028296800 JavaThread "JavaFX-Launcher" [_thread_blocked, id=1032, stack(0x000000002d5a0000,0x000000002d6a0000)]
=>0x0000000028222000 JavaThread "JavaFX Application Thread" [_thread_in_vm, id=7772, stack(0x0000000029160000,0x0000000029260000)]
  0x0000000028221000 JavaThread "Thread-1" daemon [_thread_blocked, id=8792, stack(0x0000000029060000,0x0000000029160000)]
  0x000000002822c000 JavaThread "QuantumRenderer-0" daemon [_thread_blocked, id=4132, stack(0x00000000289f0000,0x0000000028af0000)]
  0x00000000274c0800 JavaThread "Service Thread" daemon [_thread_blocked, id=4400, stack(0x0000000027ff0000,0x00000000280f0000)]
  0x0000000027439000 JavaThread "C1 CompilerThread3" daemon [_thread_blocked, id=5664, stack(0x0000000027ef0000,0x0000000027ff0000)]
  0x000000002742e000 JavaThread "C2 CompilerThread2" daemon [_thread_blocked, id=5336, stack(0x0000000027df0000,0x0000000027ef0000)]
  0x000000002742a800 JavaThread "C2 CompilerThread1" daemon [_thread_blocked, id=4856, stack(0x0000000027cf0000,0x0000000027df0000)]
  0x0000000027428800 JavaThread "C2 CompilerThread0" daemon [_thread_blocked, id=10092, stack(0x0000000027bf0000,0x0000000027cf0000)]
  0x0000000027427000 JavaThread "Attach Listener" daemon [_thread_blocked, id=5740, stack(0x0000000027af0000,0x0000000027bf0000)]
  0x0000000027426000 JavaThread "Signal Dispatcher" daemon [_thread_blocked, id=5004, stack(0x00000000279f0000,0x0000000027af0000)]
  0x0000000002469000 JavaThread "Finalizer" daemon [_thread_blocked, id=9008, stack(0x0000000027800000,0x0000000027900000)]
  0x0000000002466000 JavaThread "Reference Handler" daemon [_thread_blocked, id=5360, stack(0x0000000027300000,0x0000000027400000)]
  0x0000000002370800 JavaThread "main" [_thread_blocked, id=8328, stack(0x0000000002270000,0x0000000002370000)]

Other Threads:
  0x0000000025519000 VMThread [stack: 0x0000000027200000,0x0000000027300000] [id=8708]
  0x00000000274ec800 WatcherThread [stack: 0x00000000280f0000,0x00000000281f0000] [id=5396]

VM state:not at safepoint (normal execution)

VM Mutex/Monitor currently owned by a thread: None

Heap:
 PSYoungGen      total 153088K, used 55873K [0x0000000715900000, 0x0000000720380000, 0x00000007c0000000)
  eden space 131584K, 42% used [0x0000000715900000,0x0000000718f90748,0x000000071d980000)
  from space 21504K, 0% used [0x000000071ee80000,0x000000071ee80000,0x0000000720380000)
  to   space 21504K, 0% used [0x000000071d980000,0x000000071d980000,0x000000071ee80000)
 ParOldGen       total 349696K, used 0K [0x00000005c0a00000, 0x00000005d5f80000, 0x0000000715900000)
  object space 349696K, 0% used [0x00000005c0a00000,0x00000005c0a00000,0x00000005d5f80000)
 Metaspace       used 18333K, capacity 19462K, committed 19584K, reserved 1067008K
  class space    used 2660K, capacity 2893K, committed 2944K, reserved 1048576K

Card table byte_map: [0x0000000011830000,0x0000000012830000] byte_map_base: 0x000000000ea2b000

Marking Bits: (ParMarkBitMap*) 0x0000000051b40600
 Begin Bits: [0x0000000013ae0000, 0x000000001bab8000)
 End Bits:   [0x000000001bab8000, 0x0000000023a90000)

Polling page: 0x0000000002120000

CodeCache: size=245760Kb used=7508Kb max_used=7513Kb free=238251Kb
 bounds [0x0000000002470000, 0x0000000002bd0000, 0x0000000011470000]
 total_blobs=3142 nmethods=2473 adapters=580
 compilation: enabled

Compilation events (10 events):
Event: 7.717 Thread 0x0000000027439000 2469       1       java.util.logging.LogManager$LoggerContext::getOwner (5 bytes)
Event: 7.717 Thread 0x0000000027439000 nmethod 2469 0x0000000002bc4ad0 code [0x0000000002bc4c20, 0x0000000002bc4d30]
Event: 7.719 Thread 0x0000000027439000 2470       3       java.util.regex.Pattern$Curly::match (86 bytes)
Event: 7.719 Thread 0x0000000027439000 nmethod 2470 0x0000000002bc9a90 code [0x0000000002bc9c40, 0x0000000002bca238]
Event: 7.719 Thread 0x0000000027439000 2471       3       java.util.regex.Pattern$Single::isSatisfiedBy (14 bytes)
Event: 7.719 Thread 0x0000000027439000 nmethod 2471 0x0000000002bc9710 code [0x0000000002bc9860, 0x0000000002bc9a10]
Event: 7.719 Thread 0x0000000027439000 2473       3       java.lang.CharacterDataLatin1::getPropertiesEx (11 bytes)
Event: 7.719 Thread 0x0000000027439000 nmethod 2473 0x0000000002bc9350 code [0x0000000002bc94a0, 0x0000000002bc9630]
Event: 7.719 Thread 0x0000000027439000 2472       1       java.util.Formatter$Flags::valueOf (5 bytes)
Event: 7.719 Thread 0x0000000027439000 nmethod 2472 0x0000000002bc4810 code [0x0000000002bc4960, 0x0000000002bc4a70]

GC Heap History (0 events):
No events

Deoptimization events (10 events):
Event: 3.653 Thread 0x0000000028222000 Uncommon trap: reason=array_check action=maybe_recompile pc=0x00000000029d0798 method=com.sun.javafx.css.SimpleSelector.applies(Ljavafx/css/Styleable;[Ljava/util/Set;I)Z @ 37
Event: 3.653 Thread 0x0000000028222000 Uncommon trap: reason=array_check action=maybe_recompile pc=0x00000000029d0798 method=com.sun.javafx.css.SimpleSelector.applies(Ljavafx/css/Styleable;[Ljava/util/Set;I)Z @ 37
Event: 3.669 Thread 0x0000000028222000 Uncommon trap: reason=null_check action=make_not_entrant pc=0x000000000295904c method=javafx.scene.Node$MiscProperties.getClip()Ljavafx/scene/Node; @ 20
Event: 3.672 Thread 0x000000002822c000 Uncommon trap: reason=unstable_if action=reinterpret pc=0x0000000002950a04 method=com.sun.javafx.geom.RectBounds.isEmpty()Z @ 21
Event: 4.353 Thread 0x0000000028222000 Uncommon trap: reason=unstable_if action=reinterpret pc=0x00000000028ed558 method=com.sun.javafx.css.BitSet.add(Ljava/lang/Object;)Z @ 91
Event: 5.020 Thread 0x0000000028222000 Uncommon trap: reason=unstable_if action=reinterpret pc=0x00000000029bc970 method=com.sun.javafx.css.SimpleSelector.applies(Ljavafx/css/Styleable;)Z @ 7
Event: 5.031 Thread 0x0000000028222000 Uncommon trap: reason=unstable_if action=reinterpret pc=0x00000000029b2ae0 method=com.sun.javafx.css.BitSet.addAll(Ljava/util/Collection;)Z @ 1
Event: 5.831 Thread 0x0000000028222000 Uncommon trap: reason=unstable_if action=reinterpret pc=0x0000000002ac8f3c method=com.sun.javafx.css.StyleManager$CacheContainer.getStyleMap(I)Lcom/sun/javafx/css/StyleMap; @ 22
Event: 5.831 Thread 0x0000000028222000 Uncommon trap: reason=unstable_if action=reinterpret pc=0x0000000002aaa824 method=com.sun.javafx.css.StyleManager$CacheContainer.getStyleMap(I)Lcom/sun/javafx/css/StyleMap; @ 22
Event: 5.853 Thread 0x0000000028222000 Uncommon trap: reason=unstable_if action=reinterpret pc=0x0000000002a8c2fc method=jdk.internal.org.objectweb.asm.Item.isEqualTo(Ljdk/internal/org/objectweb/asm/Item;)Z @ 331

Internal exceptions (10 events):
Event: 0.070 Thread 0x0000000002370800 Exception <a 'java/lang/NoSuchFieldError': method resolution failed> (0x0000000715a9c548) thrown at [D:\re\workspace\8-2-build-windows-amd64-cygwin\jdk8u77\6540\hotspot\src\share\vm\prims\methodHandles.cpp, line 1146]
Event: 0.080 Thread 0x0000000002370800 Exception <a 'java/security/PrivilegedActionException'> (0x0000000715b27458) thrown at [D:\re\workspace\8-2-build-windows-amd64-cygwin\jdk8u77\6540\hotspot\src\share\vm\prims\jvm.cpp, line 1386]
Event: 0.080 Thread 0x0000000002370800 Exception <a 'java/security/PrivilegedActionException'> (0x0000000715b27668) thrown at [D:\re\workspace\8-2-build-windows-amd64-cygwin\jdk8u77\6540\hotspot\src\share\vm\prims\jvm.cpp, line 1386]
Event: 0.080 Thread 0x0000000002370800 Exception <a 'java/security/PrivilegedActionException'> (0x0000000715b2b4b0) thrown at [D:\re\workspace\8-2-build-windows-amd64-cygwin\jdk8u77\6540\hotspot\src\share\vm\prims\jvm.cpp, line 1386]
Event: 0.080 Thread 0x0000000002370800 Exception <a 'java/security/PrivilegedActionException'> (0x0000000715b2b6c0) thrown at [D:\re\workspace\8-2-build-windows-amd64-cygwin\jdk8u77\6540\hotspot\src\share\vm\prims\jvm.cpp, line 1386]
Event: 0.081 Thread 0x0000000002370800 Exception <a 'java/lang/NullPointerException'> (0x0000000715b2bc98) thrown at [D:\re\workspace\8-2-build-windows-amd64-cygwin\jdk8u77\6540\hotspot\src\share\vm\interpreter\linkResolver.cpp, line 1178]
Event: 0.306 Thread 0x0000000028222000 Exception <a 'java/lang/NullPointerException'> (0x0000000717148760) thrown at [D:\re\workspace\8-2-build-windows-amd64-cygwin\jdk8u77\6540\hotspot\src\share\vm\interpreter\linkResolver.cpp, line 1178]
Event: 0.306 Thread 0x0000000028222000 Exception <a 'java/lang/NullPointerException'> (0x0000000717148760) thrown at [D:\re\workspace\8-2-build-windows-amd64-cygwin\jdk8u77\6540\hotspot\src\share\vm\prims\jvm.cpp, line 1390]
Event: 3.669 Thread 0x0000000028222000 Implicit null exception at 0x0000000002959008 to 0x0000000002959042
Event: 5.031 Thread 0x0000000028222000 Implicit null exception at 0x00000000029b25b1 to 0x00000000029b2ac9

Events (10 events):
Event: 7.718 loading class java/util/IdentityHashMap$KeySet
Event: 7.718 loading class java/util/IdentityHashMap$KeySet done
Event: 7.719 loading class sun/util/logging/resources/logging_sv_SE
Event: 7.719 loading class sun/util/logging/resources/logging_sv_SE done
Event: 7.719 loading class java/util/Formatter$DateTime
Event: 7.719 loading class java/util/Formatter$DateTime done
Event: 7.727 loading class org/sqlite/ExtendedCommand
Event: 7.727 loading class org/sqlite/ExtendedCommand done
Event: 7.727 loading class org/sqlite/ExtendedCommand$SQLExtension
Event: 7.727 loading class org/sqlite/ExtendedCommand$SQLExtension done


Dynamic libraries:
0x00007ff62a240000 - 0x00007ff62a277000 	C:\Program Files\Java\jdk1.8.0_77\jre\bin\java.exe
0x00007ffbf9710000 - 0x00007ffbf98d1000 	C:\WINDOWS\SYSTEM32\ntdll.dll
0x00007ffbf95e0000 - 0x00007ffbf968d000 	C:\WINDOWS\system32\KERNEL32.DLL
0x00007ffbf68c0000 - 0x00007ffbf6aa8000 	C:\WINDOWS\system32\KERNELBASE.dll
0x00007ffbf8b40000 - 0x00007ffbf8be7000 	C:\WINDOWS\system32\ADVAPI32.dll
0x00007ffbf8e20000 - 0x00007ffbf8ebd000 	C:\WINDOWS\system32\msvcrt.dll
0x00007ffbf8c60000 - 0x00007ffbf8cbb000 	C:\WINDOWS\system32\sechost.dll
0x00007ffbf8ec0000 - 0x00007ffbf8fdc000 	C:\WINDOWS\system32\RPCRT4.dll
0x00007ffbf7050000 - 0x00007ffbf71a6000 	C:\WINDOWS\system32\USER32.dll
0x00007ffbf8fe0000 - 0x00007ffbf9166000 	C:\WINDOWS\system32\GDI32.dll
0x00007ffbf0160000 - 0x00007ffbf03d4000 	C:\WINDOWS\WinSxS\amd64_microsoft.windows.common-controls_6595b64144ccf1df_6.0.10586.0_none_8c15ae12515e1c22\COMCTL32.dll
0x00007ffbf9170000 - 0x00007ffbf93ed000 	C:\WINDOWS\system32\combase.dll
0x00007ffbf5dc0000 - 0x00007ffbf5e2a000 	C:\WINDOWS\system32\bcryptPrimitives.dll
0x00007ffbf8930000 - 0x00007ffbf896b000 	C:\WINDOWS\system32\IMM32.DLL
0x0000000051250000 - 0x0000000051322000 	C:\Program Files\Java\jdk1.8.0_77\jre\bin\msvcr100.dll
0x0000000051330000 - 0x0000000051bc0000 	C:\Program Files\Java\jdk1.8.0_77\jre\bin\server\jvm.dll
0x00007ffbf9700000 - 0x00007ffbf9708000 	C:\WINDOWS\system32\PSAPI.DLL
0x00007ffbef4b0000 - 0x00007ffbef4b9000 	C:\WINDOWS\SYSTEM32\WSOCK32.dll
0x00007ffbf3fb0000 - 0x00007ffbf3fd3000 	C:\WINDOWS\SYSTEM32\WINMM.dll
0x00007ffbf2bc0000 - 0x00007ffbf2bca000 	C:\WINDOWS\SYSTEM32\VERSION.dll
0x00007ffbf9690000 - 0x00007ffbf96fb000 	C:\WINDOWS\system32\WS2_32.dll
0x00007ffbf3f50000 - 0x00007ffbf3f7c000 	C:\WINDOWS\SYSTEM32\WINMMBASE.dll
0x00007ffbf6850000 - 0x00007ffbf6893000 	C:\WINDOWS\system32\cfgmgr32.dll
0x0000000051200000 - 0x000000005120f000 	C:\Program Files\Java\jdk1.8.0_77\jre\bin\verify.dll
0x00000000511d0000 - 0x00000000511f9000 	C:\Program Files\Java\jdk1.8.0_77\jre\bin\java.dll
0x00000000511b0000 - 0x00000000511c6000 	C:\Program Files\Java\jdk1.8.0_77\jre\bin\zip.dll
0x00007ffbf7210000 - 0x00007ffbf876c000 	C:\WINDOWS\system32\SHELL32.dll
0x00007ffbf6200000 - 0x00007ffbf6845000 	C:\WINDOWS\system32\windows.storage.dll
0x00007ffbf9580000 - 0x00007ffbf95d2000 	C:\WINDOWS\system32\shlwapi.dll
0x00007ffbf5d90000 - 0x00007ffbf5d9f000 	C:\WINDOWS\system32\kernel.appcore.dll
0x00007ffbf6140000 - 0x00007ffbf61f5000 	C:\WINDOWS\system32\shcore.dll
0x00007ffbf5d40000 - 0x00007ffbf5d8b000 	C:\WINDOWS\system32\powrprof.dll
0x00007ffbf5da0000 - 0x00007ffbf5db4000 	C:\WINDOWS\system32\profapi.dll
0x00007ffbd72d0000 - 0x00007ffbd73bf000 	C:\Program Files\Java\jdk1.8.0_77\jre\bin\msvcr120.dll
0x00007ffbec820000 - 0x00007ffbec8c6000 	C:\Program Files\Java\jdk1.8.0_77\jre\bin\msvcp120.dll
0x0000000050e80000 - 0x0000000050ea3000 	C:\Program Files\Java\jdk1.8.0_77\jre\bin\prism_d3d.dll
0x00007ffbdd3f0000 - 0x00007ffbdd600000 	C:\WINDOWS\system32\d3d9.dll
0x00007ffbf3c90000 - 0x00007ffbf3cb2000 	C:\WINDOWS\SYSTEM32\dwmapi.dll
0x00007ffbf46b0000 - 0x00007ffbf4746000 	C:\WINDOWS\system32\uxtheme.dll
0x00007ffbd2030000 - 0x00007ffbd2f6f000 	C:\WINDOWS\SYSTEM32\nvd3dumx.dll
0x00007ffbeb7c0000 - 0x00007ffbeb98c000 	C:\WINDOWS\system32\nvspcap64.dll
0x00007ffbf8cd0000 - 0x00007ffbf8e13000 	C:\WINDOWS\system32\ole32.dll
0x00007ffbf93f0000 - 0x00007ffbf94b1000 	C:\WINDOWS\system32\OLEAUT32.dll
0x00007ffbf6b10000 - 0x00007ffbf6f39000 	C:\WINDOWS\system32\SETUPAPI.dll
0x00007ffbedc60000 - 0x00007ffbedd28000 	C:\WINDOWS\SYSTEM32\WINHTTP.dll
0x00007ffbef4f0000 - 0x00007ffbef84b000 	C:\WINDOWS\system32\nvapi64.dll
0x00007ffbf5a40000 - 0x00007ffbf5a6d000 	C:\WINDOWS\SYSTEM32\SspiCli.dll
0x0000000050e30000 - 0x0000000050e73000 	C:\Program Files\Java\jdk1.8.0_77\jre\bin\glass.dll
0x00007ffbf6f40000 - 0x00007ffbf704b000 	C:\WINDOWS\system32\COMDLG32.dll
0x00007ffbf5e30000 - 0x00007ffbf5eb6000 	C:\WINDOWS\system32\FirewallAPI.dll
0x00007ffbf68a0000 - 0x00007ffbf68b7000 	C:\WINDOWS\system32\NETAPI32.dll
0x00007ffbf4040000 - 0x00007ffbf404c000 	C:\WINDOWS\SYSTEM32\DAVHLPR.DLL
0x00007ffbf4ab0000 - 0x00007ffbf4ae2000 	C:\WINDOWS\SYSTEM32\fwbase.dll
0x00007ffbf8770000 - 0x00007ffbf88ca000 	C:\WINDOWS\system32\MSCTF.dll
0x00007ffbf5710000 - 0x00007ffbf5727000 	C:\WINDOWS\SYSTEM32\CRYPTSP.dll
0x00007ffbf53a0000 - 0x00007ffbf53d4000 	C:\WINDOWS\system32\rsaenh.dll
0x00007ffbf5930000 - 0x00007ffbf5959000 	C:\WINDOWS\SYSTEM32\bcrypt.dll
0x00007ffbf54f0000 - 0x00007ffbf550f000 	C:\WINDOWS\SYSTEM32\USERENV.dll
0x00007ffbf5830000 - 0x00007ffbf583b000 	C:\WINDOWS\SYSTEM32\CRYPTBASE.dll
0x0000000051190000 - 0x00000000511aa000 	C:\Program Files\Java\jdk1.8.0_77\jre\bin\net.dll
0x00007ffbf5660000 - 0x00007ffbf56bc000 	C:\WINDOWS\system32\mswsock.dll
0x00007ffbf2b80000 - 0x00007ffbf2bb8000 	C:\WINDOWS\SYSTEM32\IPHLPAPI.DLL
0x00007ffbf8cc0000 - 0x00007ffbf8cc8000 	C:\WINDOWS\system32\NSI.dll
0x00007ffbf0940000 - 0x00007ffbf0956000 	C:\WINDOWS\SYSTEM32\dhcpcsvc6.DLL
0x00007ffbf2680000 - 0x00007ffbf269a000 	C:\WINDOWS\SYSTEM32\dhcpcsvc.DLL
0x0000000051170000 - 0x0000000051181000 	C:\Program Files\Java\jdk1.8.0_77\jre\bin\nio.dll
0x000000006d580000 - 0x000000006d63d000 	C:\Users\Jesper\AppData\Local\Temp\sqlite-3.8.11.2-1867139f-b6e8-4ab6-8368-b1b23b139f08-sqlitejdbc.dll
0x0000000050e10000 - 0x0000000050e24000 	C:\Program Files\Java\jdk1.8.0_77\jre\bin\javafx_font.dll
0x00007ffbecc70000 - 0x00007ffbeced0000 	C:\WINDOWS\SYSTEM32\dwrite.dll
0x00007ffbf94c0000 - 0x00007ffbf9567000 	C:\WINDOWS\system32\clbcatq.dll
0x00007ffbf3310000 - 0x00007ffbf34c1000 	C:\WINDOWS\SYSTEM32\WindowsCodecs.dll
0x00007ffbeb220000 - 0x00007ffbeb26a000 	C:\WINDOWS\system32\dataexchange.dll
0x00007ffbf3800000 - 0x00007ffbf3aa8000 	C:\WINDOWS\system32\d3d11.dll
0x00007ffbf4130000 - 0x00007ffbf4213000 	C:\WINDOWS\system32\dcomp.dll
0x00007ffbf3750000 - 0x00007ffbf37f3000 	C:\WINDOWS\system32\dxgi.dll
0x00007ffbf4850000 - 0x00007ffbf4950000 	C:\WINDOWS\system32\twinapi.appcore.dll
0x00007ffbed4b0000 - 0x00007ffbed4e4000 	C:\Program Files\Common Files\Microsoft Shared\Ink\rtscom.dll
0x0000000050df0000 - 0x0000000050e01000 	C:\Program Files\Java\jdk1.8.0_77\jre\bin\prism_common.dll
0x00007ffbe7070000 - 0x00007ffbe71fc000 	C:\WINDOWS\SYSTEM32\dbghelp.dll

VM Arguments:
jvm_args: -Dfile.encoding=UTF-8 
java_command: C:\Users\Jesper\Documents\NetBeansProjects\Delta-projekt\dist\run319131279\Delta-projekt.jar
java_class_path (initial): C:\Users\Jesper\Documents\NetBeansProjects\Delta-projekt\dist\run319131279\Delta-projekt.jar
Launcher Type: SUN_STANDARD

Environment Variables:
PATH=C:\Program Files (x86)\NZXT\CAM\FPS\;C:\ProgramData\Oracle\Java\javapath;C:\Program Files (x86)\Intel\iCLS Client\;C:\Program Files\Intel\iCLS Client\;C:\WINDOWS\system32;C:\WINDOWS;C:\WINDOWS\System32\Wbem;C:\WINDOWS\System32\WindowsPowerShell\v1.0\;C:\Program Files (x86)\Intel\Intel(R) Management Engine Components\DAL;C:\Program Files\Intel\Intel(R) Management Engine Components\DAL;C:\Program Files (x86)\Intel\Intel(R) Management Engine Components\IPT;C:\Program Files\Intel\Intel(R) Management Engine Components\IPT;D:\Program\Skype\Phone\;C:\Program Files (x86)\NVIDIA Corporation\PhysX\Common;C:\WINDOWS\system32;C:\WINDOWS;C:\WINDOWS\System32\Wbem;C:\WINDOWS\System32\WindowsPowerShell\v1.0\;C:\Program Files\Java\jdk1.8.0_73\bin
USERNAME=Jesper
OS=Windows_NT
PROCESSOR_IDENTIFIER=Intel64 Family 6 Model 94 Stepping 3, GenuineIntel



---------------  S Y S T E M  ---------------

OS: Windows 10.0 , 64 bit Build 10586 (10.0.10586.0)

CPU:total 8 (4 cores per cpu, 2 threads per core) family 6 model 94 stepping 3, cmov, cx8, fxsr, mmx, sse, sse2, sse3, ssse3, sse4.1, sse4.2, popcnt, avx, avx2, aes, clmul, erms, rtm, 3dnowpref, lzcnt, ht, tsc, tscinvbit, bmi1, bmi2, adx

Memory: 4k page, physical 33512816k(29143228k free), swap 38493552k(32961160k free)

vm_info: Java HotSpot(TM) 64-Bit Server VM (25.77-b03) for windows-amd64 JRE (1.8.0_77-b03), built on Mar 20 2016 22:01:33 by "java_re" with MS VC++ 10.0 (VS2010)

time: Thu Apr 14 19:32:58 2016
elapsed time: 7 seconds (0d 0h 0m 7s)

