#
# A fatal error has been detected by the Java Runtime Environment:
#
#  EXCEPTION_ACCESS_VIOLATION (0xc0000005) at pc=0x0000000051473982, pid=2788, tid=4588
#
# JRE version: Java(TM) SE Runtime Environment (8.0_77-b03) (build 1.8.0_77-b03)
# Java VM: Java HotSpot(TM) 64-Bit Server VM (25.77-b03 mixed mode windows-amd64 compressed oops)
# Problematic frame:
# V  [jvm.dll+0x143982]
#
# Failed to write core dump. Minidumps are not enabled by default on client versions of Windows
#
# If you would like to submit a bug report, please visit:
#   http://bugreport.java.com/bugreport/crash.jsp
#

---------------  T H R E A D  ---------------

Current thread (0x000000002829c000):  JavaThread "JavaFX Application Thread" [_thread_in_vm, id=4588, stack(0x00000000291b0000,0x00000000292b0000)]

siginfo: ExceptionCode=0xc0000005, reading address 0x0000000000000000

Registers:
RAX=0x0000000000000000, RBX=0x000000002829c000, RCX=0x0000000000000c00, RDX=0x0000000000000000
RSP=0x00000000292ace40, RBP=0x0000000000000000, RSI=0x0000000000000000, RDI=0x0000000000000000
R8 =0x0000000000000000, R9 =0x0000000716ec94b0, R10=0x000000000000004e, R11=0x0000000051b322a8
R12=0x0000000000000000, R13=0x00000000251a2290, R14=0x00000000292acfe0, R15=0x000000002829c000
RIP=0x0000000051473982, EFLAGS=0x0000000000010202

Top of Stack: (sp=0x00000000292ace40)
0x00000000292ace40:   00000000292ace58 00000000292aceb8
0x00000000292ace50:   00000000024d7ced 0000000719cc5670
0x00000000292ace60:   000000002829c000 0000000000000000
0x00000000292ace70:   0000000719cc5670 00000000292ace78
0x00000000292ace80:   0000000025301f11 00000000292aced0
0x00000000292ace90:   0000000025310d60 0000000000000000
0x00000000292acea0:   0000000025301f40 000000002829c1f8
0x00000000292aceb0:   0000000000a9cd08 000000006d5820f0
0x00000000292acec0:   00000000292acfe0 0000000000000000
0x00000000292aced0:   0000000719cc5670 000000002829c1f8
0x00000000292acee0:   000000002520f652 00000000292acf30
0x00000000292acef0:   0000000025311048 00000000251a27f8
0x00000000292acf00:   0000000050200021 00000000251a2298
0x00000000292acf10:   0000000050200021 00000000024d7730
0x00000000292acf20:   00000000292acfb8 00000000024e6937
0x00000000292acf30:   0000000000000000 00000000024e6e63 

Instructions: (pc=0x0000000051473982)
0x0000000051473962:   89 5c 24 20 48 89 74 24 28 48 39 73 08 74 0a 48
0x0000000051473972:   8d 4c 24 20 e8 c5 5b 13 00 40 38 35 3e d9 6b 00
0x0000000051473982:   48 8b 3f 48 63 05 40 53 6a 00 74 1b 8b 0c 38 85
0x0000000051473992:   c9 74 7c 8b c1 8b 0d e3 2d 65 00 48 d3 e0 48 03 


Register to memory mapping:

RAX=0x0000000000000000 is an unknown value
RBX=0x000000002829c000 is a thread
RCX=0x0000000000000c00 is an unknown value
RDX=0x0000000000000000 is an unknown value
RSP=0x00000000292ace40 is pointing into the stack for thread: 0x000000002829c000
RBP=0x0000000000000000 is an unknown value
RSI=0x0000000000000000 is an unknown value
RDI=0x0000000000000000 is an unknown value
R8 =0x0000000000000000 is an unknown value
R9 =0x0000000716ec94b0 is an oop
org.sqlite.core.NativeDB 
 - klass: 'org/sqlite/core/NativeDB'
R10=0x000000000000004e is an unknown value
R11=0x0000000051b322a8 is an unknown value
R12=0x0000000000000000 is an unknown value
R13=0x00000000251a2290 is pointing into metadata
R14=0x00000000292acfe0 is pointing into the stack for thread: 0x000000002829c000
R15=0x000000002829c000 is a thread


Stack: [0x00000000291b0000,0x00000000292b0000],  sp=0x00000000292ace40,  free space=1011k
Native frames: (J=compiled Java code, j=interpreted, Vv=VM code, C=native code)

Java frames: (J=compiled Java code, j=interpreted, Vv=VM code)
j  org.sqlite.core.NativeDB._exec(Ljava/lang/String;)I+0
j  org.sqlite.jdbc3.JDBC3Statement.executeUpdate(Ljava/lang/String;)I+46
j  delta.projekt.DBUtils.executeUpdate(Ljava/lang/String;)I+20
j  delta.projekt.Database.updateShip(Ldelta/projekt/Ship;)V+191
j  delta.projekt.DeltaProjekt$12.handle(Ljavafx/event/ActionEvent;)V+77
j  delta.projekt.DeltaProjekt$12.handle(Ljavafx/event/Event;)V+5
J 2624 C2 com.sun.javafx.event.EventHandlerManager.dispatchBubblingEvent(Ljavafx/event/Event;)Ljavafx/event/Event; (23 bytes) @ 0x0000000002ca3dd4 [0x0000000002ca3240+0xb94]
J 3033 C2 com.sun.javafx.event.CompositeEventDispatcher.dispatchBubblingEvent(Ljavafx/event/Event;)Ljavafx/event/Event; (35 bytes) @ 0x0000000002de110c [0x0000000002de10a0+0x6c]
J 2619 C2 com.sun.javafx.event.BasicEventDispatcher.dispatchEvent(Ljavafx/event/Event;Ljavafx/event/EventDispatchChain;)Ljavafx/event/Event; (44 bytes) @ 0x0000000002c9a750 [0x0000000002c9a620+0x130]
J 2619 C2 com.sun.javafx.event.BasicEventDispatcher.dispatchEvent(Ljavafx/event/Event;Ljavafx/event/EventDispatchChain;)Ljavafx/event/Event; (44 bytes) @ 0x0000000002c9a70c [0x0000000002c9a620+0xec]
J 2619 C2 com.sun.javafx.event.BasicEventDispatcher.dispatchEvent(Ljavafx/event/Event;Ljavafx/event/EventDispatchChain;)Ljavafx/event/Event; (44 bytes) @ 0x0000000002c9a70c [0x0000000002c9a620+0xec]
J 1937 C2 com.sun.javafx.event.EventDispatchChainImpl.dispatchEvent(Ljavafx/event/Event;)Ljavafx/event/Event; (101 bytes) @ 0x0000000002aa0794 [0x0000000002aa06e0+0xb4]
J 1501 C1 com.sun.javafx.event.EventUtil.fireEvent(Ljavafx/event/EventTarget;Ljavafx/event/Event;)Ljavafx/event/Event; (81 bytes) @ 0x000000000297daec [0x000000000297cf00+0xbec]
J 1500 C1 javafx.event.Event.fireEvent(Ljavafx/event/EventTarget;Ljavafx/event/Event;)V (35 bytes) @ 0x000000000297c8ac [0x000000000297c7e0+0xcc]
j  javafx.scene.Node.fireEvent(Ljavafx/event/Event;)V+86
j  javafx.scene.control.Button.fire()V+15
j  com.sun.javafx.scene.control.behavior.ButtonBehavior.mouseReleased(Ljavafx/scene/input/MouseEvent;)V+23
J 3298 C1 com.sun.javafx.scene.control.skin.BehaviorSkinBase$1.handle(Ljavafx/scene/input/MouseEvent;)V (121 bytes) @ 0x0000000002ee8644 [0x0000000002ee8220+0x424]
J 3297 C1 com.sun.javafx.scene.control.skin.BehaviorSkinBase$1.handle(Ljavafx/event/Event;)V (9 bytes) @ 0x0000000002ee7e2c [0x0000000002ee7cc0+0x16c]
J 2624 C2 com.sun.javafx.event.EventHandlerManager.dispatchBubblingEvent(Ljavafx/event/Event;)Ljavafx/event/Event; (23 bytes) @ 0x0000000002ca35fc [0x0000000002ca3240+0x3bc]
J 3033 C2 com.sun.javafx.event.CompositeEventDispatcher.dispatchBubblingEvent(Ljavafx/event/Event;)Ljavafx/event/Event; (35 bytes) @ 0x0000000002de110c [0x0000000002de10a0+0x6c]
J 2619 C2 com.sun.javafx.event.BasicEventDispatcher.dispatchEvent(Ljavafx/event/Event;Ljavafx/event/EventDispatchChain;)Ljavafx/event/Event; (44 bytes) @ 0x0000000002c9a750 [0x0000000002c9a620+0x130]
J 2619 C2 com.sun.javafx.event.BasicEventDispatcher.dispatchEvent(Ljavafx/event/Event;Ljavafx/event/EventDispatchChain;)Ljavafx/event/Event; (44 bytes) @ 0x0000000002c9a70c [0x0000000002c9a620+0xec]
J 2619 C2 com.sun.javafx.event.BasicEventDispatcher.dispatchEvent(Ljavafx/event/Event;Ljavafx/event/EventDispatchChain;)Ljavafx/event/Event; (44 bytes) @ 0x0000000002c9a70c [0x0000000002c9a620+0xec]
J 1937 C2 com.sun.javafx.event.EventDispatchChainImpl.dispatchEvent(Ljavafx/event/Event;)Ljavafx/event/Event; (101 bytes) @ 0x0000000002aa0794 [0x0000000002aa06e0+0xb4]
J 1501 C1 com.sun.javafx.event.EventUtil.fireEvent(Ljavafx/event/EventTarget;Ljavafx/event/Event;)Ljavafx/event/Event; (81 bytes) @ 0x000000000297d63c [0x000000000297cf00+0x73c]
J 1518 C1 javafx.scene.Scene$MouseHandler.process(Ljavafx/scene/input/MouseEvent;Z)V (735 bytes) @ 0x000000000298e3fc [0x000000000298b980+0x2a7c]
J 1681 C1 javafx.scene.Scene$ScenePeerListener.mouseEvent(Ljavafx/event/EventType;DDDDLjavafx/scene/input/MouseButton;ZZZZZZZZZ)V (50 bytes) @ 0x00000000029efa2c [0x00000000029ef760+0x2cc]
J 1675 C1 com.sun.javafx.tk.quantum.GlassViewEventHandler$MouseEventNotification.run()Ljava/lang/Void; (529 bytes) @ 0x00000000029ee7ac [0x00000000029eda60+0xd4c]
J 1674 C1 com.sun.javafx.tk.quantum.GlassViewEventHandler$MouseEventNotification.run()Ljava/lang/Object; (5 bytes) @ 0x00000000029ebfcc [0x00000000029ebf40+0x8c]
v  ~StubRoutines::call_stub
J 1163  java.security.AccessController.doPrivileged(Ljava/security/PrivilegedAction;Ljava/security/AccessControlContext;)Ljava/lang/Object; (0 bytes) @ 0x00000000028c3426 [0x00000000028c33c0+0x66]
J 1524 C1 com.sun.javafx.tk.quantum.GlassViewEventHandler$$Lambda$136.get()Ljava/lang/Object; (8 bytes) @ 0x000000000299420c [0x0000000002994020+0x1ec]
J 1283 C1 com.sun.javafx.tk.quantum.QuantumToolkit.runWithoutRenderLock(Ljava/util/function/Supplier;)Ljava/lang/Object; (49 bytes) @ 0x00000000028fc2dc [0x00000000028fbda0+0x53c]
J 1521 C1 com.sun.javafx.tk.quantum.GlassViewEventHandler.handleMouseEvent(Lcom/sun/glass/ui/View;JIIIIIIIZZ)V (108 bytes) @ 0x000000000299309c [0x0000000002992c80+0x41c]
J 1307 C1 com.sun.glass.ui.View.notifyMouse(IIIIIIIZZ)V (221 bytes) @ 0x000000000290bad4 [0x000000000290a9e0+0x10f4]
v  ~StubRoutines::call_stub
j  com.sun.glass.ui.win.WinApplication._runLoop(Ljava/lang/Runnable;)V+0
j  com.sun.glass.ui.win.WinApplication.lambda$null$148(ILjava/lang/Runnable;)V+8
j  com.sun.glass.ui.win.WinApplication$$Lambda$38.run()V+12
j  java.lang.Thread.run()V+11
v  ~StubRoutines::call_stub

---------------  P R O C E S S  ---------------

Java Threads: ( => current thread )
  0x00000000285bf000 JavaThread "Prism Font Disposer" daemon [_thread_blocked, id=8576, stack(0x000000002f680000,0x000000002f780000)]
  0x0000000028382000 JavaThread "Thread-3" daemon [_thread_in_native, id=7188, stack(0x000000002d4c0000,0x000000002d5c0000)]
  0x00000000282a3800 JavaThread "JavaFX-Launcher" [_thread_blocked, id=3744, stack(0x000000002d5c0000,0x000000002d6c0000)]
=>0x000000002829c000 JavaThread "JavaFX Application Thread" [_thread_in_vm, id=4588, stack(0x00000000291b0000,0x00000000292b0000)]
  0x0000000028295000 JavaThread "Thread-1" daemon [_thread_blocked, id=4768, stack(0x00000000290b0000,0x00000000291b0000)]
  0x0000000028271000 JavaThread "QuantumRenderer-0" daemon [_thread_blocked, id=3144, stack(0x0000000028a40000,0x0000000028b40000)]
  0x0000000027514000 JavaThread "Service Thread" daemon [_thread_blocked, id=3760, stack(0x0000000028040000,0x0000000028140000)]
  0x0000000027485800 JavaThread "C1 CompilerThread3" daemon [_thread_blocked, id=860, stack(0x0000000027f40000,0x0000000028040000)]
  0x0000000027481800 JavaThread "C2 CompilerThread2" daemon [_thread_blocked, id=3848, stack(0x0000000027e40000,0x0000000027f40000)]
  0x000000002747c000 JavaThread "C2 CompilerThread1" daemon [_thread_blocked, id=9076, stack(0x0000000027d40000,0x0000000027e40000)]
  0x0000000027479800 JavaThread "C2 CompilerThread0" daemon [_thread_blocked, id=5544, stack(0x0000000027c40000,0x0000000027d40000)]
  0x0000000027478800 JavaThread "Attach Listener" daemon [_thread_blocked, id=6064, stack(0x0000000027b40000,0x0000000027c40000)]
  0x0000000027477000 JavaThread "Signal Dispatcher" daemon [_thread_blocked, id=5404, stack(0x0000000027a40000,0x0000000027b40000)]
  0x0000000027470800 JavaThread "Finalizer" daemon [_thread_blocked, id=6888, stack(0x0000000027850000,0x0000000027950000)]
  0x0000000002426800 JavaThread "Reference Handler" daemon [_thread_blocked, id=8448, stack(0x0000000027350000,0x0000000027450000)]
  0x0000000002330800 JavaThread "main" [_thread_blocked, id=7616, stack(0x00000000021f0000,0x00000000022f0000)]

Other Threads:
  0x0000000025579800 VMThread [stack: 0x0000000027250000,0x0000000027350000] [id=6320]
  0x0000000027540000 WatcherThread [stack: 0x0000000028140000,0x0000000028240000] [id=8912]

VM state:not at safepoint (normal execution)

VM Mutex/Monitor currently owned by a thread: None

Heap:
 PSYoungGen      total 153088K, used 71663K [0x0000000715900000, 0x0000000720380000, 0x00000007c0000000)
  eden space 131584K, 54% used [0x0000000715900000,0x0000000719efbf30,0x000000071d980000)
  from space 21504K, 0% used [0x000000071ee80000,0x000000071ee80000,0x0000000720380000)
  to   space 21504K, 0% used [0x000000071d980000,0x000000071d980000,0x000000071ee80000)
 ParOldGen       total 349696K, used 0K [0x00000005c0a00000, 0x00000005d5f80000, 0x0000000715900000)
  object space 349696K, 0% used [0x00000005c0a00000,0x00000005c0a00000,0x00000005d5f80000)
 Metaspace       used 18864K, capacity 20054K, committed 20352K, reserved 1067008K
  class space    used 2664K, capacity 2893K, committed 2944K, reserved 1048576K

Card table byte_map: [0x0000000011890000,0x0000000012890000] byte_map_base: 0x000000000ea8b000

Marking Bits: (ParMarkBitMap*) 0x0000000051b40600
 Begin Bits: [0x0000000013b40000, 0x000000001bb18000)
 End Bits:   [0x000000001bb18000, 0x0000000023af0000)

Polling page: 0x0000000000a70000

CodeCache: size=245760Kb used=10362Kb max_used=10362Kb free=235397Kb
 bounds [0x00000000024d0000, 0x0000000002f00000, 0x00000000114d0000]
 total_blobs=3989 nmethods=3320 adapters=580
 compilation: enabled

Compilation events (10 events):
Event: 25.170 Thread 0x0000000027485800 3317       3       java.util.Locale::getDefault (4 bytes)
Event: 25.170 Thread 0x0000000027485800 nmethod 3317 0x0000000002ef2350 code [0x0000000002ef24a0, 0x0000000002ef25f0]
Event: 25.170 Thread 0x0000000027485800 3316       1       java.util.logging.LogManager$LoggerContext::getOwner (5 bytes)
Event: 25.170 Thread 0x0000000027485800 nmethod 3316 0x0000000002ef2650 code [0x0000000002ef27a0, 0x0000000002ef28b0]
Event: 25.171 Thread 0x0000000027485800 3318       3       java.util.regex.Pattern$Curly::match (86 bytes)
Event: 25.172 Thread 0x0000000027485800 nmethod 3318 0x0000000002ef2910 code [0x0000000002ef2ac0, 0x0000000002ef30b8]
Event: 25.172 Thread 0x0000000027485800 3319       3       java.util.regex.Pattern$Single::isSatisfiedBy (14 bytes)
Event: 25.172 Thread 0x0000000027485800 nmethod 3319 0x0000000002ef3250 code [0x0000000002ef33a0, 0x0000000002ef3550]
Event: 25.172 Thread 0x0000000027485800 3320       1       java.util.Formatter$Flags::valueOf (5 bytes)
Event: 25.172 Thread 0x0000000027485800 nmethod 3320 0x0000000002ef35d0 code [0x0000000002ef3720, 0x0000000002ef3830]

GC Heap History (0 events):
No events

Deoptimization events (10 events):
Event: 7.309 Thread 0x000000002829c000 Uncommon trap: reason=array_check action=maybe_recompile pc=0x0000000002bb0750 method=com.sun.javafx.css.CompoundSelector.applies(Ljavafx/css/Styleable;[Ljava/util/Set;I)Z @ 128
Event: 7.309 Thread 0x000000002829c000 Uncommon trap: reason=array_check action=maybe_recompile pc=0x0000000002bb0750 method=com.sun.javafx.css.CompoundSelector.applies(Ljavafx/css/Styleable;[Ljava/util/Set;I)Z @ 128
Event: 7.309 Thread 0x000000002829c000 Uncommon trap: reason=array_check action=maybe_recompile pc=0x0000000002bb0750 method=com.sun.javafx.css.CompoundSelector.applies(Ljavafx/css/Styleable;[Ljava/util/Set;I)Z @ 128
Event: 7.309 Thread 0x000000002829c000 Uncommon trap: reason=array_check action=maybe_recompile pc=0x0000000002bb0750 method=com.sun.javafx.css.CompoundSelector.applies(Ljavafx/css/Styleable;[Ljava/util/Set;I)Z @ 128
Event: 7.323 Thread 0x000000002829c000 Uncommon trap: reason=unstable_if action=reinterpret pc=0x0000000002ae343c method=jdk.internal.org.objectweb.asm.Item.isEqualTo(Ljdk/internal/org/objectweb/asm/Item;)Z @ 331
Event: 13.020 Thread 0x000000002829c000 Uncommon trap: reason=null_check action=make_not_entrant pc=0x0000000002a68014 method=javafx.scene.Node$MiscProperties.getEffect()Ljavafx/scene/effect/Effect; @ 20
Event: 13.021 Thread 0x000000002829c000 Uncommon trap: reason=null_check action=make_not_entrant pc=0x0000000002bc148c method=javafx.scene.Node$MiscProperties.getEffect()Ljavafx/scene/effect/Effect; @ 20
Event: 17.235 Thread 0x0000000028271000 Uncommon trap: reason=unstable_if action=reinterpret pc=0x0000000002c2e90c method=java.lang.Math.round(F)I @ 36
Event: 21.489 Thread 0x000000002829c000 Uncommon trap: reason=unstable_if action=reinterpret pc=0x0000000002cf95d0 method=javafx.scene.CssStyleHelper.transitionToState(Ljavafx/scene/Node;)V @ 513
Event: 23.798 Thread 0x000000002829c000 Uncommon trap: reason=unstable_if action=reinterpret pc=0x0000000002b2f790 method=com.sun.javafx.css.StyleManager$CacheContainer.getStyleMap(I)Lcom/sun/javafx/css/StyleMap; @ 22

Internal exceptions (10 events):
Event: 0.083 Thread 0x0000000002330800 Exception <a 'java/security/PrivilegedActionException'> (0x0000000715b276c8) thrown at [D:\re\workspace\8-2-build-windows-amd64-cygwin\jdk8u77\6540\hotspot\src\share\vm\prims\jvm.cpp, line 1386]
Event: 0.083 Thread 0x0000000002330800 Exception <a 'java/security/PrivilegedActionException'> (0x0000000715b2b510) thrown at [D:\re\workspace\8-2-build-windows-amd64-cygwin\jdk8u77\6540\hotspot\src\share\vm\prims\jvm.cpp, line 1386]
Event: 0.083 Thread 0x0000000002330800 Exception <a 'java/security/PrivilegedActionException'> (0x0000000715b2b720) thrown at [D:\re\workspace\8-2-build-windows-amd64-cygwin\jdk8u77\6540\hotspot\src\share\vm\prims\jvm.cpp, line 1386]
Event: 0.083 Thread 0x0000000002330800 Exception <a 'java/lang/NullPointerException'> (0x0000000715b2bcf8) thrown at [D:\re\workspace\8-2-build-windows-amd64-cygwin\jdk8u77\6540\hotspot\src\share\vm\interpreter\linkResolver.cpp, line 1178]
Event: 0.311 Thread 0x000000002829c000 Exception <a 'java/lang/NullPointerException'> (0x0000000717147ac0) thrown at [D:\re\workspace\8-2-build-windows-amd64-cygwin\jdk8u77\6540\hotspot\src\share\vm\interpreter\linkResolver.cpp, line 1178]
Event: 0.311 Thread 0x000000002829c000 Exception <a 'java/lang/NullPointerException'> (0x0000000717147ac0) thrown at [D:\re\workspace\8-2-build-windows-amd64-cygwin\jdk8u77\6540\hotspot\src\share\vm\prims\jvm.cpp, line 1390]
Event: 4.267 Thread 0x000000002829c000 Implicit null exception at 0x00000000029b2a88 to 0x00000000029b2ac2
Event: 6.266 Thread 0x000000002829c000 Implicit null exception at 0x0000000002a1daf1 to 0x0000000002a1e095
Event: 13.020 Thread 0x000000002829c000 Implicit null exception at 0x0000000002a679ac to 0x0000000002a68005
Event: 13.021 Thread 0x000000002829c000 Implicit null exception at 0x0000000002bc1448 to 0x0000000002bc1482

Events (10 events):
Event: 25.171 loading class java/lang/Throwable$WrappedPrintWriter
Event: 25.171 loading class java/lang/Throwable$PrintStreamOrWriter
Event: 25.171 loading class java/lang/Throwable$PrintStreamOrWriter done
Event: 25.171 loading class java/lang/Throwable$WrappedPrintWriter done
Event: 25.171 loading class java/util/IdentityHashMap$KeySet
Event: 25.171 loading class java/util/IdentityHashMap$KeySet done
Event: 25.171 loading class sun/util/logging/resources/logging_sv_SE
Event: 25.171 loading class sun/util/logging/resources/logging_sv_SE done
Event: 25.171 loading class java/util/Formatter$DateTime
Event: 25.171 loading class java/util/Formatter$DateTime done


Dynamic libraries:
0x00007ff62a240000 - 0x00007ff62a277000 	C:\Program Files\Java\jdk1.8.0_77\jre\bin\java.exe
0x00007ffbf9710000 - 0x00007ffbf98d1000 	C:\WINDOWS\SYSTEM32\ntdll.dll
0x00007ffbf95e0000 - 0x00007ffbf968d000 	C:\WINDOWS\system32\KERNEL32.DLL
0x00007ffbf68c0000 - 0x00007ffbf6aa8000 	C:\WINDOWS\system32\KERNELBASE.dll
0x00007ffbf8b40000 - 0x00007ffbf8be7000 	C:\WINDOWS\system32\ADVAPI32.dll
0x00007ffbf8e20000 - 0x00007ffbf8ebd000 	C:\WINDOWS\system32\msvcrt.dll
0x00007ffbf8c60000 - 0x00007ffbf8cbb000 	C:\WINDOWS\system32\sechost.dll
0x00007ffbf8ec0000 - 0x00007ffbf8fdc000 	C:\WINDOWS\system32\RPCRT4.dll
0x00007ffbf7050000 - 0x00007ffbf71a6000 	C:\WINDOWS\system32\USER32.dll
0x00007ffbf8fe0000 - 0x00007ffbf9166000 	C:\WINDOWS\system32\GDI32.dll
0x00007ffbf0160000 - 0x00007ffbf03d4000 	C:\WINDOWS\WinSxS\amd64_microsoft.windows.common-controls_6595b64144ccf1df_6.0.10586.0_none_8c15ae12515e1c22\COMCTL32.dll
0x00007ffbf9170000 - 0x00007ffbf93ed000 	C:\WINDOWS\system32\combase.dll
0x00007ffbf5dc0000 - 0x00007ffbf5e2a000 	C:\WINDOWS\system32\bcryptPrimitives.dll
0x00007ffbf8930000 - 0x00007ffbf896b000 	C:\WINDOWS\system32\IMM32.DLL
0x0000000051250000 - 0x0000000051322000 	C:\Program Files\Java\jdk1.8.0_77\jre\bin\msvcr100.dll
0x0000000051330000 - 0x0000000051bc0000 	C:\Program Files\Java\jdk1.8.0_77\jre\bin\server\jvm.dll
0x00007ffbf9700000 - 0x00007ffbf9708000 	C:\WINDOWS\system32\PSAPI.DLL
0x00007ffbf3fb0000 - 0x00007ffbf3fd3000 	C:\WINDOWS\SYSTEM32\WINMM.dll
0x00007ffbef4b0000 - 0x00007ffbef4b9000 	C:\WINDOWS\SYSTEM32\WSOCK32.dll
0x00007ffbf2bc0000 - 0x00007ffbf2bca000 	C:\WINDOWS\SYSTEM32\VERSION.dll
0x00007ffbf9690000 - 0x00007ffbf96fb000 	C:\WINDOWS\system32\WS2_32.dll
0x00000000021c0000 - 0x00000000021ec000 	C:\WINDOWS\SYSTEM32\WINMMBASE.dll
0x00007ffbf6850000 - 0x00007ffbf6893000 	C:\WINDOWS\system32\cfgmgr32.dll
0x0000000051200000 - 0x000000005120f000 	C:\Program Files\Java\jdk1.8.0_77\jre\bin\verify.dll
0x00000000511d0000 - 0x00000000511f9000 	C:\Program Files\Java\jdk1.8.0_77\jre\bin\java.dll
0x00000000511b0000 - 0x00000000511c6000 	C:\Program Files\Java\jdk1.8.0_77\jre\bin\zip.dll
0x00007ffbf7210000 - 0x00007ffbf876c000 	C:\WINDOWS\system32\SHELL32.dll
0x00007ffbf6200000 - 0x00007ffbf6845000 	C:\WINDOWS\system32\windows.storage.dll
0x00007ffbf9580000 - 0x00007ffbf95d2000 	C:\WINDOWS\system32\shlwapi.dll
0x00007ffbf5d90000 - 0x00007ffbf5d9f000 	C:\WINDOWS\system32\kernel.appcore.dll
0x00007ffbf6140000 - 0x00007ffbf61f5000 	C:\WINDOWS\system32\shcore.dll
0x00007ffbf5d40000 - 0x00007ffbf5d8b000 	C:\WINDOWS\system32\powrprof.dll
0x00007ffbf5da0000 - 0x00007ffbf5db4000 	C:\WINDOWS\system32\profapi.dll
0x00007ffbd72d0000 - 0x00007ffbd73bf000 	C:\Program Files\Java\jdk1.8.0_77\jre\bin\msvcr120.dll
0x00007ffbec820000 - 0x00007ffbec8c6000 	C:\Program Files\Java\jdk1.8.0_77\jre\bin\msvcp120.dll
0x0000000050e80000 - 0x0000000050ea3000 	C:\Program Files\Java\jdk1.8.0_77\jre\bin\prism_d3d.dll
0x00007ffbdd3f0000 - 0x00007ffbdd600000 	C:\WINDOWS\system32\d3d9.dll
0x00007ffbf3c90000 - 0x00007ffbf3cb2000 	C:\WINDOWS\SYSTEM32\dwmapi.dll
0x00007ffbf46b0000 - 0x00007ffbf4746000 	C:\WINDOWS\system32\uxtheme.dll
0x00007ffbd2030000 - 0x00007ffbd2f6f000 	C:\WINDOWS\SYSTEM32\nvd3dumx.dll
0x00007ffbeb7c0000 - 0x00007ffbeb98c000 	C:\WINDOWS\system32\nvspcap64.dll
0x00007ffbf8cd0000 - 0x00007ffbf8e13000 	C:\WINDOWS\system32\ole32.dll
0x00007ffbf93f0000 - 0x00007ffbf94b1000 	C:\WINDOWS\system32\OLEAUT32.dll
0x00007ffbf6b10000 - 0x00007ffbf6f39000 	C:\WINDOWS\system32\SETUPAPI.dll
0x00007ffbedc60000 - 0x00007ffbedd28000 	C:\WINDOWS\SYSTEM32\WINHTTP.dll
0x00007ffbef4f0000 - 0x00007ffbef84b000 	C:\WINDOWS\system32\nvapi64.dll
0x00007ffbf5a40000 - 0x00007ffbf5a6d000 	C:\WINDOWS\SYSTEM32\SspiCli.dll
0x0000000050e30000 - 0x0000000050e73000 	C:\Program Files\Java\jdk1.8.0_77\jre\bin\glass.dll
0x00007ffbf6f40000 - 0x00007ffbf704b000 	C:\WINDOWS\system32\COMDLG32.dll
0x00007ffbf5e30000 - 0x00007ffbf5eb6000 	C:\WINDOWS\system32\FirewallAPI.dll
0x00007ffbf68a0000 - 0x00007ffbf68b7000 	C:\WINDOWS\system32\NETAPI32.dll
0x00007ffbf4040000 - 0x00007ffbf404c000 	C:\WINDOWS\SYSTEM32\DAVHLPR.DLL
0x00007ffbf4ab0000 - 0x00007ffbf4ae2000 	C:\WINDOWS\SYSTEM32\fwbase.dll
0x00007ffbf8770000 - 0x00007ffbf88ca000 	C:\WINDOWS\system32\MSCTF.dll
0x00007ffbf5710000 - 0x00007ffbf5727000 	C:\WINDOWS\SYSTEM32\CRYPTSP.dll
0x00007ffbf53a0000 - 0x00007ffbf53d4000 	C:\WINDOWS\system32\rsaenh.dll
0x00007ffbf5930000 - 0x00007ffbf5959000 	C:\WINDOWS\SYSTEM32\bcrypt.dll
0x00007ffbf54f0000 - 0x00007ffbf550f000 	C:\WINDOWS\SYSTEM32\USERENV.dll
0x00007ffbf5830000 - 0x00007ffbf583b000 	C:\WINDOWS\SYSTEM32\CRYPTBASE.dll
0x0000000051190000 - 0x00000000511aa000 	C:\Program Files\Java\jdk1.8.0_77\jre\bin\net.dll
0x00007ffbf5660000 - 0x00007ffbf56bc000 	C:\WINDOWS\system32\mswsock.dll
0x00007ffbf2b80000 - 0x00007ffbf2bb8000 	C:\WINDOWS\SYSTEM32\IPHLPAPI.DLL
0x00007ffbf8cc0000 - 0x00007ffbf8cc8000 	C:\WINDOWS\system32\NSI.dll
0x00007ffbf0940000 - 0x00007ffbf0956000 	C:\WINDOWS\SYSTEM32\dhcpcsvc6.DLL
0x00007ffbf2680000 - 0x00007ffbf269a000 	C:\WINDOWS\SYSTEM32\dhcpcsvc.DLL
0x0000000051170000 - 0x0000000051181000 	C:\Program Files\Java\jdk1.8.0_77\jre\bin\nio.dll
0x000000006d580000 - 0x000000006d63d000 	C:\Users\Jesper\AppData\Local\Temp\sqlite-3.8.11.2-7278e468-c553-4920-accd-f7fa6d4fa698-sqlitejdbc.dll
0x0000000050e10000 - 0x0000000050e24000 	C:\Program Files\Java\jdk1.8.0_77\jre\bin\javafx_font.dll
0x00007ffbecc70000 - 0x00007ffbeced0000 	C:\WINDOWS\SYSTEM32\dwrite.dll
0x00007ffbf94c0000 - 0x00007ffbf9567000 	C:\WINDOWS\system32\clbcatq.dll
0x00007ffbf3310000 - 0x00007ffbf34c1000 	C:\WINDOWS\SYSTEM32\WindowsCodecs.dll
0x00007ffbeb220000 - 0x00007ffbeb26a000 	C:\WINDOWS\system32\dataexchange.dll
0x00007ffbf3800000 - 0x00007ffbf3aa8000 	C:\WINDOWS\system32\d3d11.dll
0x00007ffbf4130000 - 0x00007ffbf4213000 	C:\WINDOWS\system32\dcomp.dll
0x00007ffbf3750000 - 0x00007ffbf37f3000 	C:\WINDOWS\system32\dxgi.dll
0x00007ffbf4850000 - 0x00007ffbf4950000 	C:\WINDOWS\system32\twinapi.appcore.dll
0x00007ffbed4b0000 - 0x00007ffbed4e4000 	C:\Program Files\Common Files\Microsoft Shared\Ink\rtscom.dll
0x0000000050df0000 - 0x0000000050e01000 	C:\Program Files\Java\jdk1.8.0_77\jre\bin\prism_common.dll
0x00007ffbe7070000 - 0x00007ffbe71fc000 	C:\WINDOWS\SYSTEM32\dbghelp.dll

VM Arguments:
jvm_args: -Dfile.encoding=UTF-8 
java_command: C:\Users\Jesper\Documents\NetBeansProjects\Delta-projekt\dist\run716319045\Delta-projekt.jar
java_class_path (initial): C:\Users\Jesper\Documents\NetBeansProjects\Delta-projekt\dist\run716319045\Delta-projekt.jar
Launcher Type: SUN_STANDARD

Environment Variables:
PATH=C:\Program Files (x86)\NZXT\CAM\FPS\;C:\ProgramData\Oracle\Java\javapath;C:\Program Files (x86)\Intel\iCLS Client\;C:\Program Files\Intel\iCLS Client\;C:\WINDOWS\system32;C:\WINDOWS;C:\WINDOWS\System32\Wbem;C:\WINDOWS\System32\WindowsPowerShell\v1.0\;C:\Program Files (x86)\Intel\Intel(R) Management Engine Components\DAL;C:\Program Files\Intel\Intel(R) Management Engine Components\DAL;C:\Program Files (x86)\Intel\Intel(R) Management Engine Components\IPT;C:\Program Files\Intel\Intel(R) Management Engine Components\IPT;D:\Program\Skype\Phone\;C:\Program Files (x86)\NVIDIA Corporation\PhysX\Common;C:\WINDOWS\system32;C:\WINDOWS;C:\WINDOWS\System32\Wbem;C:\WINDOWS\System32\WindowsPowerShell\v1.0\;C:\Program Files\Java\jdk1.8.0_73\bin
USERNAME=Jesper
OS=Windows_NT
PROCESSOR_IDENTIFIER=Intel64 Family 6 Model 94 Stepping 3, GenuineIntel



---------------  S Y S T E M  ---------------

OS: Windows 10.0 , 64 bit Build 10586 (10.0.10586.0)

CPU:total 8 (4 cores per cpu, 2 threads per core) family 6 model 94 stepping 3, cmov, cx8, fxsr, mmx, sse, sse2, sse3, ssse3, sse4.1, sse4.2, popcnt, avx, avx2, aes, clmul, erms, rtm, 3dnowpref, lzcnt, ht, tsc, tscinvbit, bmi1, bmi2, adx

Memory: 4k page, physical 33512816k(29129464k free), swap 38493552k(32956576k free)

vm_info: Java HotSpot(TM) 64-Bit Server VM (25.77-b03) for windows-amd64 JRE (1.8.0_77-b03), built on Mar 20 2016 22:01:33 by "java_re" with MS VC++ 10.0 (VS2010)

time: Thu Apr 14 19:31:48 2016
elapsed time: 25 seconds (0d 0h 0m 25s)

